文件：Clock_Run.c  编译器版本 HGASM 0202 页次1


   1  0000              ; Generated by holtek-gcc v3.19, Fri Jan 21 10:08:32 2022
   2  0000              ; 
   3  0000              ; Configuration:
   4  0000              ;       without long instruction
   5  0000              ;       Single ROM, Multi-RAM
   6  0000              ;       bits_per_rom_unit:16
   7  0000              ;       with mp1
   8  0000              ;       with tbhp, address(0x9)
   9  0000              ;          Use tabrd-const
  10  0000              ;       
  11  0000              ;       
  12  0000              ;       
  13  0000              ; use 'tabrdc' instead of 'tabrd'
  14  0000              ;       
  15  0000              
  16  0000              #pragma translator "holtek-gcc 4.6.4" "3.19" "build 20130711"
  17  0000              ; Rebuild 718
  18  0000              
  19  0000              ir equ [2]
  20  0000              mp equ [3]
  21  0000              sbp equ [1]
  22  0000              acc equ [5]
  23  0000              bp equ [4]
  24  0000              tblp equ [7]
  25  0000              tbhp equ [9]
  26  0000              status equ [10]
  27  0000              c equ [10].0
  28  0000              ac equ [10].1
  29  0000              z equ [10].2
  30  0000              ov equ [10].3
  31  0000              intc equ [11]
  32  0000              
  33  0000              extern ra:byte
  34  0000              extern rb:byte
  35  0000              extern rc:byte
  36  0000              extern rd:byte
  37  0000              extern re:byte
  38  0000              extern rf:byte
  39  0000              extern rg:byte
  40  0000              extern rh:byte
  41  0000              extern _Crom2Prom:near
  42  0000              extern _Crom2PromNext:near
  43  0000              
  44  0000              RAMBANK 0 @HCCINIT, @HCCINIT0
  45  0000              
  46  0000              RAMBANK 0 @BITDATASEC, @BITDATASEC1
  47  0000              @HCCINIT	.section 'data'
  48  0000              @HCCINIT0	.section 'data'
  49  0000              @BITDATASEC	 .section 'data'
  50  0000              @BITDATASEC1	 .section 'data'
  51  0000              
  52  0000              #pragma debug scope 1 1
  53  0000              	extern __DELAY3:near
  54  0000              	extern __DELAYX3:near
  55  0000              	extern __DELAYX6:near
  56  0000              	extern __DELAYY5:near
  57  0000              	extern __DELAYY3:near
  58  0000              	extern _builtin_holtek_delay_2:byte
  59  0000              public _rtc_init
文件：Clock_Run.ASM 编译器版本 HGASM 0202 页次2

  60  0000              #pragma debug scope 2 1

  13  0000              #line 13 "e:\ht66f018_f12\main\Clock_Run.c"
  13  0000              _rtc_init .section 'code'
  13  0000              _rtc_init proc
  14  0000              #line 14 "e:\ht66f018_f12\main\Clock_Run.c"
  14  0000  1F00     R  	clr _rtc_date[0]
  15  0001              #line 15 "e:\ht66f018_f12\main\Clock_Run.c"
  15  0001  1F00     R  	clr _rtc_date[1]
  16  0002              #line 16 "e:\ht66f018_f12\main\Clock_Run.c"
  16  0002  1F00     R  	clr _rtc_date[2]
  16  0003  0003        	ret
  16  0004              _rtc_init endp
  16  0004              #line 16 "e:\ht66f018_f12\main\Clock_Run.c"
  16  0004              #pragma debug scope 1 1
  16  0004              public _Clock_Run
  16  0004              #pragma debug scope 3 1
  20  0004              #line 20 "e:\ht66f018_f12\main\Clock_Run.c"
  20  0000              _Clock_Run .section 'code'
  20  0000              _Clock_Run proc
  22  0000              #line 22 "e:\ht66f018_f12\main\Clock_Run.c"
  22  0000  1480     R  	inc _rtc_date[2]
  23  0001              #line 23 "e:\ht66f018_f12\main\Clock_Run.c"
  23  0001  0F3B        	mov a,59
  23  0002  0200     R  	sub a,_rtc_date[2]
  23  0003  3C0A        	sz c
  23  0004  2800     R  	jmp _L2
  25  0005              #line 25 "e:\ht66f018_f12\main\Clock_Run.c"
  25  0005  1480     R  	inc _rtc_date[1]
  26  0006              #line 26 "e:\ht66f018_f12\main\Clock_Run.c"
  26  0006  1F00     R  	clr _rtc_date[2]
  28  0007              #line 28 "e:\ht66f018_f12\main\Clock_Run.c"
  28  0007  0F3B        	mov a,59
  28  0008  0200     R  	sub a,_rtc_date[1]
  28  0009  3C0A        	sz c
  28  000A  2800     R  	jmp _L2
  30  000B              #line 30 "e:\ht66f018_f12\main\Clock_Run.c"
  30  000B  1480     R  	inc _rtc_date[0]
  31  000C              #line 31 "e:\ht66f018_f12\main\Clock_Run.c"
  31  000C  1F00     R  	clr _rtc_date[1]
  32  000D              #line 32 "e:\ht66f018_f12\main\Clock_Run.c"
  32  000D  0F17        	mov a,23
  32  000E  0200     R  	sub a,_rtc_date[0]
  32  000F  3C0A        	sz c
  32  0010  2800     R  	jmp _L2
  34  0011              #line 34 "e:\ht66f018_f12\main\Clock_Run.c"
  34  0011  1F00     R  	clr _rtc_date[0]
  34  0012              _L2:
  34  0012  0003        	ret
  34  0013              _Clock_Run endp
  34  0013              #line 34 "e:\ht66f018_f12\main\Clock_Run.c"
  34  0013              #pragma debug scope 1 1
  34  0013              public _time_save
  34  0013              #pragma debug scope 4 1
  43  0013              #line 43 "e:\ht66f018_f12\main\Clock_Run.c"
  43  0000              _time_save .section 'code'
  43  0000              _time_save proc
  44  0000              #line 44 "e:\ht66f018_f12\main\Clock_Run.c"
  44  0000  0700     R  	mov a,_rtc_date[0]
  44  0001  0080     E  	mov ra,a
文件：Clock_Run.c  编译器版本 HGASM 0202 页次3

  44  0002  0F1F        	mov a,31
  44  0003  0080     E  	mov _EEPROM_Write_Byte_2[0],a
  44  0004  0700     E  	mov a,ra
  44  0005  2000     E  	call _EEPROM_Write_Byte
  45  0006              #line 45 "e:\ht66f018_f12\main\Clock_Run.c"
  45  0006  0700     R  	mov a,_rtc_date[1]
  45  0007  0080     E  	mov ra,a
  45  0008  0F20        	mov a,32
  45  0009  0080     E  	mov _EEPROM_Write_Byte_2[0],a
  45  000A  0700     E  	mov a,ra
  45  000B  2000     E  	call _EEPROM_Write_Byte
  45  000C  0003        	ret
  45  000D              _time_save endp
  45  000D              #line 45 "e:\ht66f018_f12\main\Clock_Run.c"
  45  000D              #pragma debug scope 1 1
  10  000D              #line 10 "e:\ht66f018_f12\main\Clock_Run.c"
  10  000D              public _rtc_date
  10  0000              @HCCINIT0 .section 'data'
  10  0000  0003[       _rtc_date	db 3 dup(0)
            00
            ]
  10  0003              #pragma debug struct_end
  10  0003              #pragma debug struct_end
  10  0003              #pragma debug variable 42 1 _rtc_date "rtc_date"
  10  0003              
  10  0000              @HCCINIT .section 'data'
  10  0000              extern _EEPROM_Write_Byte_2:byte
  10  0000              extern _EEPROM_Write_Byte:near
  10  0000              
  10  0000              ; 
  10  0000              ; Generated by holtek-gcc v3.19, Fri Jan 21 10:08:32 2022
  10  0000              ; Rebuild 718
  10  0000              ; end of file


        0 Errors, 0