C51 COMPILER V9.59.0.0   DELAY                                                             12/27/2021 18:41:59 PAGE 1   


C51 COMPILER V9.59.0.0, COMPILATION OF MODULE DELAY
OBJECT MODULE PLACED IN delay.OBJ
COMPILER INVOKED BY: D:\Keil_v5\C51\BIN\C51.EXE delay.c OPTIMIZE(8,SPEED) BROWSE DEBUG OBJECTEXTEND

line level    source

   1          /*********************************************************************
   2           *
   3           *                           delay.c
   4           *
   5           *********************************************************************
   6           * 描    述: 单片机延时函数集
   7           * 开发平台: KEIL C51
   8           * 公    司:                    
   9           * 网    址: 
  10           * 作者                       日期                      注释                    备注
  11           *~~~~~~~~~~~~~~~~~~~~~~~~~~~~~~~~~~~~~~~~~~~~~~~~~~~~~~~~~~~~~~~~~~~~
  12           * 飞云创意电子         14/01/10                原始文件
  13           * 飞云创意电子     16/09/05        V1.0            通过示波器调整程序，使STC15F2K60S2用下面两个程序能产生
             -较准确延时  
  14           
  15           ********************************************************************/
  16          
  17          #include<delay.h>
  18          
  19          
  20          /********************************************************************************************************
  21          *  函数: delayms(unsigned int z)                                                                                           
  22          *  输入参数: z
  23          *  输出参数: none                                  
  24          *  功能: zms延时函数
  25          ********************************************************************************************************/
  26          void delayms(unsigned int z)    //  z*1ms延时程序，11.0592MHz晶振
  27          {
  28   1              unsigned int x,y;
  29   1              for(x=z;x>0;x--)
  30   1                      for(y=800;y>0;y--);
  31   1      }
  32          
  33          /********************************************************************************************************
  34          *  函数: delayms(unsigned int z)                                                                                           
  35          *  输入参数: z
  36          *  输出参数: none                                  
  37          *  功能: zms延时函数
  38          ********************************************************************************************************/
  39          void delay_10us(unsigned int z)    //  z*10us延时程序，11.0592MHz晶振
  40          {
  41   1              unsigned int x,y;
  42   1              for(x=z;x>0;x--)
  43   1                      for(y=6;y>0;y--);
  44   1      }


MODULE INFORMATION:   STATIC OVERLAYABLE
   CODE SIZE        =     60    ----
   CONSTANT SIZE    =   ----    ----
   XDATA SIZE       =   ----    ----
   PDATA SIZE       =   ----    ----
   DATA SIZE        =   ----    ----
   IDATA SIZE       =   ----    ----
   BIT SIZE         =   ----    ----
C51 COMPILER V9.59.0.0   DELAY                                                             12/27/2021 18:41:59 PAGE 2   

END OF MODULE INFORMATION.


C51 COMPILATION COMPLETE.  0 WARNING(S),  0 ERROR(S)
