C51 COMPILER V9.59.0.0   MAIN                                                              12/27/2021 18:41:58 PAGE 1   


C51 COMPILER V9.59.0.0, COMPILATION OF MODULE MAIN
OBJECT MODULE PLACED IN main.OBJ
COMPILER INVOKED BY: D:\Keil_v5\C51\BIN\C51.EXE main.c OPTIMIZE(8,SPEED) BROWSE DEBUG OBJECTEXTEND

line level    source

   1          /*********************************************************************
   2           
   3           * 淘宝网址: https://shop472896494.taobao.com                    
   4           * 作    者：飞云创意电子
   5          
   6           ********************************************************************/
   7          #include <stc15series.h>
   8          #include <TM1638_drive.h>
   9          #include <delay.h>
  10          
  11          void sys_init()
  12          {
  13   1              unsigned char i;
  14   1              
  15   1              init_TM1638();                             //初始化TM1638
  16   1      
  17   1              for(i=0;i<8;i++)
  18   1                      Write_DATA(WeiL_tab[i],Num_tab[8]);                    //初始化寄存器
  19   1      
  20   1              Write_LED(0xff,0xff);   
  21   1      
  22   1              delayms(5000);
  23   1              
  24   1              Write_LED(0,0);
  25   1      
  26   1              for(i=0;i<8;i++)
  27   1                      Write_DATA(WeiL_tab[i],0x00);                  //初始化寄存器
  28   1      
  29   1              Write_DATA(WeiL_tab[6],Num_tab[0]);
  30   1              Write_DATA(WeiL_tab[7],Num_tab[0]);     
  31   1      
  32   1      }
  33          
  34          void main()
  35          {
  36   1              
  37   1              unsigned char key=0;
  38   1              
  39   1              sys_init();
  40   1      
  41   1              while(1)
  42   1              {
  43   2                      key=Read_Onekey();
  44   2                      
  45   2                      if(key>=1&&key<=64)
  46   2                      {       
  47   3                              Write_DATA(WeiL_tab[6],Num_tab[key/10]);
  48   3                              Write_DATA(WeiL_tab[7],Num_tab[key%10]);         
  49   3      
  50   3                              if(key==1)
  51   3                              {
  52   4                                      Write_LED(0x60,0x80);
  53   4                              }
  54   3                              else if(key==2)
  55   3                              {
C51 COMPILER V9.59.0.0   MAIN                                                              12/27/2021 18:41:58 PAGE 2   

  56   4                                      Write_LED(0xda,0x40);            
  57   4                              }
  58   3                              else if(key==3)
  59   3                              {
  60   4                                      Write_LED(0xf2,0x20);              
  61   4                              }
  62   3                              else if(key==9)
  63   3                              {
  64   4                                      Write_LED(0x66,0x10);             
  65   4                              }
  66   3                              else if(key==10)
  67   3                              {
  68   4                                      Write_LED(0xb6,0x08);             
  69   4                              }
  70   3                              else if(key==11)
  71   3                              {
  72   4                                      Write_LED(0xbe,0x04);             
  73   4                              }
  74   3                              else if(key==17)
  75   3                              {
  76   4                                      Write_LED(0xe0,0x02);            
  77   4                              }
  78   3                              else if(key==18)
  79   3                              {
  80   4                                      Write_LED(0xfe,0x01);                   
  81   4                              }
  82   3      
  83   3                              while(Read_Onekey()==key);                     //等待按键释放
  84   3                      }
  85   2                      
  86   2              }
  87   1      }


MODULE INFORMATION:   STATIC OVERLAYABLE
   CODE SIZE        =    302    ----
   CONSTANT SIZE    =   ----    ----
   XDATA SIZE       =   ----    ----
   PDATA SIZE       =   ----    ----
   DATA SIZE        =   ----       2
   IDATA SIZE       =   ----    ----
   BIT SIZE         =   ----    ----
END OF MODULE INFORMATION.


C51 COMPILATION COMPLETE.  0 WARNING(S),  0 ERROR(S)
