文件：EEPROM.c     编译器版本 HGASM 0202 页次1


   1  0000              ; Generated by holtek-gcc v3.19, Fri Jan 21 10:15:01 2022
   2  0000              ; 
   3  0000              ; Configuration:
   4  0000              ;       without long instruction
   5  0000              ;       Single ROM, Multi-RAM
   6  0000              ;       bits_per_rom_unit:16
   7  0000              ;       with mp1
   8  0000              ;       with tbhp, address(0x9)
   9  0000              ;          Use tabrd-const
  10  0000              ;       
  11  0000              ;       
  12  0000              ;       
  13  0000              ; use 'tabrdc' instead of 'tabrd'
  14  0000              ;       
  15  0000              
  16  0000              #pragma translator "holtek-gcc 4.6.4" "3.19" "build 20130711"
  17  0000              ; Rebuild 718
  18  0000              
  19  0000              ir equ [2]
  20  0000              mp equ [3]
  21  0000              sbp equ [1]
  22  0000              acc equ [5]
  23  0000              bp equ [4]
  24  0000              tblp equ [7]
  25  0000              tbhp equ [9]
  26  0000              status equ [10]
  27  0000              c equ [10].0
  28  0000              ac equ [10].1
  29  0000              z equ [10].2
  30  0000              ov equ [10].3
  31  0000              intc equ [11]
  32  0000              
  33  0000              extern ra:byte
  34  0000              extern rb:byte
  35  0000              extern rc:byte
  36  0000              extern rd:byte
  37  0000              extern re:byte
  38  0000              extern rf:byte
  39  0000              extern rg:byte
  40  0000              extern rh:byte
  41  0000              extern _Crom2Prom:near
  42  0000              extern _Crom2PromNext:near
  43  0000              
  44  0000              RAMBANK 0 @HCCINIT, @HCCINIT0
  45  0000              
  46  0000              RAMBANK 0 @BITDATASEC, @BITDATASEC1
  47  0000              @HCCINIT	.section 'data'
  48  0000              @HCCINIT0	.section 'data'
  49  0000              @BITDATASEC	 .section 'data'
  50  0000              @BITDATASEC1	 .section 'data'
  51  0000              
  52  0000              #pragma debug scope 1 1
  53  0000              	extern __DELAY3:near
  54  0000              	extern __DELAYX3:near
  55  0000              	extern __DELAYX6:near
  56  0000              	extern __DELAYY5:near
  57  0000              	extern __DELAYY3:near
  58  0000              	extern _builtin_holtek_delay_2:byte
  59  0000              ___intc0 equ [14]
文件：EEPROM.ASM   编译器版本 HGASM 0202 页次2

  60  0000              ___bp equ [4]
  61  0000              ___mp1 equ [3]
  62  0000              ___eea equ [30]
  63  0000              ___eed equ [31]
  64  0000              ___iar1 equ [2]
  65  0000              public _EEPROM_Write_Byte
  66  0000              #pragma debug scope 2 1

  16  0000              #line 16 "E:\HT66F018_F12\record_new\EEPROM.c"
  16  0000              _EEPROM_Write_Byte .section 'code'
  16  0000              _EEPROM_Write_Byte proc
  16  0000              public _EEPROM_Write_Byte_2
  16  0000  0002[           local _EEPROM_Write_Byte_2 db 2 dup(?)	; 1,1
            00
            ]
  16  0000  0080     R  	mov _EEPROM_Write_Byte_2[1],a
  16  0001              #pragma debug variable 8 2 _EEPROM_Write_Byte_2+1 "Data"
  16  0001              #pragma debug variable 8 2 _EEPROM_Write_Byte_2+0 "adr"
  19  0001              #line 19 "E:\HT66F018_F12\record_new\EEPROM.c"
  19  0001  070E        	mov a,[14]
  19  0002  0E01        	and a,1
  19  0003  0080     E  	mov ra,a
  22  0004              #line 22 "E:\HT66F018_F12\record_new\EEPROM.c"
  22  0004  3004        	set [4].0
  24  0005              #line 24 "E:\HT66F018_F12\record_new\EEPROM.c"
  24  0005  0F40        	mov a,64
  24  0006  0083        	mov [3],a
  27  0007              #line 27 "E:\HT66F018_F12\record_new\EEPROM.c"
  27  0007  0700     R  	mov a,_EEPROM_Write_Byte_2[0]
  27  0008  009E        	mov [30],a
  29  0009              #line 29 "E:\HT66F018_F12\record_new\EEPROM.c"
  29  0009  0700     R  	mov a,_EEPROM_Write_Byte_2[1]
  29  000A  009F        	mov [31],a
  31  000B              #line 31 "E:\HT66F018_F12\record_new\EEPROM.c"
  31  000B  340E        	clr [14].0
  33  000C              #line 33 "E:\HT66F018_F12\record_new\EEPROM.c"
  33  000C  3182        	set [2].3
  34  000D              #line 34 "E:\HT66F018_F12\record_new\EEPROM.c"
  34  000D  3102        	set [2].2
  35  000E              #line 35 "E:\HT66F018_F12\record_new\EEPROM.c"
  35  000E  340E        	clr [14].0
  35  000F  0700     E  	mov a,ra
  35  0010  058E        	orm a,[14]
  35  0011              _L3:
  37  0011              #line 37 "E:\HT66F018_F12\record_new\EEPROM.c"
  37  0011  3D02        	sz [2].2
  37  0012  2800     R  	jmp _L3
  38  0013              #line 38 "E:\HT66F018_F12\record_new\EEPROM.c"
  38  0013  1F02        	clr [2]
  39  0014              #line 39 "E:\HT66F018_F12\record_new\EEPROM.c"
  39  0014  3404        	clr [4].0
  39  0015  0003        	ret
  39  0016              _EEPROM_Write_Byte endp
  39  0016              #line 39 "E:\HT66F018_F12\record_new\EEPROM.c"
  39  0016              #pragma debug scope 1 1
  39  0016              public _EEPROM_Read_Byte
  39  0016              #pragma debug scope 3 1
  51  0016              #line 51 "E:\HT66F018_F12\record_new\EEPROM.c"
  51  0000              _EEPROM_Read_Byte .section 'code'
  51  0000              _EEPROM_Read_Byte proc
文件：EEPROM.c     编译器版本 HGASM 0202 页次3

  51  0000  00              local _EEPROM_Read_Byte_2 db 1 dup(?)	; 0,1
  51  0000  0080     R  	mov _EEPROM_Read_Byte_2[0],a
  51  0001              #pragma debug variable 8 3 _EEPROM_Read_Byte_2+0 "adr"
  54  0001              #line 54 "E:\HT66F018_F12\record_new\EEPROM.c"
  54  0001  3004        	set [4].0
  55  0002              #line 55 "E:\HT66F018_F12\record_new\EEPROM.c"
  55  0002  0F40        	mov a,64
  55  0003  0083        	mov [3],a
  58  0004              #line 58 "E:\HT66F018_F12\record_new\EEPROM.c"
  58  0004  0700     R  	mov a,_EEPROM_Read_Byte_2[0]
  58  0005  009E        	mov [30],a
  61  0006              #line 61 "E:\HT66F018_F12\record_new\EEPROM.c"
  61  0006  3082        	set [2].1
  62  0007              #line 62 "E:\HT66F018_F12\record_new\EEPROM.c"
  62  0007  3002        	set [2].0
  62  0008              _L7:
  65  0008              #line 65 "E:\HT66F018_F12\record_new\EEPROM.c"
  65  0008  3C02        	sz [2].0
  65  0009  2800     R  	jmp _L7
  66  000A              #line 66 "E:\HT66F018_F12\record_new\EEPROM.c"
  66  000A  1F02        	clr [2]
  67  000B              #line 67 "E:\HT66F018_F12\record_new\EEPROM.c"
  67  000B  3404        	clr [4].0
  69  000C              #line 69 "E:\HT66F018_F12\record_new\EEPROM.c"
  69  000C  071F        	mov a,[31]
  69  000D  0080     E  	mov ra,a
  71  000E              #line 71 "E:\HT66F018_F12\record_new\EEPROM.c"
  71  000E  0700     E  	mov a,ra
  71  000F  0003        	ret
  71  0010              _EEPROM_Read_Byte endp
  71  0010              #line 71 "E:\HT66F018_F12\record_new\EEPROM.c"
  71  0010              #pragma debug scope 1 1
  71  0010              public _EEPROM_Init
  71  0010              #pragma debug scope 4 1
  74  0010              #line 74 "E:\HT66F018_F12\record_new\EEPROM.c"
  74  0000              _EEPROM_Init .section 'code'
  74  0000              _EEPROM_Init proc
  74  0000  00              local _EEPROM_Init_2 db 1 dup(?)	; 0,1
  74  0001              #pragma debug variable 8 4 _EEPROM_Init_2+0 "i"
  76  0001              #line 76 "E:\HT66F018_F12\record_new\EEPROM.c"
  76  0000  0F02        	mov a,2
  76  0001  2000     R  	call _EEPROM_Read_Byte
  76  0002  0080     E  	mov ra,a
  76  0003  1600     E  	siza ra
  76  0004  2800     R  	jmp _L8
  76  0005              #line 76 "E:\HT66F018_F12\record_new\EEPROM.c"
  76  0005  1F00     R  	clr _EEPROM_Init_2[0]
  76  0006              _L11:
  80  0006              #line 80 "E:\HT66F018_F12\record_new\EEPROM.c"
  80  0006  0700     R  	mov a,_EEPROM_Init_2[0]
  80  0007  0080     R  	mov _EEPROM_Write_Byte_2[0],a
  80  0008  0F00        	mov a,0
  80  0009  2000     R  	call _EEPROM_Write_Byte
  78  000A              #line 78 "E:\HT66F018_F12\record_new\EEPROM.c"
  78  000A  1480     R  	inc _EEPROM_Init_2[0]
  78  000B  0700     R  	mov a,_EEPROM_Init_2[0]
  78  000C  0A21        	sub a,33
  78  000D  390A        	snz z
  78  000E  2800     R  	jmp _L11
  78  000F              _L8:
文件：EEPROM.c     编译器版本 HGASM 0202 页次4

  78  000F  0003        	ret
  78  0010              _EEPROM_Init endp
  78  0010              #line 78 "E:\HT66F018_F12\record_new\EEPROM.c"
  78  0010              #pragma debug scope 1 1
  78  0010              #pragma debug variable 8 1 ___mp1 "__mp1" 1
  78  0010              #pragma debug struct_end
  78  0010              #pragma debug struct_end
  78  0010              #pragma debug union_end
  78  0010              #pragma debug union_end
  78  0010              #pragma debug variable 43 1 ___bp "__bp" 1
  78  0010              #pragma debug struct_end
  78  0010              #pragma debug struct_end
  78  0010              #pragma debug union_end
  78  0010              #pragma debug union_end
  78  0010              #pragma debug variable 45 1 ___intc0 "__intc0" 1
  78  0010              #pragma debug variable 8 1 ___eea "__eea" 1
  78  0010              #pragma debug variable 8 1 ___eed "__eed" 1
  78  0010              #pragma debug variable 8 1 ___iar1 "__iar1" 1
  78  0010              
  78  0010              ; 
  78  0010              ; Generated by holtek-gcc v3.19, Fri Jan 21 10:15:02 2022
  78  0010              ; Rebuild 718
  78  0010              ; end of file


        0 Errors, 0