文件：define.h     编译器版本 HGASM 0202 页次1


   1  0000              ; Generated by holtek-gcc v3.19, Fri Jan 21 10:15:02 2022
   2  0000              ; 
   3  0000              ; Configuration:
   4  0000              ;       without long instruction
   5  0000              ;       Single ROM, Multi-RAM
   6  0000              ;       bits_per_rom_unit:16
   7  0000              ;       with mp1
   8  0000              ;       with tbhp, address(0x9)
   9  0000              ;          Use tabrd-const
  10  0000              ;       
  11  0000              ;       
  12  0000              ;       
  13  0000              ; use 'tabrdc' instead of 'tabrd'
  14  0000              ;       
  15  0000              
  16  0000              #pragma translator "holtek-gcc 4.6.4" "3.19" "build 20130711"
  17  0000              ; Rebuild 718
  18  0000              
  19  0000              ir equ [2]
  20  0000              mp equ [3]
  21  0000              sbp equ [1]
  22  0000              acc equ [5]
  23  0000              bp equ [4]
  24  0000              tblp equ [7]
  25  0000              tbhp equ [9]
  26  0000              status equ [10]
  27  0000              c equ [10].0
  28  0000              ac equ [10].1
  29  0000              z equ [10].2
  30  0000              ov equ [10].3
  31  0000              intc equ [11]
  32  0000              
  33  0000              extern ra:byte
  34  0000              extern rb:byte
  35  0000              extern rc:byte
  36  0000              extern rd:byte
  37  0000              extern re:byte
  38  0000              extern rf:byte
  39  0000              extern rg:byte
  40  0000              extern rh:byte
  41  0000              extern _Crom2Prom:near
  42  0000              extern _Crom2PromNext:near
  43  0000              
  44  0000              RAMBANK 0 @HCCINIT, @HCCINIT0
  45  0000              
  46  0000              RAMBANK 0 @BITDATASEC, @BITDATASEC1
  47  0000              @HCCINIT	.section 'data'
  48  0000              @HCCINIT0	.section 'data'
  49  0000              @BITDATASEC	 .section 'data'
  50  0000              @BITDATASEC1	 .section 'data'
  51  0000              
  52  0000              #pragma debug scope 1 1
  53  0000              	extern __DELAY3:near
  54  0000              	extern __DELAYX3:near
  55  0000              	extern __DELAYX6:near
  56  0000              	extern __DELAYY5:near
  57  0000              	extern __DELAYY3:near
  58  0000              	extern _builtin_holtek_delay_2:byte
  59  0000              public _set_val
文件：menu.ASM     编译器版本 HGASM 0202 页次2

  60  0000              #pragma debug scope 2 1

  18  0000              #line 18 "E:\HT66F018_F12\record_new\menu.c"
  18  0000              _set_val .section 'code'
  18  0000              _set_val proc
  18  0000              public _set_val_2
  18  0000  0009[           local _set_val_2 db 9 dup(?)	; 3,6
            00
            ]
  18  0000  0080     E  	mov ra,a
  18  0001  0080     R  	mov _set_val_2[3],a
  18  0002              #pragma debug variable 7 2 _set_val_2+3 "dat"
  18  0002              #pragma debug variable 7 2 _set_val_2+0 "min"
  18  0002              #pragma debug variable 7 2 _set_val_2+1 "max"
  18  0002              #pragma debug variable 8 2 _set_val_2+2 "addr"
  18  0002              #pragma debug variable 8 2 _set_val_2+4 "val"
  18  0002              #pragma debug variable 8 2 _set_val_2+8 "key_value_2"
  18  0002              #pragma debug variable 12 2 _set_val_2+6 "timeout"
  18  0002              #pragma debug variable 8 2 _set_val_2+5 "blink_time"
  19  0002              #line 19 "E:\HT66F018_F12\record_new\menu.c"
  19  0002  0700     E  	mov a,ra
  19  0003  0080     R  	mov _set_val_2[4],a
  23  0004              #line 23 "E:\HT66F018_F12\record_new\menu.c"
  23  0004  1F00     R  	clr _set_val_2[5]
  22  0005              #line 22 "E:\HT66F018_F12\record_new\menu.c"
  22  0005  0FBC        	mov a,-68
  22  0006  0080     R  	mov _set_val_2[6],a
  22  0007  0F02        	mov a,2
  22  0008  0080     R  	mov _set_val_2[7],a
  22  0009              _L21:
  27  0009              #line 27 "E:\HT66F018_F12\record_new\menu.c"
  27  0009              ;# 27 "E:\HT66F018_F12\record_new\menu.c" 1
  27  0009  0001        	clr wdt
  29  000A              #line 29 "E:\HT66F018_F12\record_new\menu.c"
  29  000A  2000     E  	call _key_scan
  29  000B  0080     R  	mov _set_val_2[8],a
  30  000C              #line 30 "E:\HT66F018_F12\record_new\menu.c"
  30  000C  0700     R  	mov a,_set_val_2[8]
  30  000D  0A01        	sub a,1
  30  000E  3D0A        	sz z
  30  000F  2800     R  	jmp _L3
  30  0010  0A01        	sub a,(2)-(1)
  30  0011  3D0A        	sz z
  30  0012  2800     R  	jmp _L4
  30  0013  0700     R  	mov a,_set_val_2[8]
  30  0014  0A03        	sub a,3
  30  0015  3D0A        	sz z
  30  0016  2800     R  	jmp _L5
  30  0017  0700     R  	mov a,_set_val_2[8]
  30  0018  0A04        	sub a,4
  30  0019  390A        	snz z
  30  001A  2800     R  	jmp _L2
  30  001B  2800     R  	jmp _L36
  30  001C              _L4:
  34  001C              #line 34 "E:\HT66F018_F12\record_new\menu.c"
  34  001C  0700     R  	mov a,_set_val_2[4]
  34  001D  0080     E  	mov rd,a
  34  001E  1F00     E  	clr re
  34  001F  0700     R  	mov a,_set_val_2[0]
  34  0020  0080     E  	mov rb,a
文件：menu.c       编译器版本 HGASM 0202 页次3

  34  0021  1F00     E  	clr rc
  34  0022  3F85        	sz acc.7
  34  0023  1F80     E  	set rc
  34  0024  0700     E  	mov a,rb
  34  0025  0200     E  	sub a,rd
  34  0026  0700     E  	mov a,rc
  34  0027  1200     E  	sbc a,re
  34  0028  1185        	swap acc
  34  0029  040A        	xor a,status
  34  002A  3985        	snz acc.3
  34  002B  2800     R  	jmp _L7
  35  002C              #line 35 "E:\HT66F018_F12\record_new\menu.c"
  35  002C  1580     R  	dec _set_val_2[4]
  35  002D  2800     R  	jmp _L28
  35  002E              _L7:
  36  002E              #line 36 "E:\HT66F018_F12\record_new\menu.c"
  36  002E  0700     E  	mov a,rd
  36  002F  0400     E  	xor a,rb
  36  0030  0700     E  	mov a,re
  36  0031  3D0A        	sz z
  36  0032  0400     E  	xor a,rc
  36  0033  390A        	snz z
  36  0034  2800     R  	jmp _L28
  37  0035              #line 37 "E:\HT66F018_F12\record_new\menu.c"
  37  0035  0700     R  	mov a,_set_val_2[1]
  37  0036  0080     R  	mov _set_val_2[4],a
  37  0037  2800     R  	jmp _L28
  37  0038              _L3:
  45  0038              #line 45 "E:\HT66F018_F12\record_new\menu.c"
  45  0038  1480     R  	inc _set_val_2[4]
  46  0039              #line 46 "E:\HT66F018_F12\record_new\menu.c"
  46  0039  0700     R  	mov a,_set_val_2[4]
  46  003A  0080     E  	mov rd,a
  46  003B  1F00     E  	clr re
  46  003C  0700     R  	mov a,_set_val_2[1]
  46  003D  0080     E  	mov rb,a
  46  003E  1F00     E  	clr rc
  46  003F  3F85        	sz acc.7
  46  0040  1F80     E  	set rc
  46  0041  0700     E  	mov a,rb
  46  0042  0200     E  	sub a,rd
  46  0043  0700     E  	mov a,rc
  46  0044  1200     E  	sbc a,re
  46  0045  1185        	swap acc
  46  0046  040A        	xor a,status
  46  0047  3985        	snz acc.3
  46  0048  2800     R  	jmp _L28
  47  0049              #line 47 "E:\HT66F018_F12\record_new\menu.c"
  47  0049  0700     R  	mov a,_set_val_2[0]
  47  004A  0080     R  	mov _set_val_2[4],a
  47  004B  2800     R  	jmp _L28
  47  004C              _L36:
  55  004C              #line 55 "E:\HT66F018_F12\record_new\menu.c"
  55  004C  1080     R  	sz _set_time_flag[0]
  55  004D  2800     R  	jmp _LI1
  55  004E  2800     R  	jmp _L2
  55  004F              _LI1:
  55  004F  2800     R  	jmp _L32
  55  0050              _L5:
  65  0050              #line 65 "E:\HT66F018_F12\record_new\menu.c"
文件：menu.c       编译器版本 HGASM 0202 页次4

  65  0050  1080     R  	sz _set_meal_flag[0]
  65  0051  2800     R  	jmp _LI2
  65  0052  2800     R  	jmp _L2
  65  0053              _LI2:
  65  0053  2800     R  	jmp _L32
  65  0054              _L28:
  49  0054              #line 49 "E:\HT66F018_F12\record_new\menu.c"
  49  0054  0FF4        	mov a,-12
  49  0055  0080     R  	mov _set_val_2[6],a
  49  0056  0F01        	mov a,1
  49  0057  0080     R  	mov _set_val_2[7],a
  49  0058              _L2:
  74  0058              #line 74 "E:\HT66F018_F12\record_new\menu.c"
  74  0058  1480     R  	inc _set_val_2[5]
  75  0059              #line 75 "E:\HT66F018_F12\record_new\menu.c"
  75  0059  0F3B        	mov a,59
  75  005A  0200     R  	sub a,_set_val_2[5]
  75  005B  380A        	snz c
  75  005C  2800     R  	jmp _L9
  79  005D              #line 79 "E:\HT66F018_F12\record_new\menu.c"
  79  005D  0700     R  	mov a,_set_val_2[5]
  79  005E  0A1E        	sub a,30
  79  005F  390A        	snz z
  79  0060  2800     R  	jmp _L10
  81  0061              #line 81 "E:\HT66F018_F12\record_new\menu.c"
  81  0061  0700     R  	mov a,_set_val_2[2]
  81  0062  0A01        	sub a,1
  81  0063  3D0A        	sz z
  81  0064  2800     R  	jmp _L12
  81  0065  0A01        	sub a,(2)-(1)
  81  0066  3D0A        	sz z
  81  0067  2800     R  	jmp _L13
  81  0068  0700     R  	mov a,_set_val_2[2]
  81  0069  0A03        	sub a,3
  81  006A  3D0A        	sz z
  81  006B  2800     R  	jmp _L14
  81  006C  0700     R  	mov a,_set_val_2[2]
  81  006D  0A04        	sub a,4
  81  006E  390A        	snz z
  81  006F  2800     R  	jmp _L11
 105  0070              #line 105 "E:\HT66F018_F12\record_new\menu.c"
 105  0070  1F00     E  	clr _builtin_holtek_udivmodqi4_2[3]
 105  0071  0700     R  	mov a,_set_val_2[4]
 105  0072  0080     E  	mov _builtin_holtek_udivmodqi4_2[0],a
 105  0073  0F0A        	mov a,10
 105  0074  0080     E  	mov _builtin_holtek_udivmodqi4_2[1],a
 105  0075  2000     E  	call _builtin_holtek_udivmodqi4
 105  0076  0700     E  	mov a,_builtin_holtek_udivmodqi4_2[0]
 105  0077  0080     E  	mov ra,a
 105  0078  0F00     R  	mov a,low offset _Num_tab_7
 105  0079  0300     E  	add a,ra
 105  007A  0083        	mov mp,a
 105  007B  0F00     R  	mov a,high offset _Num_tab_7
 105  007C  1F01        	clr sbp
 105  007D  1381        	adcm a,sbp
 105  007E  2000     E  	call _Crom2Prom
 105  007F  0080     E  	mov _Write_DATA_2[0],a
 105  0080  0FC4        	mov a,196
 105  0081  2000     E  	call _Write_DATA
 106  0082              #line 106 "E:\HT66F018_F12\record_new\menu.c"
文件：menu.c       编译器版本 HGASM 0202 页次5

 106  0082  1F00     E  	clr _builtin_holtek_udivmodqi4_2[3]
 106  0083  0700     R  	mov a,_set_val_2[4]
 106  0084  0080     E  	mov _builtin_holtek_udivmodqi4_2[0],a
 106  0085  0F0A        	mov a,10
 106  0086  0080     E  	mov _builtin_holtek_udivmodqi4_2[1],a
 106  0087  2000     E  	call _builtin_holtek_udivmodqi4
 106  0088  0700     E  	mov a,_builtin_holtek_udivmodqi4_2[2]
 106  0089  0080     E  	mov ra,a
 106  008A  0F00     R  	mov a,low offset _Num_tab_7
 106  008B  0300     E  	add a,ra
 106  008C  0083        	mov mp,a
 106  008D  0F00     R  	mov a,high offset _Num_tab_7
 106  008E  1F01        	clr sbp
 106  008F  1381        	adcm a,sbp
 106  0090  2000     E  	call _Crom2Prom
 106  0091  0080     E  	mov _Write_DATA_2[0],a
 106  0092  0FC6        	mov a,198
 106  0093  2800     R  	jmp _L31
 106  0094              _L12:
  85  0094              #line 85 "E:\HT66F018_F12\record_new\menu.c"
  85  0094  0F00     R  	mov a,low offset _Num_tab_7
  85  0095  0300     R  	add a,_set_val_2[4]
  85  0096  0083        	mov mp,a
  85  0097  0F00     R  	mov a,high offset _Num_tab_7
  85  0098  1F01        	clr sbp
  85  0099  1381        	adcm a,sbp
  85  009A  2000     E  	call _Crom2Prom
  85  009B  0080     E  	mov _Write_DATA_2[0],a
  85  009C  0FCC        	mov a,204
  85  009D  2800     R  	jmp _L31
  85  009E              _L13:
  91  009E              #line 91 "E:\HT66F018_F12\record_new\menu.c"
  91  009E  1F00     E  	clr _builtin_holtek_udivmodqi4_2[3]
  91  009F  0700     R  	mov a,_set_val_2[4]
  91  00A0  0080     E  	mov _builtin_holtek_udivmodqi4_2[0],a
  91  00A1  0F0A        	mov a,10
  91  00A2  0080     E  	mov _builtin_holtek_udivmodqi4_2[1],a
  91  00A3  2000     E  	call _builtin_holtek_udivmodqi4
  91  00A4  0700     E  	mov a,_builtin_holtek_udivmodqi4_2[0]
  91  00A5  0080     E  	mov ra,a
  91  00A6  0F00     R  	mov a,low offset _Num_tab_7
  91  00A7  0300     E  	add a,ra
  91  00A8  0083        	mov mp,a
  91  00A9  0F00     R  	mov a,high offset _Num_tab_7
  91  00AA  1F01        	clr sbp
  91  00AB  1381        	adcm a,sbp
  91  00AC  2000     E  	call _Crom2Prom
  91  00AD  0080     E  	mov _Write_DATA_2[0],a
  91  00AE  0FC8        	mov a,200
  91  00AF  2000     E  	call _Write_DATA
  92  00B0              #line 92 "E:\HT66F018_F12\record_new\menu.c"
  92  00B0  1F00     E  	clr _builtin_holtek_udivmodqi4_2[3]
  92  00B1  0700     R  	mov a,_set_val_2[4]
  92  00B2  0080     E  	mov _builtin_holtek_udivmodqi4_2[0],a
  92  00B3  0F0A        	mov a,10
  92  00B4  0080     E  	mov _builtin_holtek_udivmodqi4_2[1],a
  92  00B5  2000     E  	call _builtin_holtek_udivmodqi4
  92  00B6  0700     E  	mov a,_builtin_holtek_udivmodqi4_2[2]
  92  00B7  0080     E  	mov ra,a
  92  00B8  0F00     R  	mov a,low offset _Num_tab_7
文件：menu.c       编译器版本 HGASM 0202 页次6

  92  00B9  0300     E  	add a,ra
  92  00BA  0083        	mov mp,a
  92  00BB  0F00     R  	mov a,high offset _Num_tab_7
  92  00BC  1F01        	clr sbp
  92  00BD  1381        	adcm a,sbp
  92  00BE  2000     E  	call _Crom2Prom
  92  00BF  0080     E  	mov _Write_DATA_2[0],a
  92  00C0  0FCA        	mov a,202
  92  00C1  2800     R  	jmp _L31
  92  00C2              _L14:
  98  00C2              #line 98 "E:\HT66F018_F12\record_new\menu.c"
  98  00C2  1F00     E  	clr _builtin_holtek_udivmodqi4_2[3]
  98  00C3  0700     R  	mov a,_set_val_2[4]
  98  00C4  0080     E  	mov _builtin_holtek_udivmodqi4_2[0],a
  98  00C5  0F0A        	mov a,10
  98  00C6  0080     E  	mov _builtin_holtek_udivmodqi4_2[1],a
  98  00C7  2000     E  	call _builtin_holtek_udivmodqi4
  98  00C8  0700     E  	mov a,_builtin_holtek_udivmodqi4_2[0]
  98  00C9  0080     E  	mov ra,a
  98  00CA  0F00     R  	mov a,low offset _Num_tab_7
  98  00CB  0300     E  	add a,ra
  98  00CC  0083        	mov mp,a
  98  00CD  0F00     R  	mov a,high offset _Num_tab_7
  98  00CE  1F01        	clr sbp
  98  00CF  1381        	adcm a,sbp
  98  00D0  2000     E  	call _Crom2Prom
  98  00D1  0080     E  	mov _Write_DATA_2[0],a
  98  00D2  0FC0        	mov a,192
  98  00D3  2000     E  	call _Write_DATA
  99  00D4              #line 99 "E:\HT66F018_F12\record_new\menu.c"
  99  00D4  1F00     E  	clr _builtin_holtek_udivmodqi4_2[3]
  99  00D5  0700     R  	mov a,_set_val_2[4]
  99  00D6  0080     E  	mov _builtin_holtek_udivmodqi4_2[0],a
  99  00D7  0F0A        	mov a,10
  99  00D8  0080     E  	mov _builtin_holtek_udivmodqi4_2[1],a
  99  00D9  2000     E  	call _builtin_holtek_udivmodqi4
  99  00DA  0700     E  	mov a,_builtin_holtek_udivmodqi4_2[2]
  99  00DB  0080     E  	mov ra,a
  99  00DC  0F00     R  	mov a,low offset _Num_tab_8
  99  00DD  0300     E  	add a,ra
  99  00DE  0083        	mov mp,a
  99  00DF  0F00     R  	mov a,high offset _Num_tab_8
  99  00E0  1F01        	clr sbp
  99  00E1  1381        	adcm a,sbp
  99  00E2  2000     E  	call _Crom2Prom
  99  00E3  0080     E  	mov _Write_DATA_2[0],a
  99  00E4  0FC2        	mov a,194
  99  00E5              _L31:
 106  00E5              #line 106 "E:\HT66F018_F12\record_new\menu.c"
 106  00E5  2000     E  	call _Write_DATA
 108  00E6              #line 108 "E:\HT66F018_F12\record_new\menu.c"
 108  00E6  2800     R  	jmp _L11
 108  00E7              _L10:
 115  00E7              #line 115 "E:\HT66F018_F12\record_new\menu.c"
 115  00E7  1080     R  	sz _set_val_2[5]
 115  00E8  2800     R  	jmp _L11
 115  00E9              _L9:
 117  00E9              #line 117 "E:\HT66F018_F12\record_new\menu.c"
 117  00E9  0700     R  	mov a,_set_val_2[2]
 117  00EA  0A01        	sub a,1
文件：menu.c       编译器版本 HGASM 0202 页次7

 117  00EB  3D0A        	sz z
 117  00EC  2800     R  	jmp _L16
 117  00ED  0A01        	sub a,(2)-(1)
 117  00EE  3D0A        	sz z
 117  00EF  2800     R  	jmp _L17
 117  00F0  0700     R  	mov a,_set_val_2[2]
 117  00F1  0A03        	sub a,3
 117  00F2  3D0A        	sz z
 117  00F3  2800     R  	jmp _L18
 117  00F4  0700     R  	mov a,_set_val_2[2]
 117  00F5  0A04        	sub a,4
 117  00F6  390A        	snz z
 117  00F7  2800     R  	jmp _L30
 141  00F8              #line 141 "E:\HT66F018_F12\record_new\menu.c"
 141  00F8  1F00     E  	clr _Write_DATA_2[0]
 141  00F9  0FC4        	mov a,196
 141  00FA  2000     E  	call _Write_DATA
 142  00FB              #line 142 "E:\HT66F018_F12\record_new\menu.c"
 142  00FB  1F00     E  	clr _Write_DATA_2[0]
 142  00FC  0FC6        	mov a,198
 142  00FD  2800     R  	jmp _L34
 142  00FE              _L16:
 121  00FE              #line 121 "E:\HT66F018_F12\record_new\menu.c"
 121  00FE  1F00     E  	clr _Write_DATA_2[0]
 121  00FF  0FCC        	mov a,204
 121  0100  2800     R  	jmp _L34
 121  0101              _L17:
 127  0101              #line 127 "E:\HT66F018_F12\record_new\menu.c"
 127  0101  1F00     E  	clr _Write_DATA_2[0]
 127  0102  0FC8        	mov a,200
 127  0103  2000     E  	call _Write_DATA
 128  0104              #line 128 "E:\HT66F018_F12\record_new\menu.c"
 128  0104  1F00     E  	clr _Write_DATA_2[0]
 128  0105  0FCA        	mov a,202
 128  0106  2800     R  	jmp _L34
 128  0107              _L18:
 134  0107              #line 134 "E:\HT66F018_F12\record_new\menu.c"
 134  0107  1F00     E  	clr _Write_DATA_2[0]
 134  0108  0FC0        	mov a,192
 134  0109  2000     E  	call _Write_DATA
 135  010A              #line 135 "E:\HT66F018_F12\record_new\menu.c"
 135  010A  0F80        	mov a,128
 135  010B  0080     E  	mov _Write_DATA_2[0],a
 135  010C  0FC2        	mov a,194
 135  010D              _L34:
 142  010D              #line 142 "E:\HT66F018_F12\record_new\menu.c"
 142  010D  2000     E  	call _Write_DATA
 142  010E              _L30:
 117  010E              #line 117 "E:\HT66F018_F12\record_new\menu.c"
 117  010E  1F00     R  	clr _set_val_2[5]
 117  010F              _L11:
 151  010F              #line 151 "E:\HT66F018_F12\record_new\menu.c"
 151  010F  0F64        	mov a,100
 151  0110  0080     E  	mov _use_delay_us_2[0],a
 151  0111  1F00     E  	clr _use_delay_us_2[1]
 151  0112  2000     E  	call _use_delay_us
 152  0113              #line 152 "E:\HT66F018_F12\record_new\menu.c"
 152  0113  0FFF        	mov a,255
 152  0114  0380     R  	addm a,_set_val_2[6]
 152  0115  0FFF        	mov a,255
文件：menu.c       编译器版本 HGASM 0202 页次8

 152  0116  1380     R  	adcm a,_set_val_2[7]
  25  0117              #line 25 "E:\HT66F018_F12\record_new\menu.c"
  25  0117  0700     R  	mov a,_set_val_2[6]
  25  0118  0500     R  	or a,_set_val_2[7]
  25  0119  390A        	snz z
  25  011A  2800     R  	jmp _L21
  25  011B              _L32:
 155  011B              #line 155 "E:\HT66F018_F12\record_new\menu.c"
 155  011B  0F02        	mov a,2
 155  011C  0080     R  	mov _set_val_flag[0],a
 155  011D              _L8:
 158  011D              #line 158 "E:\HT66F018_F12\record_new\menu.c"
 158  011D  0700     R  	mov a,_set_val_2[2]
 158  011E  0A01        	sub a,1
 158  011F  3D0A        	sz z
 158  0120  2800     R  	jmp _L23
 158  0121  0A01        	sub a,(2)-(1)
 158  0122  3D0A        	sz z
 158  0123  2800     R  	jmp _L24
 158  0124  0700     R  	mov a,_set_val_2[2]
 158  0125  0A03        	sub a,3
 158  0126  3D0A        	sz z
 158  0127  2800     R  	jmp _L25
 158  0128  0700     R  	mov a,_set_val_2[2]
 158  0129  0A04        	sub a,4
 158  012A  390A        	snz z
 158  012B  2800     R  	jmp _L22
 182  012C              #line 182 "E:\HT66F018_F12\record_new\menu.c"
 182  012C  1F00     E  	clr _builtin_holtek_udivmodqi4_2[3]
 182  012D  0700     R  	mov a,_set_val_2[4]
 182  012E  0080     E  	mov _builtin_holtek_udivmodqi4_2[0],a
 182  012F  0F0A        	mov a,10
 182  0130  0080     E  	mov _builtin_holtek_udivmodqi4_2[1],a
 182  0131  2000     E  	call _builtin_holtek_udivmodqi4
 182  0132  0700     E  	mov a,_builtin_holtek_udivmodqi4_2[0]
 182  0133  0080     E  	mov ra,a
 182  0134  0F00     R  	mov a,low offset _Num_tab_7
 182  0135  0300     E  	add a,ra
 182  0136  0083        	mov mp,a
 182  0137  0F00     R  	mov a,high offset _Num_tab_7
 182  0138  1F01        	clr sbp
 182  0139  1381        	adcm a,sbp
 182  013A  2000     E  	call _Crom2Prom
 182  013B  0080     E  	mov _Write_DATA_2[0],a
 182  013C  0FC4        	mov a,196
 182  013D  2000     E  	call _Write_DATA
 183  013E              #line 183 "E:\HT66F018_F12\record_new\menu.c"
 183  013E  1F00     E  	clr _builtin_holtek_udivmodqi4_2[3]
 183  013F  0700     R  	mov a,_set_val_2[4]
 183  0140  0080     E  	mov _builtin_holtek_udivmodqi4_2[0],a
 183  0141  0F0A        	mov a,10
 183  0142  0080     E  	mov _builtin_holtek_udivmodqi4_2[1],a
 183  0143  2000     E  	call _builtin_holtek_udivmodqi4
 183  0144  0700     E  	mov a,_builtin_holtek_udivmodqi4_2[2]
 183  0145  0080     E  	mov ra,a
 183  0146  0F00     R  	mov a,low offset _Num_tab_7
 183  0147  0300     E  	add a,ra
 183  0148  0083        	mov mp,a
 183  0149  0F00     R  	mov a,high offset _Num_tab_7
 183  014A  1F01        	clr sbp
文件：menu.c       编译器版本 HGASM 0202 页次9

 183  014B  1381        	adcm a,sbp
 183  014C  2000     E  	call _Crom2Prom
 183  014D  0080     E  	mov _Write_DATA_2[0],a
 183  014E  0FC6        	mov a,198
 183  014F  2800     R  	jmp _L33
 183  0150              _L23:
 162  0150              #line 162 "E:\HT66F018_F12\record_new\menu.c"
 162  0150  0F00     R  	mov a,low offset _Num_tab_7
 162  0151  0300     R  	add a,_set_val_2[4]
 162  0152  0083        	mov mp,a
 162  0153  0F00     R  	mov a,high offset _Num_tab_7
 162  0154  1F01        	clr sbp
 162  0155  1381        	adcm a,sbp
 162  0156  2000     E  	call _Crom2Prom
 162  0157  0080     E  	mov _Write_DATA_2[0],a
 162  0158  0FCC        	mov a,204
 162  0159  2800     R  	jmp _L33
 162  015A              _L24:
 168  015A              #line 168 "E:\HT66F018_F12\record_new\menu.c"
 168  015A  1F00     E  	clr _builtin_holtek_udivmodqi4_2[3]
 168  015B  0700     R  	mov a,_set_val_2[4]
 168  015C  0080     E  	mov _builtin_holtek_udivmodqi4_2[0],a
 168  015D  0F0A        	mov a,10
 168  015E  0080     E  	mov _builtin_holtek_udivmodqi4_2[1],a
 168  015F  2000     E  	call _builtin_holtek_udivmodqi4
 168  0160  0700     E  	mov a,_builtin_holtek_udivmodqi4_2[0]
 168  0161  0080     E  	mov ra,a
 168  0162  0F00     R  	mov a,low offset _Num_tab_7
 168  0163  0300     E  	add a,ra
 168  0164  0083        	mov mp,a
 168  0165  0F00     R  	mov a,high offset _Num_tab_7
 168  0166  1F01        	clr sbp
 168  0167  1381        	adcm a,sbp
 168  0168  2000     E  	call _Crom2Prom
 168  0169  0080     E  	mov _Write_DATA_2[0],a
 168  016A  0FC8        	mov a,200
 168  016B  2000     E  	call _Write_DATA
 169  016C              #line 169 "E:\HT66F018_F12\record_new\menu.c"
 169  016C  1F00     E  	clr _builtin_holtek_udivmodqi4_2[3]
 169  016D  0700     R  	mov a,_set_val_2[4]
 169  016E  0080     E  	mov _builtin_holtek_udivmodqi4_2[0],a
 169  016F  0F0A        	mov a,10
 169  0170  0080     E  	mov _builtin_holtek_udivmodqi4_2[1],a
 169  0171  2000     E  	call _builtin_holtek_udivmodqi4
 169  0172  0700     E  	mov a,_builtin_holtek_udivmodqi4_2[2]
 169  0173  0080     E  	mov ra,a
 169  0174  0F00     R  	mov a,low offset _Num_tab_7
 169  0175  0300     E  	add a,ra
 169  0176  0083        	mov mp,a
 169  0177  0F00     R  	mov a,high offset _Num_tab_7
 169  0178  1F01        	clr sbp
 169  0179  1381        	adcm a,sbp
 169  017A  2000     E  	call _Crom2Prom
 169  017B  0080     E  	mov _Write_DATA_2[0],a
 169  017C  0FCA        	mov a,202
 169  017D  2800     R  	jmp _L33
 169  017E              _L25:
 175  017E              #line 175 "E:\HT66F018_F12\record_new\menu.c"
 175  017E  1F00     E  	clr _builtin_holtek_udivmodqi4_2[3]
 175  017F  0700     R  	mov a,_set_val_2[4]
文件：menu.c       编译器版本 HGASM 0202 页次10

 175  0180  0080     E  	mov _builtin_holtek_udivmodqi4_2[0],a
 175  0181  0F0A        	mov a,10
 175  0182  0080     E  	mov _builtin_holtek_udivmodqi4_2[1],a
 175  0183  2000     E  	call _builtin_holtek_udivmodqi4
 175  0184  0700     E  	mov a,_builtin_holtek_udivmodqi4_2[0]
 175  0185  0080     E  	mov ra,a
 175  0186  0F00     R  	mov a,low offset _Num_tab_7
 175  0187  0300     E  	add a,ra
 175  0188  0083        	mov mp,a
 175  0189  0F00     R  	mov a,high offset _Num_tab_7
 175  018A  1F01        	clr sbp
 175  018B  1381        	adcm a,sbp
 175  018C  2000     E  	call _Crom2Prom
 175  018D  0080     E  	mov _Write_DATA_2[0],a
 175  018E  0FC0        	mov a,192
 175  018F  2000     E  	call _Write_DATA
 176  0190              #line 176 "E:\HT66F018_F12\record_new\menu.c"
 176  0190  1F00     E  	clr _builtin_holtek_udivmodqi4_2[3]
 176  0191  0700     R  	mov a,_set_val_2[4]
 176  0192  0080     E  	mov _builtin_holtek_udivmodqi4_2[0],a
 176  0193  0F0A        	mov a,10
 176  0194  0080     E  	mov _builtin_holtek_udivmodqi4_2[1],a
 176  0195  2000     E  	call _builtin_holtek_udivmodqi4
 176  0196  0700     E  	mov a,_builtin_holtek_udivmodqi4_2[2]
 176  0197  0080     E  	mov ra,a
 176  0198  0F00     R  	mov a,low offset _Num_tab_8
 176  0199  0300     E  	add a,ra
 176  019A  0083        	mov mp,a
 176  019B  0F00     R  	mov a,high offset _Num_tab_8
 176  019C  1F01        	clr sbp
 176  019D  1381        	adcm a,sbp
 176  019E  2000     E  	call _Crom2Prom
 176  019F  0080     E  	mov _Write_DATA_2[0],a
 176  01A0  0FC2        	mov a,194
 176  01A1              _L33:
 183  01A1              #line 183 "E:\HT66F018_F12\record_new\menu.c"
 183  01A1  2000     E  	call _Write_DATA
 183  01A2              _L22:
 192  01A2              #line 192 "E:\HT66F018_F12\record_new\menu.c"
 192  01A2  0700     R  	mov a,_set_val_2[4]
 192  01A3  0003        	ret
 192  01A4              _set_val endp
 192  01A4              #line 192 "E:\HT66F018_F12\record_new\menu.c"
 192  01A4              #pragma debug scope 1 1
 192  01A4              public _set_time
 192  01A4              #pragma debug scope 3 1
 197  01A4              #line 197 "E:\HT66F018_F12\record_new\menu.c"
 197  0000              _set_time .section 'code'
 197  0000              _set_time proc
 197  0000  0005[           local _set_time_2 db 5 dup(?)	; 0,5
            00
            ]
 197  0005              #pragma debug variable 7 3 _set_time_2+3 "set_time_value_flag"
 197  0005              #pragma debug struct_end
 197  0005              #pragma debug struct_end
 197  0005              #pragma debug variable 42 3 _set_time_2+0 "time_set"
 201  0005              #line 201 "E:\HT66F018_F12\record_new\menu.c"
 201  0000  0F01        	mov a,1
 201  0001  0080     R  	mov _set_time_flag[0],a
 203  0002              #line 203 "E:\HT66F018_F12\record_new\menu.c"
文件：menu.c       编译器版本 HGASM 0202 页次11

 203  0002  1F00     E  	clr _builtin_holtek_udivmodqi4_2[3]
 203  0003  0700     E  	mov a,_rtc_date[0]
 203  0004  0080     E  	mov _builtin_holtek_udivmodqi4_2[0],a
 203  0005  0F0A        	mov a,10
 203  0006  0080     E  	mov _builtin_holtek_udivmodqi4_2[1],a
 203  0007  2000     E  	call _builtin_holtek_udivmodqi4
 203  0008  0700     E  	mov a,_builtin_holtek_udivmodqi4_2[0]
 203  0009  0080     E  	mov ra,a
 203  000A  0F00     R  	mov a,low offset _Num_tab_7
 203  000B  0300     E  	add a,ra
 203  000C  0083        	mov mp,a
 203  000D  0F00     R  	mov a,high offset _Num_tab_7
 203  000E  1F01        	clr sbp
 203  000F  1381        	adcm a,sbp
 203  0010  2000     E  	call _Crom2Prom
 203  0011  0080     E  	mov _Write_DATA_2[0],a
 203  0012  0FC0        	mov a,192
 203  0013  2000     E  	call _Write_DATA
 204  0014              #line 204 "E:\HT66F018_F12\record_new\menu.c"
 204  0014  1F00     E  	clr _builtin_holtek_udivmodqi4_2[3]
 204  0015  0700     E  	mov a,_rtc_date[0]
 204  0016  0080     E  	mov _builtin_holtek_udivmodqi4_2[0],a
 204  0017  0F0A        	mov a,10
 204  0018  0080     E  	mov _builtin_holtek_udivmodqi4_2[1],a
 204  0019  2000     E  	call _builtin_holtek_udivmodqi4
 204  001A  0700     E  	mov a,_builtin_holtek_udivmodqi4_2[2]
 204  001B  0080     E  	mov ra,a
 204  001C  0F00     R  	mov a,low offset _Num_tab_7
 204  001D  0300     E  	add a,ra
 204  001E  0083        	mov mp,a
 204  001F  0F00     R  	mov a,high offset _Num_tab_7
 204  0020  1F01        	clr sbp
 204  0021  1381        	adcm a,sbp
 204  0022  2000     E  	call _Crom2Prom
 204  0023  0080     E  	mov _Write_DATA_2[0],a
 204  0024  0FC2        	mov a,194
 204  0025  2000     E  	call _Write_DATA
 205  0026              #line 205 "E:\HT66F018_F12\record_new\menu.c"
 205  0026  1F00     E  	clr _builtin_holtek_udivmodqi4_2[3]
 205  0027  0700     E  	mov a,_rtc_date[1]
 205  0028  0080     E  	mov _builtin_holtek_udivmodqi4_2[0],a
 205  0029  0F0A        	mov a,10
 205  002A  0080     E  	mov _builtin_holtek_udivmodqi4_2[1],a
 205  002B  2000     E  	call _builtin_holtek_udivmodqi4
 205  002C  0700     E  	mov a,_builtin_holtek_udivmodqi4_2[0]
 205  002D  0080     E  	mov ra,a
 205  002E  0F00     R  	mov a,low offset _Num_tab_7
 205  002F  0300     E  	add a,ra
 205  0030  0083        	mov mp,a
 205  0031  0F00     R  	mov a,high offset _Num_tab_7
 205  0032  1F01        	clr sbp
 205  0033  1381        	adcm a,sbp
 205  0034  2000     E  	call _Crom2Prom
 205  0035  0080     E  	mov _Write_DATA_2[0],a
 205  0036  0FC4        	mov a,196
 205  0037  2000     E  	call _Write_DATA
 206  0038              #line 206 "E:\HT66F018_F12\record_new\menu.c"
 206  0038  1F00     E  	clr _builtin_holtek_udivmodqi4_2[3]
 206  0039  0700     E  	mov a,_rtc_date[1]
 206  003A  0080     E  	mov _builtin_holtek_udivmodqi4_2[0],a
文件：menu.c       编译器版本 HGASM 0202 页次12

 206  003B  0F0A        	mov a,10
 206  003C  0080     E  	mov _builtin_holtek_udivmodqi4_2[1],a
 206  003D  2000     E  	call _builtin_holtek_udivmodqi4
 206  003E  0700     E  	mov a,_builtin_holtek_udivmodqi4_2[2]
 206  003F  0080     E  	mov ra,a
 206  0040  0F00     R  	mov a,low offset _Num_tab_7
 206  0041  0300     E  	add a,ra
 206  0042  0083        	mov mp,a
 206  0043  0F00     R  	mov a,high offset _Num_tab_7
 206  0044  1F01        	clr sbp
 206  0045  1381        	adcm a,sbp
 206  0046  2000     E  	call _Crom2Prom
 206  0047  0080     E  	mov _Write_DATA_2[0],a
 206  0048  0FC6        	mov a,198
 206  0049  2000     E  	call _Write_DATA
 198  004A              #line 198 "E:\HT66F018_F12\record_new\menu.c"
 198  004A  0F01        	mov a,1
 198  004B  0080     R  	mov _set_time_2[3],a
 198  004C              _L45:
 210  004C              #line 210 "E:\HT66F018_F12\record_new\menu.c"
 210  004C              ;# 210 "E:\HT66F018_F12\record_new\menu.c" 1
 210  004C  0001        	clr wdt
 212  004D              #line 212 "E:\HT66F018_F12\record_new\menu.c"
 212  004D  1700     R  	sdza _set_time_2[3]
 212  004E  2800     R  	jmp _LI3
 212  004F  2800     R  	jmp _L39
 212  0050              _LI3:
 212  0050  0700     R  	mov a,_set_time_2[3]
 212  0051  0A02        	sub a,2
 212  0052  390A        	snz z
 212  0053  2800     R  	jmp _L47
 223  0054              #line 223 "E:\HT66F018_F12\record_new\menu.c"
 223  0054  0700     E  	mov a,_rtc_date[1]
 223  0055  0080     E  	mov ra,a
 223  0056  0F04        	mov a,4
 223  0057  0080     R  	mov _set_val_2[2],a
 223  0058  0F3B        	mov a,59
 223  0059  0080     R  	mov _set_val_2[1],a
 223  005A  1F00     R  	clr _set_val_2[0]
 223  005B  0700     E  	mov a,ra
 223  005C  2000     R  	call _set_val
 223  005D  0080     E  	mov ra,a
 223  005E  0700     E  	mov a,ra
 223  005F  0080     R  	mov _set_time_2[1],a
 226  0060              #line 226 "E:\HT66F018_F12\record_new\menu.c"
 226  0060  2800     R  	jmp _L38
 226  0061              _L39:
 216  0061              #line 216 "E:\HT66F018_F12\record_new\menu.c"
 216  0061  0700     E  	mov a,_rtc_date[0]
 216  0062  0080     E  	mov ra,a
 216  0063  0F03        	mov a,3
 216  0064  0080     R  	mov _set_val_2[2],a
 216  0065  0F17        	mov a,23
 216  0066  0080     R  	mov _set_val_2[1],a
 216  0067  1F00     R  	clr _set_val_2[0]
 216  0068  0700     E  	mov a,ra
 216  0069  2000     R  	call _set_val
 216  006A  0080     E  	mov ra,a
 216  006B  0700     E  	mov a,ra
 216  006C  0080     R  	mov _set_time_2[0],a
文件：menu.c       编译器版本 HGASM 0202 页次13

 219  006D              #line 219 "E:\HT66F018_F12\record_new\menu.c"
 219  006D  2800     R  	jmp _L38
 219  006E              _L47:
 229  006E              #line 229 "E:\HT66F018_F12\record_new\menu.c"
 229  006E  0F03        	mov a,3
 229  006F  0080     R  	mov _set_time_2[3],a
 229  0070              _L38:
 232  0070              #line 232 "E:\HT66F018_F12\record_new\menu.c"
 232  0070  0700     R  	mov a,_set_val_flag[0]
 232  0071  0080     R  	mov _set_time_2[4],a
 232  0072  1700     R  	sdza _set_time_2[4]
 232  0073  2800     R  	jmp _L41
 235  0074              #line 235 "E:\HT66F018_F12\record_new\menu.c"
 235  0074  1580     R  	dec _set_time_2[3]
 236  0075              #line 236 "E:\HT66F018_F12\record_new\menu.c"
 236  0075  1F00     R  	clr _set_val_flag[0]
 236  0076  2800     R  	jmp _L45
 236  0077              _L41:
 238  0077              #line 238 "E:\HT66F018_F12\record_new\menu.c"
 238  0077  0F01        	mov a,1
 238  0078  0200     R  	sub a,_set_time_2[4]
 238  0079  3C0A        	sz c
 238  007A  2800     R  	jmp _L43
 240  007B              #line 240 "E:\HT66F018_F12\record_new\menu.c"
 240  007B  1480     R  	inc _set_time_2[3]
 241  007C              #line 241 "E:\HT66F018_F12\record_new\menu.c"
 241  007C  1F00     R  	clr _set_val_flag[0]
 241  007D              _L43:
 244  007D              #line 244 "E:\HT66F018_F12\record_new\menu.c"
 244  007D  0F02        	mov a,2
 244  007E  0200     R  	sub a,_set_time_2[3]
 244  007F  1185        	swap acc
 244  0080  040A        	xor a,status
 244  0081  3985        	snz acc.3
 244  0082  2800     R  	jmp _L45
 246  0083              #line 246 "E:\HT66F018_F12\record_new\menu.c"
 246  0083  1F00     E  	clr _rtc_date[2]
 247  0084              #line 247 "E:\HT66F018_F12\record_new\menu.c"
 247  0084  0700     R  	mov a,_set_time_2[0]
 247  0085  0080     E  	mov _rtc_date[0],a
 248  0086              #line 248 "E:\HT66F018_F12\record_new\menu.c"
 248  0086  0700     R  	mov a,_set_time_2[1]
 248  0087  0080     E  	mov _rtc_date[1],a
 249  0088              #line 249 "E:\HT66F018_F12\record_new\menu.c"
 249  0088  2000     E  	call _time_save
 252  0089              #line 252 "E:\HT66F018_F12\record_new\menu.c"
 252  0089  1F00     R  	clr _set_time_flag[0]
 259  008A              #line 259 "E:\HT66F018_F12\record_new\menu.c"
 259  008A  0F00        	mov a,0
 259  008B  0003        	ret
 259  008C              _set_time endp
 259  008C              #line 259 "E:\HT66F018_F12\record_new\menu.c"
 259  008C              #pragma debug scope 1 1
 259  008C              public _get_meal
 259  008C              #pragma debug scope 4 1
 344  008C              #line 344 "E:\HT66F018_F12\record_new\menu.c"
 344  0000              _get_meal .section 'code'
 344  0000              _get_meal proc
 344  0000  000B[           local _get_meal_2 db 11 dup(?)	; 0,11
            00
文件：menu.c       编译器版本 HGASM 0202 页次14

            ]
 344  0000  0080     E  	mov rb,a
 344  0001  0080     E  	mov ra,a
 344  0002  0080     R  	mov _get_meal_2[0],a
 344  0003              #pragma debug variable 8 4 _get_meal_2+0 "num"
 345  0003              #line 345 "E:\HT66F018_F12\record_new\menu.c"
 345  0003  0700     E  	mov a,rb
 345  0004  0080     R  	mov _get_meal_2[9],a
 345  0005  1F00     R  	clr _get_meal_2[10]
 345  0006  0FFF        	mov a,255
 345  0007  0300     R  	add a,_get_meal_2[9]
 345  0008  0080     R  	mov _get_meal_2[3],a
 345  0009  0FFF        	mov a,255
 345  000A  1300     R  	adc a,_get_meal_2[10]
 345  000B  0080     R  	mov _get_meal_2[4],a
 345  000C  0700     E  	mov a,rb
 345  000D  0380     E  	addm a,ra
 345  000E  0700     E  	mov a,ra
 345  000F  0300     E  	add a,ra
 345  0010  0080     R  	mov _get_meal_2[1],a
 345  0011  1400     R  	inca _get_meal_2[1]
 345  0012  0080     E  	mov ra,a
 345  0013  0700     E  	mov a,ra
 345  0014  2000     E  	call _EEPROM_Read_Byte
 345  0015  0080     E  	mov ra,a
 345  0016  340A        	clr c
 345  0017  1A80     R  	rlc _get_meal_2[3]
 345  0018  1A80     R  	rlc _get_meal_2[4]
 345  0019  340A        	clr c
 345  001A  1A80     R  	rlc _get_meal_2[3]
 345  001B  1A80     R  	rlc _get_meal_2[4]
 345  001C  0F00     E  	mov a,low offset _feed_plans
 345  001D  0300     R  	add a,_get_meal_2[3]
 345  001E  0080     R  	mov _get_meal_2[5],a
 345  001F  0F00     E  	mov a,high offset _feed_plans
 345  0020  1300     R  	adc a,_get_meal_2[4]
 345  0021  0080     R  	mov _get_meal_2[6],a
 345  0022  0700     R  	mov a,_get_meal_2[5]
 345  0023  0083        	mov mp,a
 345  0024  0700     R  	mov a,_get_meal_2[6]
 345  0025  0081        	mov sbp,a
 345  0026  0701        	mov a,sbp
 345  0027  0084        	mov bp,a
 345  0028  0700     E  	mov a,ra
 345  0029  0082        	mov ir,a
 346  002A              #line 346 "E:\HT66F018_F12\record_new\menu.c"
 346  002A  0700     R  	mov a,_get_meal_2[1]
 346  002B  0B02        	add a,2
 346  002C  0080     E  	mov ra,a
 346  002D  0700     E  	mov a,ra
 346  002E  2000     E  	call _EEPROM_Read_Byte
 346  002F  0080     E  	mov ra,a
 346  0030  0F00     E  	mov a,low (offset _feed_plans+1)
 346  0031  0300     R  	add a,_get_meal_2[3]
 346  0032  0080     R  	mov _get_meal_2[7],a
 346  0033  0F00     E  	mov a,high (offset _feed_plans+1)
 346  0034  1300     R  	adc a,_get_meal_2[4]
 346  0035  0080     R  	mov _get_meal_2[8],a
 346  0036  0700     R  	mov a,_get_meal_2[7]
 346  0037  0083        	mov mp,a
文件：menu.c       编译器版本 HGASM 0202 页次15

 346  0038  0700     R  	mov a,_get_meal_2[8]
 346  0039  0081        	mov sbp,a
 346  003A  0701        	mov a,sbp
 346  003B  0084        	mov bp,a
 346  003C  0700     E  	mov a,ra
 346  003D  0082        	mov ir,a
 347  003E              #line 347 "E:\HT66F018_F12\record_new\menu.c"
 347  003E  0700     R  	mov a,_get_meal_2[1]
 347  003F  0B03        	add a,3
 347  0040  0080     E  	mov ra,a
 347  0041  0700     E  	mov a,ra
 347  0042  2000     E  	call _EEPROM_Read_Byte
 347  0043  0080     E  	mov ra,a
 347  0044  0F00     E  	mov a,low (offset _feed_plans+2)
 347  0045  0300     R  	add a,_get_meal_2[3]
 347  0046  0080     R  	mov _get_meal_2[1],a
 347  0047  0F00     E  	mov a,high (offset _feed_plans+2)
 347  0048  1300     R  	adc a,_get_meal_2[4]
 347  0049  0080     R  	mov _get_meal_2[2],a
 347  004A  0700     R  	mov a,_get_meal_2[1]
 347  004B  0083        	mov mp,a
 347  004C  0700     R  	mov a,_get_meal_2[2]
 347  004D  0081        	mov sbp,a
 347  004E  0701        	mov a,sbp
 347  004F  0084        	mov bp,a
 347  0050  0700     E  	mov a,ra
 347  0051  0082        	mov ir,a
 349  0052              #line 349 "E:\HT66F018_F12\record_new\menu.c"
 349  0052  0F00     R  	mov a,low offset _Num_tab_7
 349  0053  0300     R  	add a,_get_meal_2[9]
 349  0054  0083        	mov mp,a
 349  0055  0F00     R  	mov a,high offset _Num_tab_7
 349  0056  1300     R  	adc a,_get_meal_2[10]
 349  0057  0081        	mov sbp,a
 349  0058  2000     E  	call _Crom2Prom
 349  0059  0080     E  	mov _Write_DATA_2[0],a
 349  005A  0FCC        	mov a,204
 349  005B  2000     E  	call _Write_DATA
 350  005C              #line 350 "E:\HT66F018_F12\record_new\menu.c"
 350  005C  0700     R  	mov a,_get_meal_2[5]
 350  005D  0083        	mov mp,a
 350  005E  0700     R  	mov a,_get_meal_2[6]
 350  005F  0081        	mov sbp,a
 350  0060  2000     E  	call _Crom2Prom
 350  0061  0080     E  	mov ra,a
 350  0062  1F00     E  	clr _builtin_holtek_udivmodqi4_2[3]
 350  0063  0700     E  	mov a,ra
 350  0064  0080     E  	mov _builtin_holtek_udivmodqi4_2[0],a
 350  0065  0F0A        	mov a,10
 350  0066  0080     E  	mov _builtin_holtek_udivmodqi4_2[1],a
 350  0067  2000     E  	call _builtin_holtek_udivmodqi4
 350  0068  0700     E  	mov a,_builtin_holtek_udivmodqi4_2[0]
 350  0069  0080     E  	mov ra,a
 350  006A  0F00     R  	mov a,low offset _Num_tab_7
 350  006B  0300     E  	add a,ra
 350  006C  0083        	mov mp,a
 350  006D  0F00     R  	mov a,high offset _Num_tab_7
 350  006E  1F01        	clr sbp
 350  006F  1381        	adcm a,sbp
 350  0070  2000     E  	call _Crom2Prom
文件：menu.c       编译器版本 HGASM 0202 页次16

 350  0071  0080     E  	mov _Write_DATA_2[0],a
 350  0072  0FC0        	mov a,192
 350  0073  2000     E  	call _Write_DATA
 351  0074              #line 351 "E:\HT66F018_F12\record_new\menu.c"
 351  0074  0700     R  	mov a,_get_meal_2[5]
 351  0075  0083        	mov mp,a
 351  0076  0700     R  	mov a,_get_meal_2[6]
 351  0077  0081        	mov sbp,a
 351  0078  2000     E  	call _Crom2Prom
 351  0079  0080     E  	mov ra,a
 351  007A  1F00     E  	clr _builtin_holtek_udivmodqi4_2[3]
 351  007B  0700     E  	mov a,ra
 351  007C  0080     E  	mov _builtin_holtek_udivmodqi4_2[0],a
 351  007D  0F0A        	mov a,10
 351  007E  0080     E  	mov _builtin_holtek_udivmodqi4_2[1],a
 351  007F  2000     E  	call _builtin_holtek_udivmodqi4
 351  0080  0700     E  	mov a,_builtin_holtek_udivmodqi4_2[2]
 351  0081  0080     E  	mov ra,a
 351  0082  0F00     R  	mov a,low offset _Num_tab_8
 351  0083  0300     E  	add a,ra
 351  0084  0083        	mov mp,a
 351  0085  0F00     R  	mov a,high offset _Num_tab_8
 351  0086  1F01        	clr sbp
 351  0087  1381        	adcm a,sbp
 351  0088  2000     E  	call _Crom2Prom
 351  0089  0080     E  	mov _Write_DATA_2[0],a
 351  008A  0FC2        	mov a,194
 351  008B  2000     E  	call _Write_DATA
 352  008C              #line 352 "E:\HT66F018_F12\record_new\menu.c"
 352  008C  0700     R  	mov a,_get_meal_2[7]
 352  008D  0083        	mov mp,a
 352  008E  0700     R  	mov a,_get_meal_2[8]
 352  008F  0081        	mov sbp,a
 352  0090  2000     E  	call _Crom2Prom
 352  0091  0080     E  	mov ra,a
 352  0092  1F00     E  	clr _builtin_holtek_udivmodqi4_2[3]
 352  0093  0700     E  	mov a,ra
 352  0094  0080     E  	mov _builtin_holtek_udivmodqi4_2[0],a
 352  0095  0F0A        	mov a,10
 352  0096  0080     E  	mov _builtin_holtek_udivmodqi4_2[1],a
 352  0097  2000     E  	call _builtin_holtek_udivmodqi4
 352  0098  0700     E  	mov a,_builtin_holtek_udivmodqi4_2[0]
 352  0099  0080     E  	mov ra,a
 352  009A  0F00     R  	mov a,low offset _Num_tab_7
 352  009B  0300     E  	add a,ra
 352  009C  0083        	mov mp,a
 352  009D  0F00     R  	mov a,high offset _Num_tab_7
 352  009E  1F01        	clr sbp
 352  009F  1381        	adcm a,sbp
 352  00A0  2000     E  	call _Crom2Prom
 352  00A1  0080     E  	mov _Write_DATA_2[0],a
 352  00A2  0FC4        	mov a,196
 352  00A3  2000     E  	call _Write_DATA
 353  00A4              #line 353 "E:\HT66F018_F12\record_new\menu.c"
 353  00A4  0700     R  	mov a,_get_meal_2[7]
 353  00A5  0083        	mov mp,a
 353  00A6  0700     R  	mov a,_get_meal_2[8]
 353  00A7  0081        	mov sbp,a
 353  00A8  2000     E  	call _Crom2Prom
 353  00A9  0080     E  	mov ra,a
文件：menu.c       编译器版本 HGASM 0202 页次17

 353  00AA  1F00     E  	clr _builtin_holtek_udivmodqi4_2[3]
 353  00AB  0700     E  	mov a,ra
 353  00AC  0080     E  	mov _builtin_holtek_udivmodqi4_2[0],a
 353  00AD  0F0A        	mov a,10
 353  00AE  0080     E  	mov _builtin_holtek_udivmodqi4_2[1],a
 353  00AF  2000     E  	call _builtin_holtek_udivmodqi4
 353  00B0  0700     E  	mov a,_builtin_holtek_udivmodqi4_2[2]
 353  00B1  0080     E  	mov ra,a
 353  00B2  0F00     R  	mov a,low offset _Num_tab_7
 353  00B3  0300     E  	add a,ra
 353  00B4  0083        	mov mp,a
 353  00B5  0F00     R  	mov a,high offset _Num_tab_7
 353  00B6  1F01        	clr sbp
 353  00B7  1381        	adcm a,sbp
 353  00B8  2000     E  	call _Crom2Prom
 353  00B9  0080     E  	mov _Write_DATA_2[0],a
 353  00BA  0FC6        	mov a,198
 353  00BB  2000     E  	call _Write_DATA
 354  00BC              #line 354 "E:\HT66F018_F12\record_new\menu.c"
 354  00BC  0700     R  	mov a,_get_meal_2[1]
 354  00BD  0083        	mov mp,a
 354  00BE  0700     R  	mov a,_get_meal_2[2]
 354  00BF  0081        	mov sbp,a
 354  00C0  2000     E  	call _Crom2Prom
 354  00C1  0080     E  	mov ra,a
 354  00C2  1F00     E  	clr _builtin_holtek_udivmodqi4_2[3]
 354  00C3  0700     E  	mov a,ra
 354  00C4  0080     E  	mov _builtin_holtek_udivmodqi4_2[0],a
 354  00C5  0F0A        	mov a,10
 354  00C6  0080     E  	mov _builtin_holtek_udivmodqi4_2[1],a
 354  00C7  2000     E  	call _builtin_holtek_udivmodqi4
 354  00C8  0700     E  	mov a,_builtin_holtek_udivmodqi4_2[0]
 354  00C9  0080     E  	mov ra,a
 354  00CA  0F00     R  	mov a,low offset _Num_tab_7
 354  00CB  0300     E  	add a,ra
 354  00CC  0083        	mov mp,a
 354  00CD  0F00     R  	mov a,high offset _Num_tab_7
 354  00CE  1F01        	clr sbp
 354  00CF  1381        	adcm a,sbp
 354  00D0  2000     E  	call _Crom2Prom
 354  00D1  0080     E  	mov _Write_DATA_2[0],a
 354  00D2  0FC8        	mov a,200
 354  00D3  2000     E  	call _Write_DATA
 355  00D4              #line 355 "E:\HT66F018_F12\record_new\menu.c"
 355  00D4  0700     R  	mov a,_get_meal_2[1]
 355  00D5  0083        	mov mp,a
 355  00D6  0700     R  	mov a,_get_meal_2[2]
 355  00D7  0081        	mov sbp,a
 355  00D8  2000     E  	call _Crom2Prom
 355  00D9  0080     E  	mov ra,a
 355  00DA  1F00     E  	clr _builtin_holtek_udivmodqi4_2[3]
 355  00DB  0700     E  	mov a,ra
 355  00DC  0080     E  	mov _builtin_holtek_udivmodqi4_2[0],a
 355  00DD  0F0A        	mov a,10
 355  00DE  0080     E  	mov _builtin_holtek_udivmodqi4_2[1],a
 355  00DF  2000     E  	call _builtin_holtek_udivmodqi4
 355  00E0  0700     E  	mov a,_builtin_holtek_udivmodqi4_2[2]
 355  00E1  0080     E  	mov ra,a
 355  00E2  0F00     R  	mov a,low offset _Num_tab_7
 355  00E3  0300     E  	add a,ra
文件：menu.c       编译器版本 HGASM 0202 页次18

 355  00E4  0083        	mov mp,a
 355  00E5  0F00     R  	mov a,high offset _Num_tab_7
 355  00E6  1F01        	clr sbp
 355  00E7  1381        	adcm a,sbp
 355  00E8  2000     E  	call _Crom2Prom
 355  00E9  0080     E  	mov _Write_DATA_2[0],a
 355  00EA  0FCA        	mov a,202
 355  00EB  2000     E  	call _Write_DATA
 355  00EC  0003        	ret
 355  00ED              _get_meal endp
 355  00ED              #line 355 "E:\HT66F018_F12\record_new\menu.c"
 355  00ED              #pragma debug scope 1 1
 355  00ED              public _set_meal
 355  00ED              #pragma debug scope 5 1
 263  00ED              #line 263 "E:\HT66F018_F12\record_new\menu.c"
 263  0000              _set_meal .section 'code'
 263  0000              _set_meal proc
 263  0000  0005[           local _set_meal_2 db 5 dup(?)	; 0,5
            00
            ]
 263  0005              #pragma debug variable 8 5 _set_meal_2+1 "num"
 263  0005              #pragma debug variable 7 5 _set_meal_2+0 "set_meal_value_flag"
 268  0005              #line 268 "E:\HT66F018_F12\record_new\menu.c"
 268  0000  0F01        	mov a,1
 268  0001  0080     R  	mov _set_meal_flag[0],a
 270  0002              #line 270 "E:\HT66F018_F12\record_new\menu.c"
 270  0002  0F01        	mov a,1
 270  0003  2000     R  	call _get_meal
 266  0004              #line 266 "E:\HT66F018_F12\record_new\menu.c"
 266  0004  0F01        	mov a,1
 266  0005  0080     R  	mov _set_meal_2[0],a
 265  0006              #line 265 "E:\HT66F018_F12\record_new\menu.c"
 265  0006  0F01        	mov a,1
 265  0007  0080     R  	mov _set_meal_2[1],a
 265  0008              _L59:
 273  0008              #line 273 "E:\HT66F018_F12\record_new\menu.c"
 273  0008  0700     R  	mov a,_set_meal_2[0]
 273  0009  0A01        	sub a,1
 273  000A  3D0A        	sz z
 273  000B  2800     R  	jmp _L51
 273  000C  0A01        	sub a,(2)-(1)
 273  000D  3D0A        	sz z
 273  000E  2800     R  	jmp _L52
 273  000F  0700     R  	mov a,_set_meal_2[0]
 273  0010  0A03        	sub a,3
 273  0011  3D0A        	sz z
 273  0012  2800     R  	jmp _L53
 273  0013  0700     R  	mov a,_set_meal_2[0]
 273  0014  0A04        	sub a,4
 273  0015  390A        	snz z
 273  0016  2800     R  	jmp _L61
 305  0017              #line 305 "E:\HT66F018_F12\record_new\menu.c"
 305  0017  0FFF        	mov a,255
 305  0018  0300     R  	add a,_set_meal_2[1]
 305  0019  0080     E  	mov rb,a
 305  001A  0FFF        	mov a,255
 305  001B  1F00     E  	clr rc
 305  001C  1380     E  	adcm a,rc
 305  001D  340A        	clr c
 305  001E  1A80     E  	rlc rb
文件：menu.c       编译器版本 HGASM 0202 页次19

 305  001F  1A80     E  	rlc rc
 305  0020  340A        	clr c
 305  0021  1A80     E  	rlc rb
 305  0022  1A80     E  	rlc rc
 305  0023  0F00     E  	mov a,low (offset _feed_plans+1)
 305  0024  0300     E  	add a,rb
 305  0025  0080     R  	mov _set_meal_2[3],a
 305  0026  0F00     E  	mov a,high (offset _feed_plans+1)
 305  0027  1300     E  	adc a,rc
 305  0028  0080     R  	mov _set_meal_2[4],a
 306  0029              #line 306 "E:\HT66F018_F12\record_new\menu.c"
 306  0029  0F04        	mov a,4
 306  002A  0080     R  	mov _set_val_2[2],a
 306  002B  0F3B        	mov a,59
 306  002C  0080     R  	mov _set_val_2[1],a
 306  002D  2800     R  	jmp _L62
 306  002E              _L51:
 278  002E              #line 278 "E:\HT66F018_F12\record_new\menu.c"
 278  002E  0F01        	mov a,1
 278  002F  0080     R  	mov _set_val_2[2],a
 278  0030  0F06        	mov a,6
 278  0031  0080     R  	mov _set_val_2[1],a
 278  0032  0F01        	mov a,1
 278  0033  0080     R  	mov _set_val_2[0],a
 278  0034  0700     R  	mov a,_set_meal_2[1]
 278  0035  2000     R  	call _set_val
 278  0036  0080     R  	mov _set_meal_2[1],a
 280  0037              #line 280 "E:\HT66F018_F12\record_new\menu.c"
 280  0037  0700     R  	mov a,_set_meal_2[1]
 280  0038  2000     R  	call _get_meal
 282  0039              #line 282 "E:\HT66F018_F12\record_new\menu.c"
 282  0039  2800     R  	jmp _L50
 282  003A              _L52:
 289  003A              #line 289 "E:\HT66F018_F12\record_new\menu.c"
 289  003A  0FFF        	mov a,255
 289  003B  0300     R  	add a,_set_meal_2[1]
 289  003C  0080     E  	mov rb,a
 289  003D  0FFF        	mov a,255
 289  003E  1F00     E  	clr rc
 289  003F  1380     E  	adcm a,rc
 289  0040  340A        	clr c
 289  0041  1A80     E  	rlc rb
 289  0042  1A80     E  	rlc rc
 289  0043  340A        	clr c
 289  0044  1A80     E  	rlc rb
 289  0045  1A80     E  	rlc rc
 289  0046  0F00     E  	mov a,low (offset _feed_plans+2)
 289  0047  0300     E  	add a,rb
 289  0048  0080     R  	mov _set_meal_2[3],a
 289  0049  0F00     E  	mov a,high (offset _feed_plans+2)
 289  004A  1300     E  	adc a,rc
 289  004B  0080     R  	mov _set_meal_2[4],a
 290  004C              #line 290 "E:\HT66F018_F12\record_new\menu.c"
 290  004C  0F02        	mov a,2
 290  004D  0080     R  	mov _set_val_2[2],a
 290  004E  0F28        	mov a,40
 290  004F  0080     R  	mov _set_val_2[1],a
 290  0050  0F01        	mov a,1
 290  0051  0080     R  	mov _set_val_2[0],a
 290  0052  2800     R  	jmp _L63
文件：menu.c       编译器版本 HGASM 0202 页次20

 290  0053              _L53:
 297  0053              #line 297 "E:\HT66F018_F12\record_new\menu.c"
 297  0053  0FFF        	mov a,255
 297  0054  0300     R  	add a,_set_meal_2[1]
 297  0055  0080     E  	mov rb,a
 297  0056  0FFF        	mov a,255
 297  0057  1F00     E  	clr rc
 297  0058  1380     E  	adcm a,rc
 297  0059  340A        	clr c
 297  005A  1A80     E  	rlc rb
 297  005B  1A80     E  	rlc rc
 297  005C  340A        	clr c
 297  005D  1A80     E  	rlc rb
 297  005E  1A80     E  	rlc rc
 297  005F  0F00     E  	mov a,low offset _feed_plans
 297  0060  0300     E  	add a,rb
 297  0061  0080     R  	mov _set_meal_2[3],a
 297  0062  0F00     E  	mov a,high offset _feed_plans
 297  0063  1300     E  	adc a,rc
 297  0064  0080     R  	mov _set_meal_2[4],a
 298  0065              #line 298 "E:\HT66F018_F12\record_new\menu.c"
 298  0065  0F03        	mov a,3
 298  0066  0080     R  	mov _set_val_2[2],a
 298  0067  0F17        	mov a,23
 298  0068  0080     R  	mov _set_val_2[1],a
 298  0069              _L62:
 306  0069              #line 306 "E:\HT66F018_F12\record_new\menu.c"
 306  0069  1F00     R  	clr _set_val_2[0]
 306  006A              _L63:
 306  006A  0700     R  	mov a,_set_meal_2[3]
 306  006B  0083        	mov mp,a
 306  006C  0700     R  	mov a,_set_meal_2[4]
 306  006D  0081        	mov sbp,a
 306  006E  2000     E  	call _Crom2Prom
 306  006F  2000     R  	call _set_val
 306  0070  0080     E  	mov ra,a
 306  0071  0700     R  	mov a,_set_meal_2[3]
 306  0072  0083        	mov mp,a
 306  0073  0700     R  	mov a,_set_meal_2[4]
 306  0074  0081        	mov sbp,a
 306  0075  0701        	mov a,sbp
 306  0076  0084        	mov bp,a
 306  0077  0700     E  	mov a,ra
 306  0078  0082        	mov ir,a
 309  0079              #line 309 "E:\HT66F018_F12\record_new\menu.c"
 309  0079  2800     R  	jmp _L50
 309  007A              _L61:
 312  007A              #line 312 "E:\HT66F018_F12\record_new\menu.c"
 312  007A  0F05        	mov a,5
 312  007B  0080     R  	mov _set_meal_2[0],a
 312  007C              _L50:
 315  007C              #line 315 "E:\HT66F018_F12\record_new\menu.c"
 315  007C  0700     R  	mov a,_set_val_flag[0]
 315  007D  0080     R  	mov _set_meal_2[3],a
 315  007E  1700     R  	sdza _set_meal_2[3]
 315  007F  2800     R  	jmp _L55
 318  0080              #line 318 "E:\HT66F018_F12\record_new\menu.c"
 318  0080  1580     R  	dec _set_meal_2[0]
 319  0081              #line 319 "E:\HT66F018_F12\record_new\menu.c"
 319  0081  1F00     R  	clr _set_val_flag[0]
文件：menu.c       编译器版本 HGASM 0202 页次21

 319  0082  2800     R  	jmp _L59
 319  0083              _L55:
 321  0083              #line 321 "E:\HT66F018_F12\record_new\menu.c"
 321  0083  0F01        	mov a,1
 321  0084  0200     R  	sub a,_set_meal_2[3]
 321  0085  3C0A        	sz c
 321  0086  2800     R  	jmp _L57
 323  0087              #line 323 "E:\HT66F018_F12\record_new\menu.c"
 323  0087  1480     R  	inc _set_meal_2[0]
 324  0088              #line 324 "E:\HT66F018_F12\record_new\menu.c"
 324  0088  1F00     R  	clr _set_val_flag[0]
 324  0089              _L57:
 327  0089              #line 327 "E:\HT66F018_F12\record_new\menu.c"
 327  0089  0F04        	mov a,4
 327  008A  0200     R  	sub a,_set_meal_2[0]
 327  008B  1185        	swap acc
 327  008C  040A        	xor a,status
 327  008D  3985        	snz acc.3
 327  008E  2800     R  	jmp _L59
 329  008F              #line 329 "E:\HT66F018_F12\record_new\menu.c"
 329  008F  0700     R  	mov a,_set_meal_2[1]
 329  0090  0300     R  	add a,_set_meal_2[1]
 329  0091  0080     E  	mov ra,a
 329  0092  0700     E  	mov a,ra
 329  0093  0300     E  	add a,ra
 329  0094  0080     R  	mov _set_meal_2[0],a
 329  0095  0FFF        	mov a,255
 329  0096  0300     R  	add a,_set_meal_2[1]
 329  0097  0080     E  	mov rb,a
 329  0098  0FFF        	mov a,255
 329  0099  1F00     E  	clr rc
 329  009A  1380     E  	adcm a,rc
 329  009B  340A        	clr c
 329  009C  1A00     E  	rlca rb
 329  009D  0080     R  	mov _set_meal_2[1],a
 329  009E  1A00     E  	rlca rc
 329  009F  0080     R  	mov _set_meal_2[2],a
 329  00A0  340A        	clr c
 329  00A1  1A80     R  	rlc _set_meal_2[1]
 329  00A2  1A80     R  	rlc _set_meal_2[2]
 329  00A3  1400     R  	inca _set_meal_2[0]
 329  00A4  0080     E  	mov _EEPROM_Write_Byte_2[0],a
 329  00A5  0F00     E  	mov a,low offset _feed_plans
 329  00A6  0300     R  	add a,_set_meal_2[1]
 329  00A7  0083        	mov mp,a
 329  00A8  0F00     E  	mov a,high offset _feed_plans
 329  00A9  1300     R  	adc a,_set_meal_2[2]
 329  00AA  0081        	mov sbp,a
 329  00AB  2000     E  	call _Crom2Prom
 329  00AC  2000     E  	call _EEPROM_Write_Byte
 330  00AD              #line 330 "E:\HT66F018_F12\record_new\menu.c"
 330  00AD  0700     R  	mov a,_set_meal_2[0]
 330  00AE  0B02        	add a,2
 330  00AF  0080     E  	mov _EEPROM_Write_Byte_2[0],a
 330  00B0  0F00     E  	mov a,low (offset _feed_plans+1)
 330  00B1  0300     R  	add a,_set_meal_2[1]
 330  00B2  0083        	mov mp,a
 330  00B3  0F00     E  	mov a,high (offset _feed_plans+1)
 330  00B4  1300     R  	adc a,_set_meal_2[2]
 330  00B5  0081        	mov sbp,a
文件：menu.c       编译器版本 HGASM 0202 页次22

 330  00B6  2000     E  	call _Crom2Prom
 330  00B7  2000     E  	call _EEPROM_Write_Byte
 331  00B8              #line 331 "E:\HT66F018_F12\record_new\menu.c"
 331  00B8  0700     R  	mov a,_set_meal_2[0]
 331  00B9  0B03        	add a,3
 331  00BA  0080     E  	mov _EEPROM_Write_Byte_2[0],a
 331  00BB  0F00     E  	mov a,low (offset _feed_plans+2)
 331  00BC  0300     R  	add a,_set_meal_2[1]
 331  00BD  0083        	mov mp,a
 331  00BE  0F00     E  	mov a,high (offset _feed_plans+2)
 331  00BF  1300     R  	adc a,_set_meal_2[2]
 331  00C0  0081        	mov sbp,a
 331  00C1  2000     E  	call _Crom2Prom
 331  00C2  2000     E  	call _EEPROM_Write_Byte
 333  00C3              #line 333 "E:\HT66F018_F12\record_new\menu.c"
 333  00C3  1F00     R  	clr _set_meal_flag[0]
 340  00C4              #line 340 "E:\HT66F018_F12\record_new\menu.c"
 340  00C4  0F00        	mov a,0
 340  00C5  0003        	ret
 340  00C6              _set_meal endp
 340  00C6              #line 340 "E:\HT66F018_F12\record_new\menu.c"
 340  00C6              #pragma debug scope 1 1
 340  00C6              public _set_meal_flag
 340  0000              @HCCINIT	.section 'data'
  15  0000              #line 15 "E:\HT66F018_F12\record_new\menu.c"
  15  0000              @HCCINIT .section 'data'
  15  0000              _set_meal_flag label byte
  15  0000              #pragma debug variable 8 1 _set_meal_flag "set_meal_flag"
  15  0000              	db 0
  15  0000              @ROMDATA_BASE .section inpage 'code'
  15  0000              	db 0
  15  0001              @HCCINIT .section 'data'
  15  0001              public _set_time_flag
  14  0001              #line 14 "E:\HT66F018_F12\record_new\menu.c"
  14  0001              @HCCINIT .section 'data'
  14  0001              _set_time_flag label byte
  14  0001              #pragma debug variable 8 1 _set_time_flag "set_time_flag"
  14  0001              	db 0
  14  0001              @ROMDATA_BASE .section inpage 'code'
  14  0001              	db 0
  14  0002              @HCCINIT .section 'data'
  14  0002              public _set_val_flag
  13  0002              #line 13 "E:\HT66F018_F12\record_new\menu.c"
  13  0002              @HCCINIT .section 'data'
  13  0002              _set_val_flag label byte
  13  0002              #pragma debug variable 8 1 _set_val_flag "set_val_flag"
  13  0002              	db 0
  13  0001              @ROMDATA_BASE .section inpage 'code'
  13  0001              	db 0
  13  0003              @HCCINIT .section 'data'
  13  0000              @crom	.section 'crom'

 358  0000              #line 358 "E:\HT66F018_F12\record_new\define.h"
 358  0000              @crom	.section	'crom'
 358  0000              _Num_tab_8:
 358  0000              #pragma debug array 43 8 10 1
 358  0000              #pragma debug array 43 8 10 1
 358  0000              #pragma debug variable 43 1 _Num_tab_8 "Num_tab_8"
 358  0000              	db -65
 358  0001              	db -122
文件：define.h     编译器版本 HGASM 0202 页次23

 358  0001              	db -37
 358  0002              	db -49
 358  0002              	db -26
 358  0003              	db -19
 358  0003              	db -3
 358  0004              	db -121
 358  0004              	db -1
 358  0005              	db -17
 357  0005              #line 357 "E:\HT66F018_F12\record_new\define.h"
 357  0005              @crom	.section	'crom'
 357  0005              _Num_tab_7:
 357  0005              #pragma debug variable 43 1 _Num_tab_7 "Num_tab_7"
 357  0005              	db 63
 357  0006              	db 6
 357  0006              	db 91
 357  0007              	db 79
 357  0007              	db 102
 357  0008              	db 109
 357  0008              	db 125
 357  0009              	db 7
 357  0009              	db 127
 357  000A              	db 111
 357  000A              
 357  000A              ; output external variables
 357  000A              extern _feed_plans:byte
 357  000A              extern _rtc_date:byte
 357  000A              extern _key_scan:near
 357  000A              extern _builtin_holtek_udivmodqi4_2:byte
 357  000A              extern _builtin_holtek_udivmodqi4:near
 357  000A              extern _Write_DATA_2:byte
 357  000A              extern _Write_DATA:near
 357  000A              extern _use_delay_us_2:byte
 357  000A              extern _use_delay_us:near
 357  000A              extern _time_save:near
 357  000A              extern _EEPROM_Read_Byte:near
 357  000A              extern _EEPROM_Write_Byte_2:byte
 357  000A              extern _EEPROM_Write_Byte:near
 357  000A              
 357  000A              ; 
 357  000A              ; Generated by holtek-gcc v3.19, Fri Jan 21 10:15:02 2022
 357  000A              ; Rebuild 718
 357  000A              ; end of file


        0 Errors, 0