文件：HT8_it.c     编译器版本 HGASM 0202 页次1


   1  0000              ; Generated by holtek-gcc v3.19, Sat Jan 01 17:32:45 2022
   2  0000              ; 
   3  0000              ; Configuration:
   4  0000              ;       without long instruction
   5  0000              ;       Single ROM, Multi-RAM
   6  0000              ;       bits_per_rom_unit:16
   7  0000              ;       with mp1
   8  0000              ;       with tbhp, address(0x9)
   9  0000              ;          Use tabrd-const
  10  0000              ;       
  11  0000              ;       
  12  0000              ;       
  13  0000              ; use 'tabrdc' instead of 'tabrd'
  14  0000              ;       
  15  0000              
  16  0000              #pragma translator "holtek-gcc 4.6.4" "3.19" "build 20130711"
  17  0000              ; Rebuild 718
  18  0000              
  19  0000              ir equ [2]
  20  0000              mp equ [3]
  21  0000              sbp equ [1]
  22  0000              acc equ [5]
  23  0000              bp equ [4]
  24  0000              tblp equ [7]
  25  0000              tbhp equ [9]
  26  0000              status equ [10]
  27  0000              c equ [10].0
  28  0000              ac equ [10].1
  29  0000              z equ [10].2
  30  0000              ov equ [10].3
  31  0000              intc equ [11]
  32  0000              
  33  0000              extern ra:byte
  34  0000              extern rb:byte
  35  0000              extern rc:byte
  36  0000              extern rd:byte
  37  0000              extern re:byte
  38  0000              extern rf:byte
  39  0000              extern rg:byte
  40  0000              extern rh:byte
  41  0000              extern _Crom2Prom:near
  42  0000              extern _Crom2PromNext:near
  43  0000              
  44  0000              RAMBANK 0 @HCCINIT, @HCCINIT0
  45  0000              
  46  0000              RAMBANK 0 @BITDATASEC, @BITDATASEC1
  47  0000              @HCCINIT	.section 'data'
  48  0000              @HCCINIT0	.section 'data'
  49  0000              @BITDATASEC	 .section 'data'
  50  0000              @BITDATASEC1	 .section 'data'
  51  0000              
  52  0000              #pragma debug scope 1 1
  53  0000              	extern __DELAY3:near
  54  0000              	extern __DELAYX3:near
  55  0000              	extern __DELAYX6:near
  56  0000              	extern __DELAYY5:near
  57  0000              	extern __DELAYY3:near
  58  0000              	extern _builtin_holtek_delay_2:byte
  59  0000              public _INT0_ISR
文件：HT8_it.ASM   编译器版本 HGASM 0202 页次2

  60  0000              #pragma debug scope 2 1

  41  0000              #line 41 "E:\demo_20211221\ADC_polling\src\HT8_it.c"
  41  0000              @INT0_ISR_code .section at 4 'code'
  41  0000              _INT0_ISR:
  41  0000  0004        	reti
  41  0001              #line 41 "E:\demo_20211221\ADC_polling\src\HT8_it.c"
  41  0001              #pragma debug scope 1 1
  41  0001              public _COMP_ISR
  41  0001              #pragma debug scope 3 1
  53  0001              #line 53 "E:\demo_20211221\ADC_polling\src\HT8_it.c"
  53  0000              @COMP_ISR_code .section at 8 'code'
  53  0000              _COMP_ISR:
  53  0000  0004        	reti
  53  0001              #line 53 "E:\demo_20211221\ADC_polling\src\HT8_it.c"
  53  0001              #pragma debug scope 1 1
  53  0001              public _Timer0_ISR
  53  0001              #pragma debug scope 4 1
  65  0001              #line 65 "E:\demo_20211221\ADC_polling\src\HT8_it.c"
  65  0000              @Timer0_ISR_code .section at 12 'code'
  65  0000              _Timer0_ISR:
  65  0000  0004        	reti
  65  0001              #line 65 "E:\demo_20211221\ADC_polling\src\HT8_it.c"
  65  0001              #pragma debug scope 1 1
  65  0001              public _Timer1_2_ISR
  65  0001              #pragma debug scope 5 1
  77  0001              #line 77 "E:\demo_20211221\ADC_polling\src\HT8_it.c"
  77  0000              @Timer1_2_ISR_code .section at 16 'code'
  77  0000              _Timer1_2_ISR:
  77  0000  0004        	reti
  77  0001              #line 77 "E:\demo_20211221\ADC_polling\src\HT8_it.c"
  77  0001              #pragma debug scope 1 1
  77  0001              public _LVD_EEPROM_ISR
  77  0001              #pragma debug scope 6 1
  89  0001              #line 89 "E:\demo_20211221\ADC_polling\src\HT8_it.c"
  89  0000              @LVD_EEPROM_ISR_code .section at 20 'code'
  89  0000              _LVD_EEPROM_ISR:
  89  0000  0004        	reti
  89  0001              #line 89 "E:\demo_20211221\ADC_polling\src\HT8_it.c"
  89  0001              #pragma debug scope 1 1
  89  0001              public _ADC_ISR
  89  0001              #pragma debug scope 7 1
 101  0001              #line 101 "E:\demo_20211221\ADC_polling\src\HT8_it.c"
 101  0000              @ADC_ISR_code .section at 24 'code'
 101  0000              _ADC_ISR:
 101  0000  0004        	reti
 101  0001              #line 101 "E:\demo_20211221\ADC_polling\src\HT8_it.c"
 101  0001              #pragma debug scope 1 1
 101  0001              public _TB0_ISR
 101  0001              #pragma debug scope 8 1
 114  0001              #line 114 "E:\demo_20211221\ADC_polling\src\HT8_it.c"
 114  0000              @TB0_ISR_code .section at 28 'code'
 114  0000              _TB0_ISR:
 114  0000  0004        	reti
 114  0001              #line 114 "E:\demo_20211221\ADC_polling\src\HT8_it.c"
 114  0001              #pragma debug scope 1 1
 114  0001              public _TB1_ISR
 114  0001              #pragma debug scope 9 1
 127  0001              #line 127 "E:\demo_20211221\ADC_polling\src\HT8_it.c"
 127  0000              @TB1_ISR_code .section at 32 'code'
文件：HT8_it.c     编译器版本 HGASM 0202 页次3

 127  0000              _TB1_ISR:
 127  0000  0004        	reti
 127  0001              #line 127 "E:\demo_20211221\ADC_polling\src\HT8_it.c"
 127  0001              #pragma debug scope 1 1
 127  0001              public _INT1_ISR
 127  0001              #pragma debug scope 10 1
 140  0001              #line 140 "E:\demo_20211221\ADC_polling\src\HT8_it.c"
 140  0000              @INT1_ISR_code .section at 36 'code'
 140  0000              _INT1_ISR:
 140  0000  0004        	reti
 140  0001              #line 140 "E:\demo_20211221\ADC_polling\src\HT8_it.c"
 140  0001              #pragma debug scope 1 1
 140  0001              
 140  0001              ; 
 140  0001              ; Generated by holtek-gcc v3.19, Sat Jan 01 17:32:45 2022
 140  0001              ; Rebuild 718
 140  0001              ; end of file


        0 Errors, 0