文件：HT8_Simulation_UART.c 编译器版本 HGASM 0202 页次1


   1  0000              ; Generated by holtek-gcc v3.19, Tue Jan 11 09:53:18 2022
   2  0000              ; 
   3  0000              ; Configuration:
   4  0000              ;       without long instruction
   5  0000              ;       Single ROM, Multi-RAM
   6  0000              ;       bits_per_rom_unit:16
   7  0000              ;       with mp1
   8  0000              ;       with tbhp, address(0x9)
   9  0000              ;          Use tabrd-const
  10  0000              ;       
  11  0000              ;       
  12  0000              ;       
  13  0000              ; use 'tabrdc' instead of 'tabrd'
  14  0000              ;       
  15  0000              
  16  0000              #pragma translator "holtek-gcc 4.6.4" "3.19" "build 20130711"
  17  0000              ; Rebuild 718
  18  0000              
  19  0000              ir equ [2]
  20  0000              mp equ [3]
  21  0000              sbp equ [1]
  22  0000              acc equ [5]
  23  0000              bp equ [4]
  24  0000              tblp equ [7]
  25  0000              tbhp equ [9]
  26  0000              status equ [10]
  27  0000              c equ [10].0
  28  0000              ac equ [10].1
  29  0000              z equ [10].2
  30  0000              ov equ [10].3
  31  0000              intc equ [11]
  32  0000              
  33  0000              extern ra:byte
  34  0000              extern rb:byte
  35  0000              extern rc:byte
  36  0000              extern rd:byte
  37  0000              extern re:byte
  38  0000              extern rf:byte
  39  0000              extern rg:byte
  40  0000              extern rh:byte
  41  0000              extern _Crom2Prom:near
  42  0000              extern _Crom2PromNext:near
  43  0000              
  44  0000              RAMBANK 0 @HCCINIT, @HCCINIT0
  45  0000              
  46  0000              RAMBANK 0 @BITDATASEC, @BITDATASEC1
  47  0000              @HCCINIT	.section 'data'
  48  0000              @HCCINIT0	.section 'data'
  49  0000              @BITDATASEC	 .section 'data'
  50  0000              @BITDATASEC1	 .section 'data'
  51  0000              
  52  0000              #pragma debug scope 1 1
  53  0000              	extern __DELAY3:near
  54  0000              	extern __DELAYX3:near
  55  0000              	extern __DELAYX6:near
  56  0000              	extern __DELAYY5:near
  57  0000              	extern __DELAYY3:near
  58  0000              	extern _builtin_holtek_delay_2:byte
  59  0000              ___pa equ [20]
文件：HT8_Simulation_UART.ASM 编译器版本 HGASM 0202 页次2

  60  0000              public _UART_SoftWareSendByte
  61  0000              #pragma debug scope 2 1

  39  0000              #line 39 "e:\f12-ht66f018\adc_polling\src\HT8_Simulation_UART.c"
  39  0000              _UART_SoftWareSendByte .section 'code'
  39  0000              _UART_SoftWareSendByte proc
  39  0000  00              local _UART_SoftWareSendByte_2 db 1 dup(?)	; 0,1
  39  0000  0080     R  	mov _UART_SoftWareSendByte_2[0],a
  39  0001              #pragma debug variable 8 2 _UART_SoftWareSendByte_2+0 "TxData"
  41  0001              #line 41 "e:\f12-ht66f018\adc_polling\src\HT8_Simulation_UART.c"
  41  0001  3714        	clr [20].6
  42  0002              #line 42 "e:\f12-ht66f018\adc_polling\src\HT8_Simulation_UART.c"
  42  0002              ;# 42 "e:\f12-ht66f018\adc_polling\src\HT8_Simulation_UART.c" 1
  42  0002              	IF 193>263690
  42  0002              ;# 42 "e:\f12-ht66f018\adc_polling\src\HT8_Simulation_UART.c" 1
  42  0002              	ERRMESSAGE 'the value 193of the argument exceeds the maxinum 263690'
  42  0002              	ENDIF
  42  0002              ;# 42 "e:\f12-ht66f018\adc_polling\src\HT8_Simulation_UART.c" 1
  42  0002              	IF 193<0
  42  0002              ;# 42 "e:\f12-ht66f018\adc_polling\src\HT8_Simulation_UART.c" 1
  42  0002              	ERRMESSAGE 'the value 193 of the argument exceeds the mininum 0'
  42  0002              	ENDIF
  42  0002              ;# 42 "e:\f12-ht66f018\adc_polling\src\HT8_Simulation_UART.c" 1
  42  0002              	IF 193==0
  42  0002              ;# 42 "e:\f12-ht66f018\adc_polling\src\HT8_Simulation_UART.c" 1
  42  0002              	JMP $
  42  0002              	ENDIF
  42  0002              ;# 42 "e:\f12-ht66f018\adc_polling\src\HT8_Simulation_UART.c" 1
  42  0002              	IF 193==1
  42  0002              ;# 42 "e:\f12-ht66f018\adc_polling\src\HT8_Simulation_UART.c" 1
  42  0002              	NOP
  42  0002              	ENDIF
  42  0002              ;# 42 "e:\f12-ht66f018\adc_polling\src\HT8_Simulation_UART.c" 1
  42  0002              	IF 193==2
  42  0002              ;# 42 "e:\f12-ht66f018\adc_polling\src\HT8_Simulation_UART.c" 1
  42  0002              	NOP
  42  0002              ;# 42 "e:\f12-ht66f018\adc_polling\src\HT8_Simulation_UART.c" 1
  42  0002              	NOP
  42  0002              	ENDIF
  42  0002              ;# 42 "e:\f12-ht66f018\adc_polling\src\HT8_Simulation_UART.c" 1
  42  0002              	IF 193==3
  42  0002              ;# 42 "e:\f12-ht66f018\adc_polling\src\HT8_Simulation_UART.c" 1
  42  0002              	NOP
  42  0002              ;# 42 "e:\f12-ht66f018\adc_polling\src\HT8_Simulation_UART.c" 1
  42  0002              	NOP
  42  0002              ;# 42 "e:\f12-ht66f018\adc_polling\src\HT8_Simulation_UART.c" 1
  42  0002              	NOP
  42  0002              	ENDIF
  42  0002              ;# 42 "e:\f12-ht66f018\adc_polling\src\HT8_Simulation_UART.c" 1
  42  0002              	IF (193<8) AND (193>3)
  42  0002              ;# 42 "e:\f12-ht66f018\adc_polling\src\HT8_Simulation_UART.c" 1
  42  0002              	CALL __DELAY3 + 7 -193
  42  0002              	ENDIF
  42  0002              ;# 42 "e:\f12-ht66f018\adc_polling\src\HT8_Simulation_UART.c" 1
  42  0002              	IF (193< 0404h) AND (193>7)
  42  0002              ;# 42 "e:\f12-ht66f018\adc_polling\src\HT8_Simulation_UART.c" 1
  42  0002  0F2F        	MOV A,193/4-1
  42  0003              ;# 42 "e:\f12-ht66f018\adc_polling\src\HT8_Simulation_UART.c" 1
  42  0003  2000     E  	CALL __DELAYX3 + 3 -(193 MOD 4)
  42  0004              	ENDIF
文件：HT8_Simulation_UART.c 编译器版本 HGASM 0202 页次3

  42  0004              ;# 42 "e:\f12-ht66f018\adc_polling\src\HT8_Simulation_UART.c" 1
  42  0004              	IF (193< 0x40B) AND (193> 0403h)
  42  0004              ;# 42 "e:\f12-ht66f018\adc_polling\src\HT8_Simulation_UART.c" 1
  42  0004              	MOV A,0 
  42  0004              ;# 42 "e:\f12-ht66f018\adc_polling\src\HT8_Simulation_UART.c" 1
  42  0004              	CALL __DELAYX6 + 0x40a -193
  42  0004              	ENDIF
  42  0004              ;# 42 "e:\f12-ht66f018\adc_polling\src\HT8_Simulation_UART.c" 1
  42  0004              	IF (193 >= 0x40b) AND ((((193-9)%0402h)/4+1)>256)
  42  0004              ;# 42 "e:\f12-ht66f018\adc_polling\src\HT8_Simulation_UART.c" 1
  42  0004              	MOV A,(193-9)/0402h
  42  0004              ;# 42 "e:\f12-ht66f018\adc_polling\src\HT8_Simulation_UART.c" 1
  42  0004              	MOV _builtin_holtek_delay_2,A
  42  0004              ;# 42 "e:\f12-ht66f018\adc_polling\src\HT8_Simulation_UART.c" 1
  42  0004              	MOV A,0
  42  0004              ;# 42 "e:\f12-ht66f018\adc_polling\src\HT8_Simulation_UART.c" 1
  42  0004              	CALL __DELAYY5 +5- (((193-9)%0402h)%6)
  42  0004              	ENDIF
  42  0004              ;# 42 "e:\f12-ht66f018\adc_polling\src\HT8_Simulation_UART.c" 1
  42  0004              	IF (193 >= 0x40b) AND ((((193-9)%0402h)/4+1)<=256)
  42  0004              ;# 42 "e:\f12-ht66f018\adc_polling\src\HT8_Simulation_UART.c" 1
  42  0004              	MOV A,(193-9)/0402h
  42  0004              ;# 42 "e:\f12-ht66f018\adc_polling\src\HT8_Simulation_UART.c" 1
  42  0004              	MOV _builtin_holtek_delay_2,A
  42  0004              ;# 42 "e:\f12-ht66f018\adc_polling\src\HT8_Simulation_UART.c" 1
  42  0004              	MOV A,((193-9)%0402h)/4+1
  42  0004              ;# 42 "e:\f12-ht66f018\adc_polling\src\HT8_Simulation_UART.c" 1
  42  0004              	CALL __DELAYY3 +3-(((193-9)%0402h)%4)
  42  0004              	ENDIF
  42  0004  0F08        	mov a,8
  42  0005  0080     E  	mov ra,a
  42  0006              _L5:
  47  0006              #line 47 "e:\f12-ht66f018\adc_polling\src\HT8_Simulation_UART.c"
  47  0006  3800     R  	snz _UART_SoftWareSendByte_2[0].0
  47  0007  2800     R  	jmp _L2
  49  0008              #line 49 "e:\f12-ht66f018\adc_polling\src\HT8_Simulation_UART.c"
  49  0008  3314        	set [20].6
  49  0009  2800     R  	jmp _L3
  49  000A              _L2:
  53  000A              #line 53 "e:\f12-ht66f018\adc_polling\src\HT8_Simulation_UART.c"
  53  000A  3714        	clr [20].6
  53  000B              _L3:
  55  000B              #line 55 "e:\f12-ht66f018\adc_polling\src\HT8_Simulation_UART.c"
  55  000B              ;# 55 "e:\f12-ht66f018\adc_polling\src\HT8_Simulation_UART.c" 1
  55  000B              	IF 193>263690
  55  000B              ;# 55 "e:\f12-ht66f018\adc_polling\src\HT8_Simulation_UART.c" 1
  55  000B              	ERRMESSAGE 'the value 193of the argument exceeds the maxinum 263690'
  55  000B              	ENDIF
  55  000B              ;# 55 "e:\f12-ht66f018\adc_polling\src\HT8_Simulation_UART.c" 1
  55  000B              	IF 193<0
  55  000B              ;# 55 "e:\f12-ht66f018\adc_polling\src\HT8_Simulation_UART.c" 1
  55  000B              	ERRMESSAGE 'the value 193 of the argument exceeds the mininum 0'
  55  000B              	ENDIF
  55  000B              ;# 55 "e:\f12-ht66f018\adc_polling\src\HT8_Simulation_UART.c" 1
  55  000B              	IF 193==0
  55  000B              ;# 55 "e:\f12-ht66f018\adc_polling\src\HT8_Simulation_UART.c" 1
  55  000B              	JMP $
  55  000B              	ENDIF
  55  000B              ;# 55 "e:\f12-ht66f018\adc_polling\src\HT8_Simulation_UART.c" 1
  55  000B              	IF 193==1
文件：HT8_Simulation_UART.c 编译器版本 HGASM 0202 页次4

  55  000B              ;# 55 "e:\f12-ht66f018\adc_polling\src\HT8_Simulation_UART.c" 1
  55  000B              	NOP
  55  000B              	ENDIF
  55  000B              ;# 55 "e:\f12-ht66f018\adc_polling\src\HT8_Simulation_UART.c" 1
  55  000B              	IF 193==2
  55  000B              ;# 55 "e:\f12-ht66f018\adc_polling\src\HT8_Simulation_UART.c" 1
  55  000B              	NOP
  55  000B              ;# 55 "e:\f12-ht66f018\adc_polling\src\HT8_Simulation_UART.c" 1
  55  000B              	NOP
  55  000B              	ENDIF
  55  000B              ;# 55 "e:\f12-ht66f018\adc_polling\src\HT8_Simulation_UART.c" 1
  55  000B              	IF 193==3
  55  000B              ;# 55 "e:\f12-ht66f018\adc_polling\src\HT8_Simulation_UART.c" 1
  55  000B              	NOP
  55  000B              ;# 55 "e:\f12-ht66f018\adc_polling\src\HT8_Simulation_UART.c" 1
  55  000B              	NOP
  55  000B              ;# 55 "e:\f12-ht66f018\adc_polling\src\HT8_Simulation_UART.c" 1
  55  000B              	NOP
  55  000B              	ENDIF
  55  000B              ;# 55 "e:\f12-ht66f018\adc_polling\src\HT8_Simulation_UART.c" 1
  55  000B              	IF (193<8) AND (193>3)
  55  000B              ;# 55 "e:\f12-ht66f018\adc_polling\src\HT8_Simulation_UART.c" 1
  55  000B              	CALL __DELAY3 + 7 -193
  55  000B              	ENDIF
  55  000B              ;# 55 "e:\f12-ht66f018\adc_polling\src\HT8_Simulation_UART.c" 1
  55  000B              	IF (193< 0404h) AND (193>7)
  55  000B              ;# 55 "e:\f12-ht66f018\adc_polling\src\HT8_Simulation_UART.c" 1
  55  000B  0F2F        	MOV A,193/4-1
  55  000C              ;# 55 "e:\f12-ht66f018\adc_polling\src\HT8_Simulation_UART.c" 1
  55  000C  2000     E  	CALL __DELAYX3 + 3 -(193 MOD 4)
  55  000D              	ENDIF
  55  000D              ;# 55 "e:\f12-ht66f018\adc_polling\src\HT8_Simulation_UART.c" 1
  55  000D              	IF (193< 0x40B) AND (193> 0403h)
  55  000D              ;# 55 "e:\f12-ht66f018\adc_polling\src\HT8_Simulation_UART.c" 1
  55  000D              	MOV A,0 
  55  000D              ;# 55 "e:\f12-ht66f018\adc_polling\src\HT8_Simulation_UART.c" 1
  55  000D              	CALL __DELAYX6 + 0x40a -193
  55  000D              	ENDIF
  55  000D              ;# 55 "e:\f12-ht66f018\adc_polling\src\HT8_Simulation_UART.c" 1
  55  000D              	IF (193 >= 0x40b) AND ((((193-9)%0402h)/4+1)>256)
  55  000D              ;# 55 "e:\f12-ht66f018\adc_polling\src\HT8_Simulation_UART.c" 1
  55  000D              	MOV A,(193-9)/0402h
  55  000D              ;# 55 "e:\f12-ht66f018\adc_polling\src\HT8_Simulation_UART.c" 1
  55  000D              	MOV _builtin_holtek_delay_2,A
  55  000D              ;# 55 "e:\f12-ht66f018\adc_polling\src\HT8_Simulation_UART.c" 1
  55  000D              	MOV A,0
  55  000D              ;# 55 "e:\f12-ht66f018\adc_polling\src\HT8_Simulation_UART.c" 1
  55  000D              	CALL __DELAYY5 +5- (((193-9)%0402h)%6)
  55  000D              	ENDIF
  55  000D              ;# 55 "e:\f12-ht66f018\adc_polling\src\HT8_Simulation_UART.c" 1
  55  000D              	IF (193 >= 0x40b) AND ((((193-9)%0402h)/4+1)<=256)
  55  000D              ;# 55 "e:\f12-ht66f018\adc_polling\src\HT8_Simulation_UART.c" 1
  55  000D              	MOV A,(193-9)/0402h
  55  000D              ;# 55 "e:\f12-ht66f018\adc_polling\src\HT8_Simulation_UART.c" 1
  55  000D              	MOV _builtin_holtek_delay_2,A
  55  000D              ;# 55 "e:\f12-ht66f018\adc_polling\src\HT8_Simulation_UART.c" 1
  55  000D              	MOV A,((193-9)%0402h)/4+1
  55  000D              ;# 55 "e:\f12-ht66f018\adc_polling\src\HT8_Simulation_UART.c" 1
  55  000D              	CALL __DELAYY3 +3-(((193-9)%0402h)%4)
  55  000D              	ENDIF
文件：HT8_Simulation_UART.c 编译器版本 HGASM 0202 页次5

  56  000D              #line 56 "e:\f12-ht66f018\adc_polling\src\HT8_Simulation_UART.c"
  56  000D  340A        	clr c
  56  000E  1B80     R  	rrc _UART_SoftWareSendByte_2[0]
  56  000F  1780     E  	sdz ra
  56  0010  2800     R  	jmp _L5
  58  0011              #line 58 "e:\f12-ht66f018\adc_polling\src\HT8_Simulation_UART.c"
  58  0011  3314        	set [20].6
  59  0012              #line 59 "e:\f12-ht66f018\adc_polling\src\HT8_Simulation_UART.c"
  59  0012              ;# 59 "e:\f12-ht66f018\adc_polling\src\HT8_Simulation_UART.c" 1
  59  0012              	IF 193>263690
  59  0012              ;# 59 "e:\f12-ht66f018\adc_polling\src\HT8_Simulation_UART.c" 1
  59  0012              	ERRMESSAGE 'the value 193of the argument exceeds the maxinum 263690'
  59  0012              	ENDIF
  59  0012              ;# 59 "e:\f12-ht66f018\adc_polling\src\HT8_Simulation_UART.c" 1
  59  0012              	IF 193<0
  59  0012              ;# 59 "e:\f12-ht66f018\adc_polling\src\HT8_Simulation_UART.c" 1
  59  0012              	ERRMESSAGE 'the value 193 of the argument exceeds the mininum 0'
  59  0012              	ENDIF
  59  0012              ;# 59 "e:\f12-ht66f018\adc_polling\src\HT8_Simulation_UART.c" 1
  59  0012              	IF 193==0
  59  0012              ;# 59 "e:\f12-ht66f018\adc_polling\src\HT8_Simulation_UART.c" 1
  59  0012              	JMP $
  59  0012              	ENDIF
  59  0012              ;# 59 "e:\f12-ht66f018\adc_polling\src\HT8_Simulation_UART.c" 1
  59  0012              	IF 193==1
  59  0012              ;# 59 "e:\f12-ht66f018\adc_polling\src\HT8_Simulation_UART.c" 1
  59  0012              	NOP
  59  0012              	ENDIF
  59  0012              ;# 59 "e:\f12-ht66f018\adc_polling\src\HT8_Simulation_UART.c" 1
  59  0012              	IF 193==2
  59  0012              ;# 59 "e:\f12-ht66f018\adc_polling\src\HT8_Simulation_UART.c" 1
  59  0012              	NOP
  59  0012              ;# 59 "e:\f12-ht66f018\adc_polling\src\HT8_Simulation_UART.c" 1
  59  0012              	NOP
  59  0012              	ENDIF
  59  0012              ;# 59 "e:\f12-ht66f018\adc_polling\src\HT8_Simulation_UART.c" 1
  59  0012              	IF 193==3
  59  0012              ;# 59 "e:\f12-ht66f018\adc_polling\src\HT8_Simulation_UART.c" 1
  59  0012              	NOP
  59  0012              ;# 59 "e:\f12-ht66f018\adc_polling\src\HT8_Simulation_UART.c" 1
  59  0012              	NOP
  59  0012              ;# 59 "e:\f12-ht66f018\adc_polling\src\HT8_Simulation_UART.c" 1
  59  0012              	NOP
  59  0012              	ENDIF
  59  0012              ;# 59 "e:\f12-ht66f018\adc_polling\src\HT8_Simulation_UART.c" 1
  59  0012              	IF (193<8) AND (193>3)
  59  0012              ;# 59 "e:\f12-ht66f018\adc_polling\src\HT8_Simulation_UART.c" 1
  59  0012              	CALL __DELAY3 + 7 -193
  59  0012              	ENDIF
  59  0012              ;# 59 "e:\f12-ht66f018\adc_polling\src\HT8_Simulation_UART.c" 1
  59  0012              	IF (193< 0404h) AND (193>7)
  59  0012              ;# 59 "e:\f12-ht66f018\adc_polling\src\HT8_Simulation_UART.c" 1
  59  0012  0F2F        	MOV A,193/4-1
  59  0013              ;# 59 "e:\f12-ht66f018\adc_polling\src\HT8_Simulation_UART.c" 1
  59  0013  2000     E  	CALL __DELAYX3 + 3 -(193 MOD 4)
  59  0014              	ENDIF
  59  0014              ;# 59 "e:\f12-ht66f018\adc_polling\src\HT8_Simulation_UART.c" 1
  59  0014              	IF (193< 0x40B) AND (193> 0403h)
  59  0014              ;# 59 "e:\f12-ht66f018\adc_polling\src\HT8_Simulation_UART.c" 1
  59  0014              	MOV A,0 
文件：HT8_Simulation_UART.c 编译器版本 HGASM 0202 页次6

  59  0014              ;# 59 "e:\f12-ht66f018\adc_polling\src\HT8_Simulation_UART.c" 1
  59  0014              	CALL __DELAYX6 + 0x40a -193
  59  0014              	ENDIF
  59  0014              ;# 59 "e:\f12-ht66f018\adc_polling\src\HT8_Simulation_UART.c" 1
  59  0014              	IF (193 >= 0x40b) AND ((((193-9)%0402h)/4+1)>256)
  59  0014              ;# 59 "e:\f12-ht66f018\adc_polling\src\HT8_Simulation_UART.c" 1
  59  0014              	MOV A,(193-9)/0402h
  59  0014              ;# 59 "e:\f12-ht66f018\adc_polling\src\HT8_Simulation_UART.c" 1
  59  0014              	MOV _builtin_holtek_delay_2,A
  59  0014              ;# 59 "e:\f12-ht66f018\adc_polling\src\HT8_Simulation_UART.c" 1
  59  0014              	MOV A,0
  59  0014              ;# 59 "e:\f12-ht66f018\adc_polling\src\HT8_Simulation_UART.c" 1
  59  0014              	CALL __DELAYY5 +5- (((193-9)%0402h)%6)
  59  0014              	ENDIF
  59  0014              ;# 59 "e:\f12-ht66f018\adc_polling\src\HT8_Simulation_UART.c" 1
  59  0014              	IF (193 >= 0x40b) AND ((((193-9)%0402h)/4+1)<=256)
  59  0014              ;# 59 "e:\f12-ht66f018\adc_polling\src\HT8_Simulation_UART.c" 1
  59  0014              	MOV A,(193-9)/0402h
  59  0014              ;# 59 "e:\f12-ht66f018\adc_polling\src\HT8_Simulation_UART.c" 1
  59  0014              	MOV _builtin_holtek_delay_2,A
  59  0014              ;# 59 "e:\f12-ht66f018\adc_polling\src\HT8_Simulation_UART.c" 1
  59  0014              	MOV A,((193-9)%0402h)/4+1
  59  0014              ;# 59 "e:\f12-ht66f018\adc_polling\src\HT8_Simulation_UART.c" 1
  59  0014              	CALL __DELAYY3 +3-(((193-9)%0402h)%4)
  59  0014              	ENDIF
  59  0014  0003        	ret
  59  0015              _UART_SoftWareSendByte endp
  59  0015              #line 59 "e:\f12-ht66f018\adc_polling\src\HT8_Simulation_UART.c"
  59  0015              #pragma debug scope 1 1
  59  0015              #pragma debug struct_end
  59  0015              #pragma debug struct_end
  59  0015              #pragma debug union_end
  59  0015              #pragma debug union_end
  59  0015              #pragma debug variable 43 1 ___pa "__pa" 1
  59  0015              
  59  0015              ; 
  59  0015              ; Generated by holtek-gcc v3.19, Tue Jan 11 09:53:18 2022
  59  0015              ; Rebuild 718
  59  0015              ; end of file


        0 Errors, 0