文件：led.c        编译器版本 HGASM 0202 页次1


   1  0000              ; Generated by holtek-gcc v3.19, Fri Jan 28 13:56:49 2022
   2  0000              ; 
   3  0000              ; Configuration:
   4  0000              ;       without long instruction
   5  0000              ;       Single ROM, Multi-RAM
   6  0000              ;       bits_per_rom_unit:16
   7  0000              ;       with mp1
   8  0000              ;       with tbhp, address(0x9)
   9  0000              ;          Use tabrd-const
  10  0000              ;       
  11  0000              ;       
  12  0000              ;       
  13  0000              ; use 'tabrdc' instead of 'tabrd'
  14  0000              ;       
  15  0000              
  16  0000              #pragma translator "holtek-gcc 4.6.4" "3.19" "build 20130711"
  17  0000              ; Rebuild 718
  18  0000              
  19  0000              ir equ [2]
  20  0000              mp equ [3]
  21  0000              sbp equ [1]
  22  0000              acc equ [5]
  23  0000              bp equ [4]
  24  0000              tblp equ [7]
  25  0000              tbhp equ [9]
  26  0000              status equ [10]
  27  0000              c equ [10].0
  28  0000              ac equ [10].1
  29  0000              z equ [10].2
  30  0000              ov equ [10].3
  31  0000              intc equ [11]
  32  0000              
  33  0000              extern ra:byte
  34  0000              extern rb:byte
  35  0000              extern rc:byte
  36  0000              extern rd:byte
  37  0000              extern re:byte
  38  0000              extern rf:byte
  39  0000              extern rg:byte
  40  0000              extern rh:byte
  41  0000              extern _Crom2Prom:near
  42  0000              extern _Crom2PromNext:near
  43  0000              
  44  0000              RAMBANK 0 @HCCINIT, @HCCINIT0
  45  0000              
  46  0000              RAMBANK 0 @BITDATASEC, @BITDATASEC1
  47  0000              @HCCINIT	.section 'data'
  48  0000              @HCCINIT0	.section 'data'
  49  0000              @BITDATASEC	 .section 'data'
  50  0000              @BITDATASEC1	 .section 'data'
  51  0000              
  52  0000              #pragma debug scope 1 1
  53  0000              	extern __DELAY3:near
  54  0000              	extern __DELAYX3:near
  55  0000              	extern __DELAYX6:near
  56  0000              	extern __DELAYY5:near
  57  0000              	extern __DELAYY3:near
  58  0000              	extern _builtin_holtek_delay_2:byte
  59  0000              ___pc equ [64]
文件：led.ASM      编译器版本 HGASM 0202 页次2

  60  0000              public _error_task
  61  0000              #pragma debug scope 2 1

  12  0000              #line 12 "e:\ht66f018_f12\f12-test-20220114\led.c"
  12  0000              _error_task .section 'code'
  12  0000              _error_task proc
  13  0000              #line 13 "e:\ht66f018_f12\f12-test-20220114\led.c"
  13  0000  0700     E  	mov a,_feed_error[0]
  13  0001  0080     E  	mov ra,a
  13  0002  1080     E  	sz ra
  13  0003  2800     R  	jmp _LI1
  13  0004  2800     R  	jmp _L2
  13  0005              _LI1:
  15  0005              #line 15 "e:\ht66f018_f12\f12-test-20220114\led.c"
  15  0005  0F01        	mov a,1
  15  0006  0080     E  	mov _task_run_led[0],a
  16  0007              #line 16 "e:\ht66f018_f12\f12-test-20220114\led.c"
  16  0007  0F03        	mov a,3
  16  0008  0080     E  	mov _led_flag[0],a
  16  0009  2800     R  	jmp _L3
  16  000A              _L2:
  20  000A              #line 20 "e:\ht66f018_f12\f12-test-20220114\led.c"
  20  000A  1F00     E  	clr _task_run_led[0]
  21  000B              #line 21 "e:\ht66f018_f12\f12-test-20220114\led.c"
  21  000B  1F00     E  	clr _led_flag[0]
  21  000C              _L3:
  25  000C              #line 25 "e:\ht66f018_f12\f12-test-20220114\led.c"
  25  000C  38C0        	snz [64].1
  25  000D  2800     R  	jmp _L4
  26  000E              #line 26 "e:\ht66f018_f12\f12-test-20220114\led.c"
  26  000E  0700     E  	mov a,ra
  26  000F  0D03        	or a,3
  26  0010  0080     E  	mov _feed_error[0],a
  26  0011  2800     R  	jmp _L1
  26  0012              _L4:
  28  0012              #line 28 "e:\ht66f018_f12\f12-test-20220114\led.c"
  28  0012  0700     E  	mov a,ra
  28  0013  0EFC        	and a,252
  28  0014  0080     E  	mov _feed_error[0],a
  28  0015              _L1:
  28  0015  0003        	ret
  28  0016              _error_task endp
  28  0016              #line 28 "e:\ht66f018_f12\f12-test-20220114\led.c"
  28  0016              #pragma debug scope 1 1
  28  0016              #pragma debug struct_end
  28  0016              #pragma debug struct_end
  28  0016              #pragma debug union_end
  28  0016              #pragma debug union_end
  28  0016              #pragma debug variable 43 1 ___pc "__pc" 1
  28  0016              
  28  0016              ; output external variables
  28  0016              extern _led_flag:byte
  28  0016              extern _task_run_led:byte
  28  0016              extern _feed_error:byte
  28  0016              
  28  0016              ; 
  28  0016              ; Generated by holtek-gcc v3.19, Fri Jan 28 13:56:49 2022
  28  0016              ; Rebuild 718
  28  0016              ; end of file

文件：led.c        编译器版本 HGASM 0202 页次3


        0 Errors, 0