文件：voltage.c    编译器版本 HGASM 0202 页次1


   1  0000              ; Generated by holtek-gcc v3.19, Fri Jan 21 10:13:28 2022
   2  0000              ; 
   3  0000              ; Configuration:
   4  0000              ;       without long instruction
   5  0000              ;       Single ROM, Multi-RAM
   6  0000              ;       bits_per_rom_unit:16
   7  0000              ;       with mp1
   8  0000              ;       with tbhp, address(0x9)
   9  0000              ;          Use tabrd-const
  10  0000              ;       
  11  0000              ;       
  12  0000              ;       
  13  0000              ; use 'tabrdc' instead of 'tabrd'
  14  0000              ;       
  15  0000              
  16  0000              #pragma translator "holtek-gcc 4.6.4" "3.19" "build 20130711"
  17  0000              ; Rebuild 718
  18  0000              
  19  0000              ir equ [2]
  20  0000              mp equ [3]
  21  0000              sbp equ [1]
  22  0000              acc equ [5]
  23  0000              bp equ [4]
  24  0000              tblp equ [7]
  25  0000              tbhp equ [9]
  26  0000              status equ [10]
  27  0000              c equ [10].0
  28  0000              ac equ [10].1
  29  0000              z equ [10].2
  30  0000              ov equ [10].3
  31  0000              intc equ [11]
  32  0000              
  33  0000              extern ra:byte
  34  0000              extern rb:byte
  35  0000              extern rc:byte
  36  0000              extern rd:byte
  37  0000              extern re:byte
  38  0000              extern rf:byte
  39  0000              extern rg:byte
  40  0000              extern rh:byte
  41  0000              extern _Crom2Prom:near
  42  0000              extern _Crom2PromNext:near
  43  0000              
  44  0000              RAMBANK 0 @HCCINIT, @HCCINIT0
  45  0000              
  46  0000              RAMBANK 0 @BITDATASEC, @BITDATASEC1
  47  0000              @HCCINIT	.section 'data'
  48  0000              @HCCINIT0	.section 'data'
  49  0000              @BITDATASEC	 .section 'data'
  50  0000              @BITDATASEC1	 .section 'data'
  51  0000              
  52  0000              #pragma debug scope 1 1
  53  0000              	extern __DELAY3:near
  54  0000              	extern __DELAYX3:near
  55  0000              	extern __DELAYX6:near
  56  0000              	extern __DELAYY5:near
  57  0000              	extern __DELAYY3:near
  58  0000              	extern _builtin_holtek_delay_2:byte
  59  0000              ___pb equ [37]
文件：voltage.ASM  编译器版本 HGASM 0202 页次2

  60  0000              ___adcr0 equ [34]
  61  0000              public _battery_detect
  62  0000              #pragma debug scope 2 1

  12  0000              #line 12 "E:\HT66F018_F12\main_new\voltage.c"
  12  0000              _battery_detect .section 'code'
  12  0000              _battery_detect proc
  13  0000              #line 13 "E:\HT66F018_F12\main_new\voltage.c"
  13  0000  3D25        	sz [37].2
  13  0001  2800     R  	jmp _L1
  13  0002              #pragma debug scope 3 2
  13  0002              ;begin block, line: 13.-1
  17  0002              #line 17 "E:\HT66F018_F12\main_new\voltage.c"
  17  0002  36A2        	clr [34].5
  18  0003              #line 18 "E:\HT66F018_F12\main_new\voltage.c"
  18  0003  0F01        	mov a,1
  18  0004  2000     E  	call _ADC_GetChannelValue
  19  0005              #line 19 "E:\HT66F018_F12\main_new\voltage.c"
  19  0005  0FEF        	mov a,239
  19  0006  0200     E  	sub a,ra
  19  0007  0F0A        	mov a,10
  19  0008  1200     E  	sbc a,rb
  19  0009  380A        	snz c
  19  000A  2800     R  	jmp _L3
  21  000B              #line 21 "E:\HT66F018_F12\main_new\voltage.c"
  21  000B  0F01        	mov a,1
  21  000C  0080     R  	mov _voltage_low[0],a
  21  000D  2800     R  	jmp _L1
  21  000E              _L3:
  26  000E              #line 26 "E:\HT66F018_F12\main_new\voltage.c"
  26  000E  1F00     R  	clr _voltage_low[0]
  26  000F              _L1:
  26  000F              #pragma debug scope 2 1
  26  000F  0003        	ret
  26  0010              _battery_detect endp
  26  0010              #line 26 "E:\HT66F018_F12\main_new\voltage.c"
  26  0010              #pragma debug scope 1 1
  26  0010              public _voltage_low
  26  0000              @HCCINIT	.section 'data'
   9  0000              #line 9 "E:\HT66F018_F12\main_new\voltage.c"
   9  0000              @HCCINIT .section 'data'
   9  0000              _voltage_low label byte
   9  0000              #pragma debug variable 8 1 _voltage_low "voltage_low"
   9  0000              	db 0
   9  0000              @ROMDATA_BASE .section inpage 'code'
   9  0000              	db 0
   9  0001              @HCCINIT .section 'data'
   9  0001              #pragma debug struct_end
   9  0001              #pragma debug struct_end
   9  0001              #pragma debug union_end
   9  0001              #pragma debug union_end
   9  0001              #pragma debug variable 43 1 ___adcr0 "__adcr0" 1
   9  0001              #pragma debug struct_end
   9  0001              #pragma debug struct_end
   9  0001              #pragma debug union_end
   9  0001              #pragma debug union_end
   9  0001              #pragma debug variable 45 1 ___pb "__pb" 1
   9  0001              extern _ADC_GetChannelValue:near
   9  0001              
   9  0001              ; 
文件：voltage.c    编译器版本 HGASM 0202 页次3

   9  0001              ; Generated by holtek-gcc v3.19, Fri Jan 21 10:13:28 2022
   9  0001              ; Rebuild 718
   9  0001              ; end of file


        0 Errors, 0