文件：KeyScan.c    编译器版本 HGASM 0202 页次1


   1  0000              ; Generated by holtek-gcc v3.19, Fri Jan 21 10:13:27 2022
   2  0000              ; 
   3  0000              ; Configuration:
   4  0000              ;       without long instruction
   5  0000              ;       Single ROM, Multi-RAM
   6  0000              ;       bits_per_rom_unit:16
   7  0000              ;       with mp1
   8  0000              ;       with tbhp, address(0x9)
   9  0000              ;          Use tabrd-const
  10  0000              ;       
  11  0000              ;       
  12  0000              ;       
  13  0000              ; use 'tabrdc' instead of 'tabrd'
  14  0000              ;       
  15  0000              
  16  0000              #pragma translator "holtek-gcc 4.6.4" "3.19" "build 20130711"
  17  0000              ; Rebuild 718
  18  0000              
  19  0000              ir equ [2]
  20  0000              mp equ [3]
  21  0000              sbp equ [1]
  22  0000              acc equ [5]
  23  0000              bp equ [4]
  24  0000              tblp equ [7]
  25  0000              tbhp equ [9]
  26  0000              status equ [10]
  27  0000              c equ [10].0
  28  0000              ac equ [10].1
  29  0000              z equ [10].2
  30  0000              ov equ [10].3
  31  0000              intc equ [11]
  32  0000              
  33  0000              extern ra:byte
  34  0000              extern rb:byte
  35  0000              extern rc:byte
  36  0000              extern rd:byte
  37  0000              extern re:byte
  38  0000              extern rf:byte
  39  0000              extern rg:byte
  40  0000              extern rh:byte
  41  0000              extern _Crom2Prom:near
  42  0000              extern _Crom2PromNext:near
  43  0000              
  44  0000              RAMBANK 0 @HCCINIT, @HCCINIT0
  45  0000              
  46  0000              RAMBANK 0 @BITDATASEC, @BITDATASEC1
  47  0000              @HCCINIT	.section 'data'
  48  0000              @HCCINIT0	.section 'data'
  49  0000              @BITDATASEC	 .section 'data'
  50  0000              @BITDATASEC1	 .section 'data'
  51  0000              
  52  0000              #pragma debug scope 1 1
  53  0000              	extern __DELAY3:near
  54  0000              	extern __DELAYX3:near
  55  0000              	extern __DELAYX6:near
  56  0000              	extern __DELAYY5:near
  57  0000              	extern __DELAYY3:near
  58  0000              	extern _builtin_holtek_delay_2:byte
  59  0000              ___adcr0 equ [34]
文件：KeyScan.ASM  编译器版本 HGASM 0202 页次2

  60  0000              public _key_scan
  61  0000              #pragma debug scope 2 1

  11  0000              #line 11 "E:\HT66F018_F12\main_new\KeyScan.c"
  11  0000              _key_scan .section 'code'
  11  0000              _key_scan proc
  15  0000              #line 15 "E:\HT66F018_F12\main_new\KeyScan.c"
  15  0000  36A2        	clr [34].5
  16  0001              #line 16 "E:\HT66F018_F12\main_new\KeyScan.c"
  16  0001  0F00        	mov a,0
  16  0002  2000     E  	call _ADC_GetChannelValue
  16  0003  0700     E  	mov a,rb
  16  0004  0080     E  	mov rc,a
  16  0005  0700     E  	mov a,ra
  16  0006  0080     E  	mov rb,a
  18  0007              #line 18 "E:\HT66F018_F12\main_new\KeyScan.c"
  18  0007  0F9F        	mov a,159
  18  0008  0200     E  	sub a,rb
  18  0009  0F0F        	mov a,15
  18  000A  1200     E  	sbc a,rc
  18  000B  3C0A        	sz c
  18  000C  2800     R  	jmp _L2
  21  000D              #line 21 "E:\HT66F018_F12\main_new\KeyScan.c"
  21  000D  1F00     R  	clr _key_flag[0]
  21  000E  2800     R  	jmp _L11
  21  000F              _L2:
  24  000F              #line 24 "E:\HT66F018_F12\main_new\KeyScan.c"
  24  000F  1080     R  	sz _key_flag[0]
  24  0010  2800     R  	jmp _L11
  26  0011              #line 26 "E:\HT66F018_F12\main_new\KeyScan.c"
  26  0011  0F73        	mov a,115
  26  0012  0200     E  	sub a,rb
  26  0013  0F0E        	mov a,14
  26  0014  1200     E  	sbc a,rc
  26  0015  3C0A        	sz c
  26  0016  2800     R  	jmp _L4
  29  0017              #line 29 "E:\HT66F018_F12\main_new\KeyScan.c"
  29  0017  0F01        	mov a,1
  29  0018  0080     R  	mov _key_flag[0],a
  30  0019              #line 30 "E:\HT66F018_F12\main_new\KeyScan.c"
  30  0019  0F07        	mov a,7
  30  001A  0080     E  	mov ra,a
  30  001B  2800     R  	jmp _L3
  30  001C              _L4:
  32  001C              #line 32 "E:\HT66F018_F12\main_new\KeyScan.c"
  32  001C  0F0F        	mov a,15
  32  001D  0200     E  	sub a,rb
  32  001E  0F0E        	mov a,14
  32  001F  1200     E  	sbc a,rc
  32  0020  3C0A        	sz c
  32  0021  2800     R  	jmp _L5
  35  0022              #line 35 "E:\HT66F018_F12\main_new\KeyScan.c"
  35  0022  0F01        	mov a,1
  35  0023  0080     R  	mov _key_flag[0],a
  36  0024              #line 36 "E:\HT66F018_F12\main_new\KeyScan.c"
  36  0024  0F06        	mov a,6
  36  0025  0080     E  	mov ra,a
  36  0026  2800     R  	jmp _L3
  36  0027              _L5:
  38  0027              #line 38 "E:\HT66F018_F12\main_new\KeyScan.c"
文件：KeyScan.c    编译器版本 HGASM 0202 页次3

  38  0027  0FAB        	mov a,171
  38  0028  0200     E  	sub a,rb
  38  0029  0F0D        	mov a,13
  38  002A  1200     E  	sbc a,rc
  38  002B  3C0A        	sz c
  38  002C  2800     R  	jmp _L6
  41  002D              #line 41 "E:\HT66F018_F12\main_new\KeyScan.c"
  41  002D  0F01        	mov a,1
  41  002E  0080     R  	mov _key_flag[0],a
  42  002F              #line 42 "E:\HT66F018_F12\main_new\KeyScan.c"
  42  002F  0F05        	mov a,5
  42  0030  0080     E  	mov ra,a
  42  0031  2800     R  	jmp _L3
  42  0032              _L6:
  44  0032              #line 44 "E:\HT66F018_F12\main_new\KeyScan.c"
  44  0032  0F79        	mov a,121
  44  0033  0200     E  	sub a,rb
  44  0034  0F0D        	mov a,13
  44  0035  1200     E  	sbc a,rc
  44  0036  3C0A        	sz c
  44  0037  2800     R  	jmp _L7
  47  0038              #line 47 "E:\HT66F018_F12\main_new\KeyScan.c"
  47  0038  0F01        	mov a,1
  47  0039  0080     R  	mov _key_flag[0],a
  48  003A              #line 48 "E:\HT66F018_F12\main_new\KeyScan.c"
  48  003A  0F04        	mov a,4
  48  003B  0080     E  	mov ra,a
  48  003C  2800     R  	jmp _L3
  48  003D              _L7:
  50  003D              #line 50 "E:\HT66F018_F12\main_new\KeyScan.c"
  50  003D  0FE3        	mov a,227
  50  003E  0200     E  	sub a,rb
  50  003F  0F0C        	mov a,12
  50  0040  1200     E  	sbc a,rc
  50  0041  3C0A        	sz c
  50  0042  2800     R  	jmp _L8
  53  0043              #line 53 "E:\HT66F018_F12\main_new\KeyScan.c"
  53  0043  0F01        	mov a,1
  53  0044  0080     R  	mov _key_flag[0],a
  54  0045              #line 54 "E:\HT66F018_F12\main_new\KeyScan.c"
  54  0045  0F03        	mov a,3
  54  0046  0080     E  	mov ra,a
  54  0047  2800     R  	jmp _L3
  54  0048              _L8:
  56  0048              #line 56 "E:\HT66F018_F12\main_new\KeyScan.c"
  56  0048  0FB7        	mov a,183
  56  0049  0200     E  	sub a,rb
  56  004A  0F0B        	mov a,11
  56  004B  1200     E  	sbc a,rc
  56  004C  3C0A        	sz c
  56  004D  2800     R  	jmp _L9
  59  004E              #line 59 "E:\HT66F018_F12\main_new\KeyScan.c"
  59  004E  0F01        	mov a,1
  59  004F  0080     R  	mov _key_flag[0],a
  60  0050              #line 60 "E:\HT66F018_F12\main_new\KeyScan.c"
  60  0050  0F02        	mov a,2
  60  0051  0080     E  	mov ra,a
  60  0052  2800     R  	jmp _L3
  60  0053              _L9:
  62  0053              #line 62 "E:\HT66F018_F12\main_new\KeyScan.c"
文件：KeyScan.c    编译器版本 HGASM 0202 页次4

  62  0053  0F27        	mov a,39
  62  0054  0200     E  	sub a,rb
  62  0055  0F0A        	mov a,10
  62  0056  1200     E  	sbc a,rc
  62  0057  3C0A        	sz c
  62  0058  2800     R  	jmp _L11
  65  0059              #line 65 "E:\HT66F018_F12\main_new\KeyScan.c"
  65  0059  0F01        	mov a,1
  65  005A  0080     R  	mov _key_flag[0],a
  66  005B              #line 66 "E:\HT66F018_F12\main_new\KeyScan.c"
  66  005B  0F01        	mov a,1
  66  005C  0080     E  	mov ra,a
  66  005D  2800     R  	jmp _L3
  66  005E              _L11:
  70  005E              #line 70 "E:\HT66F018_F12\main_new\KeyScan.c"
  70  005E  1F00     E  	clr ra
  70  005F              _L3:
  71  005F              #line 71 "E:\HT66F018_F12\main_new\KeyScan.c"
  71  005F  0700     E  	mov a,ra
  71  0060  0003        	ret
  71  0061              _key_scan endp
  71  0061              #line 71 "E:\HT66F018_F12\main_new\KeyScan.c"
  71  0061              #pragma debug scope 1 1
  71  0061              public _key_flag
  71  0000              @HCCINIT	.section 'data'
   8  0000              #line 8 "E:\HT66F018_F12\main_new\KeyScan.c"
   8  0000              @HCCINIT .section 'data'
   8  0000              _key_flag label byte
   8  0000              #pragma debug variable 8 1 _key_flag "key_flag"
   8  0000              	db 0
   8  0000              @ROMDATA_BASE .section inpage 'code'
   8  0000              	db 0
   8  0001              @HCCINIT .section 'data'
   8  0001              #pragma debug struct_end
   8  0001              #pragma debug struct_end
   8  0001              #pragma debug union_end
   8  0001              #pragma debug union_end
   8  0001              #pragma debug variable 43 1 ___adcr0 "__adcr0" 1
   8  0001              extern _ADC_GetChannelValue:near
   8  0001              
   8  0001              ; 
   8  0001              ; Generated by holtek-gcc v3.19, Fri Jan 21 10:13:27 2022
   8  0001              ; Rebuild 718
   8  0001              ; end of file


        0 Errors, 0