文件：HT8_Simulation_UART.c 编译器版本 HGASM 0202 页次1


   1  0000              ; Generated by holtek-gcc v3.19, Fri Jan 21 10:16:58 2022
   2  0000              ; 
   3  0000              ; Configuration:
   4  0000              ;       without long instruction
   5  0000              ;       Single ROM, Multi-RAM
   6  0000              ;       bits_per_rom_unit:16
   7  0000              ;       with mp1
   8  0000              ;       with tbhp, address(0x9)
   9  0000              ;          Use tabrd-const
  10  0000              ;       
  11  0000              ;       
  12  0000              ;       
  13  0000              ; use 'tabrdc' instead of 'tabrd'
  14  0000              ;       
  15  0000              
  16  0000              #pragma translator "holtek-gcc 4.6.4" "3.19" "build 20130711"
  17  0000              ; Rebuild 718
  18  0000              
  19  0000              ir equ [2]
  20  0000              mp equ [3]
  21  0000              sbp equ [1]
  22  0000              acc equ [5]
  23  0000              bp equ [4]
  24  0000              tblp equ [7]
  25  0000              tbhp equ [9]
  26  0000              status equ [10]
  27  0000              c equ [10].0
  28  0000              ac equ [10].1
  29  0000              z equ [10].2
  30  0000              ov equ [10].3
  31  0000              intc equ [11]
  32  0000              
  33  0000              extern ra:byte
  34  0000              extern rb:byte
  35  0000              extern rc:byte
  36  0000              extern rd:byte
  37  0000              extern re:byte
  38  0000              extern rf:byte
  39  0000              extern rg:byte
  40  0000              extern rh:byte
  41  0000              extern _Crom2Prom:near
  42  0000              extern _Crom2PromNext:near
  43  0000              
  44  0000              RAMBANK 0 @HCCINIT, @HCCINIT0
  45  0000              
  46  0000              RAMBANK 0 @BITDATASEC, @BITDATASEC1
  47  0000              @HCCINIT	.section 'data'
  48  0000              @HCCINIT0	.section 'data'
  49  0000              @BITDATASEC	 .section 'data'
  50  0000              @BITDATASEC1	 .section 'data'
  51  0000              
  52  0000              #pragma debug scope 1 1
  53  0000              	extern __DELAY3:near
  54  0000              	extern __DELAYX3:near
  55  0000              	extern __DELAYX6:near
  56  0000              	extern __DELAYY5:near
  57  0000              	extern __DELAYY3:near
  58  0000              	extern _builtin_holtek_delay_2:byte
  59  0000              ___pa equ [20]
文件：HT8_Simulation_UART.ASM 编译器版本 HGASM 0202 页次2

  60  0000              public _UART_SoftWareSendByte
  61  0000              #pragma debug scope 2 1

  39  0000              #line 39 "E:\HT66F018_F12\uart\HT8_Simulation_UART.c"
  39  0000              _UART_SoftWareSendByte .section 'code'
  39  0000              _UART_SoftWareSendByte proc
  39  0000  00              local _UART_SoftWareSendByte_2 db 1 dup(?)	; 0,1
  39  0000  0080     R  	mov _UART_SoftWareSendByte_2[0],a
  39  0001              #pragma debug variable 8 2 _UART_SoftWareSendByte_2+0 "TxData"
  41  0001              #line 41 "E:\HT66F018_F12\uart\HT8_Simulation_UART.c"
  41  0001  3714        	clr [20].6
  41  0002  0F08        	mov a,8
  41  0003  0080     E  	mov ra,a
  41  0004              _L5:
  47  0004              #line 47 "E:\HT66F018_F12\uart\HT8_Simulation_UART.c"
  47  0004  3800     R  	snz _UART_SoftWareSendByte_2[0].0
  47  0005  2800     R  	jmp _L2
  49  0006              #line 49 "E:\HT66F018_F12\uart\HT8_Simulation_UART.c"
  49  0006  3314        	set [20].6
  49  0007  2800     R  	jmp _L3
  49  0008              _L2:
  53  0008              #line 53 "E:\HT66F018_F12\uart\HT8_Simulation_UART.c"
  53  0008  3714        	clr [20].6
  53  0009              _L3:
  55  0009              #line 55 "E:\HT66F018_F12\uart\HT8_Simulation_UART.c"
  55  0009              ;# 55 "E:\HT66F018_F12\uart\HT8_Simulation_UART.c" 1
  55  0009              	IF 193>263690
  55  0009              ;# 55 "E:\HT66F018_F12\uart\HT8_Simulation_UART.c" 1
  55  0009              	ERRMESSAGE 'the value 193of the argument exceeds the maxinum 263690'
  55  0009              	ENDIF
  55  0009              ;# 55 "E:\HT66F018_F12\uart\HT8_Simulation_UART.c" 1
  55  0009              	IF 193<0
  55  0009              ;# 55 "E:\HT66F018_F12\uart\HT8_Simulation_UART.c" 1
  55  0009              	ERRMESSAGE 'the value 193 of the argument exceeds the mininum 0'
  55  0009              	ENDIF
  55  0009              ;# 55 "E:\HT66F018_F12\uart\HT8_Simulation_UART.c" 1
  55  0009              	IF 193==0
  55  0009              ;# 55 "E:\HT66F018_F12\uart\HT8_Simulation_UART.c" 1
  55  0009              	JMP $
  55  0009              	ENDIF
  55  0009              ;# 55 "E:\HT66F018_F12\uart\HT8_Simulation_UART.c" 1
  55  0009              	IF 193==1
  55  0009              ;# 55 "E:\HT66F018_F12\uart\HT8_Simulation_UART.c" 1
  55  0009              	NOP
  55  0009              	ENDIF
  55  0009              ;# 55 "E:\HT66F018_F12\uart\HT8_Simulation_UART.c" 1
  55  0009              	IF 193==2
  55  0009              ;# 55 "E:\HT66F018_F12\uart\HT8_Simulation_UART.c" 1
  55  0009              	NOP
  55  0009              ;# 55 "E:\HT66F018_F12\uart\HT8_Simulation_UART.c" 1
  55  0009              	NOP
  55  0009              	ENDIF
  55  0009              ;# 55 "E:\HT66F018_F12\uart\HT8_Simulation_UART.c" 1
  55  0009              	IF 193==3
  55  0009              ;# 55 "E:\HT66F018_F12\uart\HT8_Simulation_UART.c" 1
  55  0009              	NOP
  55  0009              ;# 55 "E:\HT66F018_F12\uart\HT8_Simulation_UART.c" 1
  55  0009              	NOP
  55  0009              ;# 55 "E:\HT66F018_F12\uart\HT8_Simulation_UART.c" 1
  55  0009              	NOP
文件：HT8_Simulation_UART.c 编译器版本 HGASM 0202 页次3

  55  0009              	ENDIF
  55  0009              ;# 55 "E:\HT66F018_F12\uart\HT8_Simulation_UART.c" 1
  55  0009              	IF (193<8) AND (193>3)
  55  0009              ;# 55 "E:\HT66F018_F12\uart\HT8_Simulation_UART.c" 1
  55  0009              	CALL __DELAY3 + 7 -193
  55  0009              	ENDIF
  55  0009              ;# 55 "E:\HT66F018_F12\uart\HT8_Simulation_UART.c" 1
  55  0009              	IF (193< 0404h) AND (193>7)
  55  0009              ;# 55 "E:\HT66F018_F12\uart\HT8_Simulation_UART.c" 1
  55  0009  0F2F        	MOV A,193/4-1
  55  000A              ;# 55 "E:\HT66F018_F12\uart\HT8_Simulation_UART.c" 1
  55  000A  2000     E  	CALL __DELAYX3 + 3 -(193 MOD 4)
  55  000B              	ENDIF
  55  000B              ;# 55 "E:\HT66F018_F12\uart\HT8_Simulation_UART.c" 1
  55  000B              	IF (193< 0x40B) AND (193> 0403h)
  55  000B              ;# 55 "E:\HT66F018_F12\uart\HT8_Simulation_UART.c" 1
  55  000B              	MOV A,0 
  55  000B              ;# 55 "E:\HT66F018_F12\uart\HT8_Simulation_UART.c" 1
  55  000B              	CALL __DELAYX6 + 0x40a -193
  55  000B              	ENDIF
  55  000B              ;# 55 "E:\HT66F018_F12\uart\HT8_Simulation_UART.c" 1
  55  000B              	IF (193 >= 0x40b) AND ((((193-9)%0402h)/4+1)>256)
  55  000B              ;# 55 "E:\HT66F018_F12\uart\HT8_Simulation_UART.c" 1
  55  000B              	MOV A,(193-9)/0402h
  55  000B              ;# 55 "E:\HT66F018_F12\uart\HT8_Simulation_UART.c" 1
  55  000B              	MOV _builtin_holtek_delay_2,A
  55  000B              ;# 55 "E:\HT66F018_F12\uart\HT8_Simulation_UART.c" 1
  55  000B              	MOV A,0
  55  000B              ;# 55 "E:\HT66F018_F12\uart\HT8_Simulation_UART.c" 1
  55  000B              	CALL __DELAYY5 +5- (((193-9)%0402h)%6)
  55  000B              	ENDIF
  55  000B              ;# 55 "E:\HT66F018_F12\uart\HT8_Simulation_UART.c" 1
  55  000B              	IF (193 >= 0x40b) AND ((((193-9)%0402h)/4+1)<=256)
  55  000B              ;# 55 "E:\HT66F018_F12\uart\HT8_Simulation_UART.c" 1
  55  000B              	MOV A,(193-9)/0402h
  55  000B              ;# 55 "E:\HT66F018_F12\uart\HT8_Simulation_UART.c" 1
  55  000B              	MOV _builtin_holtek_delay_2,A
  55  000B              ;# 55 "E:\HT66F018_F12\uart\HT8_Simulation_UART.c" 1
  55  000B              	MOV A,((193-9)%0402h)/4+1
  55  000B              ;# 55 "E:\HT66F018_F12\uart\HT8_Simulation_UART.c" 1
  55  000B              	CALL __DELAYY3 +3-(((193-9)%0402h)%4)
  55  000B              	ENDIF
  56  000B              #line 56 "E:\HT66F018_F12\uart\HT8_Simulation_UART.c"
  56  000B  340A        	clr c
  56  000C  1B80     R  	rrc _UART_SoftWareSendByte_2[0]
  56  000D  1780     E  	sdz ra
  56  000E  2800     R  	jmp _L5
  58  000F              #line 58 "E:\HT66F018_F12\uart\HT8_Simulation_UART.c"
  58  000F  3314        	set [20].6
  58  0010  0003        	ret
  58  0011              _UART_SoftWareSendByte endp
  58  0011              #line 58 "E:\HT66F018_F12\uart\HT8_Simulation_UART.c"
  58  0011              #pragma debug scope 1 1
  58  0011              public _Send_String
  58  0011              #pragma debug scope 3 1
  63  0011              #line 63 "E:\HT66F018_F12\uart\HT8_Simulation_UART.c"
  63  0000              _Send_String .section 'code'
  63  0000              _Send_String proc
  63  0000              public _Send_String_2
  63  0000  0002[           local _Send_String_2 db 2 dup(?)	; 2,0
文件：HT8_Simulation_UART.c 编译器版本 HGASM 0202 页次4

            00
            ]
  63  0002              #pragma debug pointer 42 8 3
  63  0002              #pragma debug pointer 42 8 3
  63  0002              #pragma debug variable 42 3 _Send_String_2+0 "str"
  63  0000              _L8:
  63  0000              _L10:
  65  0000              #line 65 "E:\HT66F018_F12\uart\HT8_Simulation_UART.c"
  65  0000  0700     R  	mov a,_Send_String_2[0]
  65  0001  0083        	mov mp,a
  65  0002  0700     R  	mov a,_Send_String_2[1]
  65  0003  0081        	mov sbp,a
  65  0004  2000     E  	call _Crom2Prom
  65  0005  0080     E  	mov ra,a
  65  0006  1080     E  	sz ra
  65  0007  2800     R  	jmp _LI1
  65  0008  2800     R  	jmp _L7
  65  0009              _LI1:
  67  0009              #line 67 "E:\HT66F018_F12\uart\HT8_Simulation_UART.c"
  67  0009  0700     E  	mov a,ra
  67  000A  2000     R  	call _UART_SoftWareSendByte
  68  000B              #line 68 "E:\HT66F018_F12\uart\HT8_Simulation_UART.c"
  68  000B  1480     R  	inc _Send_String_2[0]
  68  000C  3D0A        	sz z
  68  000D  1480     R  	inc _Send_String_2[1]
  69  000E              #line 69 "E:\HT66F018_F12\uart\HT8_Simulation_UART.c"
  69  000E  2800     R  	jmp _L10
  69  000F              _L7:
  69  000F  0003        	ret
  69  0010              _Send_String endp
  69  0010              #line 69 "E:\HT66F018_F12\uart\HT8_Simulation_UART.c"
  69  0010              #pragma debug scope 1 1
  69  0010              #pragma debug struct_end
  69  0010              #pragma debug struct_end
  69  0010              #pragma debug union_end
  69  0010              #pragma debug union_end
  69  0010              #pragma debug variable 44 1 ___pa "__pa" 1
  69  0010              
  69  0010              ; 
  69  0010              ; Generated by holtek-gcc v3.19, Fri Jan 21 10:16:58 2022
  69  0010              ; Rebuild 718
  69  0010              ; end of file


        0 Errors, 0