文件：tm1628.c     编译器版本 HGASM 0202 页次1


   1  0000              ; Generated by holtek-gcc v3.19, Fri Jan 28 13:55:31 2022
   2  0000              ; 
   3  0000              ; Configuration:
   4  0000              ;       without long instruction
   5  0000              ;       Single ROM, Multi-RAM
   6  0000              ;       bits_per_rom_unit:16
   7  0000              ;       with mp1
   8  0000              ;       with tbhp, address(0x9)
   9  0000              ;          Use tabrd-const
  10  0000              ;       
  11  0000              ;       
  12  0000              ;       
  13  0000              ; use 'tabrdc' instead of 'tabrd'
  14  0000              ;       
  15  0000              
  16  0000              #pragma translator "holtek-gcc 4.6.4" "3.19" "build 20130711"
  17  0000              ; Rebuild 718
  18  0000              
  19  0000              ir equ [2]
  20  0000              mp equ [3]
  21  0000              sbp equ [1]
  22  0000              acc equ [5]
  23  0000              bp equ [4]
  24  0000              tblp equ [7]
  25  0000              tbhp equ [9]
  26  0000              status equ [10]
  27  0000              c equ [10].0
  28  0000              ac equ [10].1
  29  0000              z equ [10].2
  30  0000              ov equ [10].3
  31  0000              intc equ [11]
  32  0000              
  33  0000              extern ra:byte
  34  0000              extern rb:byte
  35  0000              extern rc:byte
  36  0000              extern rd:byte
  37  0000              extern re:byte
  38  0000              extern rf:byte
  39  0000              extern rg:byte
  40  0000              extern rh:byte
  41  0000              extern _Crom2Prom:near
  42  0000              extern _Crom2PromNext:near
  43  0000              
  44  0000              RAMBANK 0 @HCCINIT, @HCCINIT0
  45  0000              
  46  0000              RAMBANK 0 @BITDATASEC, @BITDATASEC1
  47  0000              @HCCINIT	.section 'data'
  48  0000              @HCCINIT0	.section 'data'
  49  0000              @BITDATASEC	 .section 'data'
  50  0000              @BITDATASEC1	 .section 'data'
  51  0000              
  52  0000              #pragma debug scope 1 1
  53  0000              	extern __DELAY3:near
  54  0000              	extern __DELAYX3:near
  55  0000              	extern __DELAYX6:near
  56  0000              	extern __DELAYY5:near
  57  0000              	extern __DELAYY3:near
  58  0000              	extern _builtin_holtek_delay_2:byte
  59  0000              ___pb equ [37]
文件：tm1628.ASM   编译器版本 HGASM 0202 页次2

  60  0000              public _send_8bit
  61  0000              #pragma debug scope 2 1

   9  0000              #line 9 "e:\ht66f018_f12\f12-test-20220107\tm1628.c"
   9  0000              _send_8bit .section 'code'
   9  0000              _send_8bit proc
   9  0000  00              local _send_8bit_2 db 1 dup(?)	; 0,1
   9  0000  0080     R  	mov _send_8bit_2[0],a
   9  0001              #pragma debug variable 8 2 _send_8bit_2+0 "dat"
   9  0001  0F08        	mov a,8
   9  0002  0080     E  	mov ra,a
   9  0003              _L5:
  13  0003              #line 13 "e:\ht66f018_f12\f12-test-20220107\tm1628.c"
  13  0003  36A5        	clr [37].5
  15  0004              #line 15 "e:\ht66f018_f12\f12-test-20220107\tm1628.c"
  15  0004  3800     R  	snz _send_8bit_2[0].0
  15  0005  2800     R  	jmp _L2
  16  0006              #line 16 "e:\ht66f018_f12\f12-test-20220107\tm1628.c"
  16  0006  3325        	set [37].6
  16  0007  2800     R  	jmp _L3
  16  0008              _L2:
  18  0008              #line 18 "e:\ht66f018_f12\f12-test-20220107\tm1628.c"
  18  0008  3725        	clr [37].6
  18  0009              _L3:
  20  0009              #line 20 "e:\ht66f018_f12\f12-test-20220107\tm1628.c"
  20  0009  340A        	clr c
  20  000A  1B80     R  	rrc _send_8bit_2[0]
  21  000B              #line 21 "e:\ht66f018_f12\f12-test-20220107\tm1628.c"
  21  000B  32A5        	set [37].5
  21  000C  1780     E  	sdz ra
  21  000D  2800     R  	jmp _L5
  21  000E  0003        	ret
  21  000F              _send_8bit endp
  21  000F              #line 21 "e:\ht66f018_f12\f12-test-20220107\tm1628.c"
  21  000F              #pragma debug scope 1 1
  21  000F              ___pa equ [20]
  21  000F              public _send_command
  21  000F              #pragma debug scope 3 1
  26  000F              #line 26 "e:\ht66f018_f12\f12-test-20220107\tm1628.c"
  26  0000              _send_command .section 'code'
  26  0000              _send_command proc
  26  0000  00              local _send_command_2 db 1 dup(?)	; 0,1
  26  0000  0080     R  	mov _send_command_2[0],a
  26  0001              #pragma debug variable 8 3 _send_command_2+0 "com"
  27  0001              #line 27 "e:\ht66f018_f12\f12-test-20220107\tm1628.c"
  27  0001  3594        	clr [20].3
  28  0002              #line 28 "e:\ht66f018_f12\f12-test-20220107\tm1628.c"
  28  0002  0700     R  	mov a,_send_command_2[0]
  28  0003  2000     R  	call _send_8bit
  29  0004              #line 29 "e:\ht66f018_f12\f12-test-20220107\tm1628.c"
  29  0004  3194        	set [20].3
  29  0005  0003        	ret
  29  0006              _send_command endp
  29  0006              #line 29 "e:\ht66f018_f12\f12-test-20220107\tm1628.c"
  29  0006              #pragma debug scope 1 1
  29  0006              public _Write_DATA
  29  0006              #pragma debug scope 4 1
  34  0006              #line 34 "e:\ht66f018_f12\f12-test-20220107\tm1628.c"
  34  0000              _Write_DATA .section 'code'
  34  0000              _Write_DATA proc
文件：tm1628.c     编译器版本 HGASM 0202 页次3

  34  0000              public _Write_DATA_2
  34  0000  0002[           local _Write_DATA_2 db 2 dup(?)	; 1,1
            00
            ]
  34  0000  0080     R  	mov _Write_DATA_2[1],a
  34  0001              #pragma debug variable 8 4 _Write_DATA_2+1 "add"
  34  0001              #pragma debug variable 8 4 _Write_DATA_2+0 "DATA"
  35  0001              #line 35 "e:\ht66f018_f12\f12-test-20220107\tm1628.c"
  35  0001  0F44        	mov a,68
  35  0002  2000     R  	call _send_command
  36  0003              #line 36 "e:\ht66f018_f12\f12-test-20220107\tm1628.c"
  36  0003  3594        	clr [20].3
  37  0004              #line 37 "e:\ht66f018_f12\f12-test-20220107\tm1628.c"
  37  0004  0700     R  	mov a,_Write_DATA_2[1]
  37  0005  2000     R  	call _send_8bit
  38  0006              #line 38 "e:\ht66f018_f12\f12-test-20220107\tm1628.c"
  38  0006  0700     R  	mov a,_Write_DATA_2[0]
  38  0007  2000     R  	call _send_8bit
  39  0008              #line 39 "e:\ht66f018_f12\f12-test-20220107\tm1628.c"
  39  0008  3194        	set [20].3
  39  0009  0003        	ret
  39  000A              _Write_DATA endp
  39  000A              #line 39 "e:\ht66f018_f12\f12-test-20220107\tm1628.c"
  39  000A              #pragma debug scope 1 1
  39  000A              public _init_TM1628
  39  000A              #pragma debug scope 5 1
  43  000A              #line 43 "e:\ht66f018_f12\f12-test-20220107\tm1628.c"
  43  0000              _init_TM1628 .section 'code'
  43  0000              _init_TM1628 proc
  43  0000  00              local _init_TM1628_2 db 1 dup(?)	; 0,1
  45  0001              #line 45 "e:\ht66f018_f12\f12-test-20220107\tm1628.c"
  45  0000  0F03        	mov a,3
  45  0001  2000     R  	call _send_command
  46  0002              #line 46 "e:\ht66f018_f12\f12-test-20220107\tm1628.c"
  46  0002  0F8F        	mov a,143
  46  0003  2000     R  	call _send_command
  47  0004              #line 47 "e:\ht66f018_f12\f12-test-20220107\tm1628.c"
  47  0004  0F40        	mov a,64
  47  0005  2000     R  	call _send_command
  49  0006              #line 49 "e:\ht66f018_f12\f12-test-20220107\tm1628.c"
  49  0006  3594        	clr [20].3
  50  0007              #line 50 "e:\ht66f018_f12\f12-test-20220107\tm1628.c"
  50  0007  0FC0        	mov a,192
  50  0008  2000     R  	call _send_8bit
  50  0009  0F10        	mov a,16
  50  000A  0080     R  	mov _init_TM1628_2[0],a
  50  000B              _L11:
  54  000B              #line 54 "e:\ht66f018_f12\f12-test-20220107\tm1628.c"
  54  000B  0F00        	mov a,0
  54  000C  2000     R  	call _send_8bit
  54  000D  1780     R  	sdz _init_TM1628_2[0]
  54  000E  2800     R  	jmp _L11
  56  000F              #line 56 "e:\ht66f018_f12\f12-test-20220107\tm1628.c"
  56  000F  3194        	set [20].3
  56  0010  0003        	ret
  56  0011              _init_TM1628 endp
  56  0011              #line 56 "e:\ht66f018_f12\f12-test-20220107\tm1628.c"
  56  0011              #pragma debug scope 1 1
  56  0011              #pragma debug struct_end
  56  0011              #pragma debug struct_end
文件：tm1628.c     编译器版本 HGASM 0202 页次4

  56  0011              #pragma debug union_end
  56  0011              #pragma debug union_end
  56  0011              #pragma debug variable 43 1 ___pa "__pa" 1
  56  0011              #pragma debug struct_end
  56  0011              #pragma debug struct_end
  56  0011              #pragma debug union_end
  56  0011              #pragma debug union_end
  56  0011              #pragma debug variable 45 1 ___pb "__pb" 1
  56  0011              
  56  0011              ; 
  56  0011              ; Generated by holtek-gcc v3.19, Fri Jan 28 13:55:31 2022
  56  0011              ; Rebuild 718
  56  0011              ; end of file


        0 Errors, 0