文件：main.c       编译器版本 HGASM 0202 页次1


   1  0000              ; Generated by holtek-gcc v3.19, Sat Jan 29 10:13:44 2022
   2  0000              ; 
   3  0000              ; Configuration:
   4  0000              ;       without long instruction
   5  0000              ;       Single ROM, Multi-RAM
   6  0000              ;       bits_per_rom_unit:16
   7  0000              ;       with mp1
   8  0000              ;       with tbhp, address(0x9)
   9  0000              ;          Use tabrd-const
  10  0000              ;       
  11  0000              ;       
  12  0000              ;       
  13  0000              ; use 'tabrdc' instead of 'tabrd'
  14  0000              ;       
  15  0000              
  16  0000              #pragma translator "holtek-gcc 4.6.4" "3.19" "build 20130711"
  17  0000              ; Rebuild 718
  18  0000              
  19  0000              ir equ [2]
  20  0000              mp equ [3]
  21  0000              sbp equ [1]
  22  0000              acc equ [5]
  23  0000              bp equ [4]
  24  0000              tblp equ [7]
  25  0000              tbhp equ [9]
  26  0000              status equ [10]
  27  0000              c equ [10].0
  28  0000              ac equ [10].1
  29  0000              z equ [10].2
  30  0000              ov equ [10].3
  31  0000              intc equ [11]
  32  0000              
  33  0000              extern ra:byte
  34  0000              extern rb:byte
  35  0000              extern rc:byte
  36  0000              extern rd:byte
  37  0000              extern re:byte
  38  0000              extern rf:byte
  39  0000              extern rg:byte
  40  0000              extern rh:byte
  41  0000              extern _Crom2Prom:near
  42  0000              extern _Crom2PromNext:near
  43  0000              
  44  0000              RAMBANK 0 @HCCINIT, @HCCINIT0
  45  0000              
  46  0000              RAMBANK 0 @BITDATASEC, @BITDATASEC1
  47  0000              @HCCINIT	.section 'data'
  48  0000              @HCCINIT0	.section 'data'
  49  0000              @BITDATASEC	 .section 'data'
  50  0000              @BITDATASEC1	 .section 'data'
  51  0000              
  52  0000              #pragma debug scope 1 1
  53  0000              	extern __DELAY3:near
  54  0000              	extern __DELAYX3:near
  55  0000              	extern __DELAYX6:near
  56  0000              	extern __DELAYY5:near
  57  0000              	extern __DELAYY3:near
  58  0000              	extern _builtin_holtek_delay_2:byte
  59  0000              ___intc0 equ [14]
文件：main.ASM     编译器版本 HGASM 0202 页次2

  60  0000              ___pa equ [20]
  61  0000              ___pb equ [37]
  62  0000              public _main
  63  0000              #pragma debug scope 2 1

  25  0000              #line 25 "E:\2HT66F018_F12\F12-record-20220116\main.c"
  25  0000              IFDEF WITH_DEFAULT_STARTUP
  25  0000              extern _main_initial0:near
  25  0000              extern _main_startup:near
  25  0000              ENDIF
  25  0000              
  25  0000              ROMBANK 0 @start
  25  0000              @start .section com_l 'code'
  25  0000              _main_startup1:
  25  0000              @start .section com_e 'code'
  25  0000  2800     R  	jmp _main
  25  0001              
  25  0000              _main .section 'code'
  25  0000              _main proc
  25  0000  0002[           local _main_2 db 2 dup(?)
            00
            ]
  25  0002              #pragma debug variable 8 2 _main_2+1 "rtc_oldmin"
  25  0002              #pragma debug variable 8 2 _main_2+0 "play_flag"
  31  0002              #line 31 "E:\2HT66F018_F12\F12-record-20220116\main.c"
  31  0002              ;# 31 "E:\2HT66F018_F12\F12-record-20220116\main.c" 1
  31  0000              	IF 100>263690
  31  0000              ;# 31 "E:\2HT66F018_F12\F12-record-20220116\main.c" 1
  31  0000              	ERRMESSAGE 'the value 100of the argument exceeds the maxinum 263690'
  31  0000              	ENDIF
  31  0000              ;# 31 "E:\2HT66F018_F12\F12-record-20220116\main.c" 1
  31  0000              	IF 100<0
  31  0000              ;# 31 "E:\2HT66F018_F12\F12-record-20220116\main.c" 1
  31  0000              	ERRMESSAGE 'the value 100 of the argument exceeds the mininum 0'
  31  0000              	ENDIF
  31  0000              ;# 31 "E:\2HT66F018_F12\F12-record-20220116\main.c" 1
  31  0000              	IF 100==0
  31  0000              ;# 31 "E:\2HT66F018_F12\F12-record-20220116\main.c" 1
  31  0000              	JMP $
  31  0000              	ENDIF
  31  0000              ;# 31 "E:\2HT66F018_F12\F12-record-20220116\main.c" 1
  31  0000              	IF 100==1
  31  0000              ;# 31 "E:\2HT66F018_F12\F12-record-20220116\main.c" 1
  31  0000              	NOP
  31  0000              	ENDIF
  31  0000              ;# 31 "E:\2HT66F018_F12\F12-record-20220116\main.c" 1
  31  0000              	IF 100==2
  31  0000              ;# 31 "E:\2HT66F018_F12\F12-record-20220116\main.c" 1
  31  0000              	NOP
  31  0000              ;# 31 "E:\2HT66F018_F12\F12-record-20220116\main.c" 1
  31  0000              	NOP
  31  0000              	ENDIF
  31  0000              ;# 31 "E:\2HT66F018_F12\F12-record-20220116\main.c" 1
  31  0000              	IF 100==3
  31  0000              ;# 31 "E:\2HT66F018_F12\F12-record-20220116\main.c" 1
  31  0000              	NOP
  31  0000              ;# 31 "E:\2HT66F018_F12\F12-record-20220116\main.c" 1
  31  0000              	NOP
  31  0000              ;# 31 "E:\2HT66F018_F12\F12-record-20220116\main.c" 1
  31  0000              	NOP
文件：main.c       编译器版本 HGASM 0202 页次3

  31  0000              	ENDIF
  31  0000              ;# 31 "E:\2HT66F018_F12\F12-record-20220116\main.c" 1
  31  0000              	IF (100<8) AND (100>3)
  31  0000              ;# 31 "E:\2HT66F018_F12\F12-record-20220116\main.c" 1
  31  0000              	CALL __DELAY3 + 7 -100
  31  0000              	ENDIF
  31  0000              ;# 31 "E:\2HT66F018_F12\F12-record-20220116\main.c" 1
  31  0000              	IF (100< 0404h) AND (100>7)
  31  0000              ;# 31 "E:\2HT66F018_F12\F12-record-20220116\main.c" 1
  31  0000  0F18        	MOV A,100/4-1
  31  0001              ;# 31 "E:\2HT66F018_F12\F12-record-20220116\main.c" 1
  31  0001  2000     E  	CALL __DELAYX3 + 3 -(100 MOD 4)
  31  0002              	ENDIF
  31  0002              ;# 31 "E:\2HT66F018_F12\F12-record-20220116\main.c" 1
  31  0002              	IF (100< 0x40B) AND (100> 0403h)
  31  0002              ;# 31 "E:\2HT66F018_F12\F12-record-20220116\main.c" 1
  31  0002              	MOV A,0 
  31  0002              ;# 31 "E:\2HT66F018_F12\F12-record-20220116\main.c" 1
  31  0002              	CALL __DELAYX6 + 0x40a -100
  31  0002              	ENDIF
  31  0002              ;# 31 "E:\2HT66F018_F12\F12-record-20220116\main.c" 1
  31  0002              	IF (100 >= 0x40b) AND ((((100-9)%0402h)/4+1)>256)
  31  0002              ;# 31 "E:\2HT66F018_F12\F12-record-20220116\main.c" 1
  31  0002              	MOV A,(100-9)/0402h
  31  0002              ;# 31 "E:\2HT66F018_F12\F12-record-20220116\main.c" 1
  31  0002              	MOV _builtin_holtek_delay_2,A
  31  0002              ;# 31 "E:\2HT66F018_F12\F12-record-20220116\main.c" 1
  31  0002              	MOV A,0
  31  0002              ;# 31 "E:\2HT66F018_F12\F12-record-20220116\main.c" 1
  31  0002              	CALL __DELAYY5 +5- (((100-9)%0402h)%6)
  31  0002              	ENDIF
  31  0002              ;# 31 "E:\2HT66F018_F12\F12-record-20220116\main.c" 1
  31  0002              	IF (100 >= 0x40b) AND ((((100-9)%0402h)/4+1)<=256)
  31  0002              ;# 31 "E:\2HT66F018_F12\F12-record-20220116\main.c" 1
  31  0002              	MOV A,(100-9)/0402h
  31  0002              ;# 31 "E:\2HT66F018_F12\F12-record-20220116\main.c" 1
  31  0002              	MOV _builtin_holtek_delay_2,A
  31  0002              ;# 31 "E:\2HT66F018_F12\F12-record-20220116\main.c" 1
  31  0002              	MOV A,((100-9)%0402h)/4+1
  31  0002              ;# 31 "E:\2HT66F018_F12\F12-record-20220116\main.c" 1
  31  0002              	CALL __DELAYY3 +3-(((100-9)%0402h)%4)
  31  0002              	ENDIF
  32  0002              #line 32 "E:\2HT66F018_F12\F12-record-20220116\main.c"
  32  0002  2000     E  	call _Init_clock
  34  0003              #line 34 "E:\2HT66F018_F12\F12-record-20220116\main.c"
  34  0003  1F00     E  	clr _GPIOA_INIT_2[2]
  34  0004  1F00     E  	clr _GPIOA_INIT_2[1]
  34  0005  1F00     E  	clr _GPIOA_INIT_2[0]
  34  0006  0F3A        	mov a,58
  34  0007  2000     E  	call _GPIOA_INIT
  35  0008              #line 35 "E:\2HT66F018_F12\F12-record-20220116\main.c"
  35  0008  1F00     E  	clr _GPIOB_INIT_2[1]
  35  0009  1F00     E  	clr _GPIOB_INIT_2[0]
  35  000A  0F70        	mov a,112
  35  000B  2000     E  	call _GPIOB_INIT
  36  000C              #line 36 "E:\2HT66F018_F12\F12-record-20220116\main.c"
  36  000C  1F00     E  	clr _GPIOC_INIT_2[1]
  36  000D  1F00     E  	clr _GPIOC_INIT_2[0]
  36  000E  0F01        	mov a,1
  36  000F  2000     E  	call _GPIOC_INIT
文件：main.c       编译器版本 HGASM 0202 页次4

  38  0010              #line 38 "E:\2HT66F018_F12\F12-record-20220116\main.c"
  38  0010  1F00     E  	clr _GPIOC_INIT_2[1]
  38  0011  0F01        	mov a,1
  38  0012  0080     E  	mov _GPIOC_INIT_2[0],a
  38  0013  0F06        	mov a,6
  38  0014  2000     E  	call _GPIOC_INIT
  40  0015              #line 40 "E:\2HT66F018_F12\F12-record-20220116\main.c"
  40  0015  0F01        	mov a,1
  40  0016  0080     E  	mov _GPIOA_INIT_2[2],a
  40  0017  1F00     E  	clr _GPIOA_INIT_2[1]
  40  0018  1F00     E  	clr _GPIOA_INIT_2[0]
  40  0019  0F80        	mov a,128
  40  001A  2000     E  	call _GPIOA_INIT
  41  001B              #line 41 "E:\2HT66F018_F12\F12-record-20220116\main.c"
  41  001B  1F00     E  	clr _GPIOB_INIT_2[1]
  41  001C  0F01        	mov a,1
  41  001D  0080     E  	mov _GPIOB_INIT_2[0],a
  41  001E  0F08        	mov a,8
  41  001F  2000     E  	call _GPIOB_INIT
  43  0020              #line 43 "E:\2HT66F018_F12\F12-record-20220116\main.c"
  43  0020  2000     E  	call _init_TM1628
  45  0021              #line 45 "E:\2HT66F018_F12\F12-record-20220116\main.c"
  45  0021  2000     E  	call _rtc_init
  47  0022              #line 47 "E:\2HT66F018_F12\F12-record-20220116\main.c"
  47  0022  2000     E  	call _EEPROM_Init
  49  0023              #line 49 "E:\2HT66F018_F12\F12-record-20220116\main.c"
  49  0023  0F1F        	mov a,31
  49  0024  2000     E  	call _EEPROM_Read_Byte
  49  0025  0080     E  	mov ra,a
  49  0026  0700     E  	mov a,ra
  49  0027  0080     E  	mov _rtc_date[0],a
  50  0028              #line 50 "E:\2HT66F018_F12\F12-record-20220116\main.c"
  50  0028  0F20        	mov a,32
  50  0029  2000     E  	call _EEPROM_Read_Byte
  50  002A  0080     E  	mov ra,a
  50  002B  0700     E  	mov a,ra
  50  002C  0080     E  	mov _rtc_date[1],a
  57  002D              #line 57 "E:\2HT66F018_F12\F12-record-20220116\main.c"
  57  002D  2000     E  	call _ADC_Init
  59  002E              #line 59 "E:\2HT66F018_F12\F12-record-20220116\main.c"
  59  002E  0FE8        	mov a,-24
  59  002F  0080     E  	mov _use_delay_us_2[0],a
  59  0030  0F03        	mov a,3
  59  0031  0080     E  	mov _use_delay_us_2[1],a
  59  0032  2000     E  	call _use_delay_us
  61  0033              #line 61 "E:\2HT66F018_F12\F12-record-20220116\main.c"
  61  0033  300E        	set [14].0
  27  0034              #line 27 "E:\2HT66F018_F12\F12-record-20220116\main.c"
  27  0034  0F63        	mov a,99
  27  0035  0080     R  	mov _main_2[1],a
  27  0036              _L2:
  65  0036              #line 65 "E:\2HT66F018_F12\F12-record-20220116\main.c"
  65  0036              ;# 65 "E:\2HT66F018_F12\F12-record-20220116\main.c" 1
  65  0036  0001        	clr wdt
  95  0037              #line 95 "E:\2HT66F018_F12\F12-record-20220116\main.c"
  95  0037  2000     E  	call _key_scan
  95  0038  0080     R  	mov _main_2[0],a
  97  0039              #line 97 "E:\2HT66F018_F12\F12-record-20220116\main.c"
  97  0039  0700     R  	mov a,_main_2[0]
  97  003A  0A01        	sub a,1
文件：main.c       编译器版本 HGASM 0202 页次5

  97  003B  3D0A        	sz z
  97  003C  2800     R  	jmp _L4
  97  003D  0A01        	sub a,(2)-(1)
  97  003E  3D0A        	sz z
  97  003F  2800     R  	jmp _L5
  97  0040  0700     R  	mov a,_main_2[0]
  97  0041  0A03        	sub a,3
  97  0042  3D0A        	sz z
  97  0043  2800     R  	jmp _L6
  97  0044  0A01        	sub a,(4)-(3)
  97  0045  3D0A        	sz z
  97  0046  2800     R  	jmp _L7
  97  0047  0700     R  	mov a,_main_2[0]
  97  0048  0A05        	sub a,5
  97  0049  3D0A        	sz z
  97  004A  2800     R  	jmp _L8
  97  004B  0A01        	sub a,(6)-(5)
  97  004C  3D0A        	sz z
  97  004D  2800     R  	jmp _L9
  97  004E  0700     R  	mov a,_main_2[0]
  97  004F  0A07        	sub a,7
  97  0050  390A        	snz z
  97  0051  2800     R  	jmp _L31
  97  0052  2800     R  	jmp _L27
  97  0053              _L7:
 101  0053              #line 101 "E:\2HT66F018_F12\F12-record-20220116\main.c"
 101  0053  1080     R  	sz _meal_flag[0]
 101  0054  2800     R  	jmp _L31
 103  0055              #line 103 "E:\2HT66F018_F12\F12-record-20220116\main.c"
 103  0055  2000     E  	call _set_time
 103  0056  2800     R  	jmp _L31
 103  0057              _L6:
 110  0057              #line 110 "E:\2HT66F018_F12\F12-record-20220116\main.c"
 110  0057  2000     E  	call _set_meal
 110  0058  2800     R  	jmp _L31
 110  0059              _L8:
 116  0059              #line 116 "E:\2HT66F018_F12\F12-record-20220116\main.c"
 116  0059  1F00     R  	clr _feed[0]
 117  005A              #line 117 "E:\2HT66F018_F12\F12-record-20220116\main.c"
 117  005A  1F00     R  	clr _feed[1]
 118  005B              #line 118 "E:\2HT66F018_F12\F12-record-20220116\main.c"
 118  005B  0F01        	mov a,1
 118  005C  0080     R  	mov _feed[2],a
 119  005D              #line 119 "E:\2HT66F018_F12\F12-record-20220116\main.c"
 119  005D  0F01        	mov a,1
 119  005E  0080     R  	mov _feed[3],a
 121  005F              #line 121 "E:\2HT66F018_F12\F12-record-20220116\main.c"
 121  005F  0F01        	mov a,1
 121  0060  0080     E  	mov _feed_going[0],a
 121  0061  2800     R  	jmp _L31
 121  0062              _L9:
 127  0062              #line 127 "E:\2HT66F018_F12\F12-record-20220116\main.c"
 127  0062  0F01        	mov a,1
 127  0063  0080     E  	mov _GPIOA_INIT_2[2],a
 127  0064  1F00     E  	clr _GPIOA_INIT_2[1]
 127  0065  1F00     E  	clr _GPIOA_INIT_2[0]
 127  0066  0F80        	mov a,128
 127  0067  2000     E  	call _GPIOA_INIT
 128  0068              #line 128 "E:\2HT66F018_F12\F12-record-20220116\main.c"
 128  0068  1F00     E  	clr _GPIOB_INIT_2[1]
文件：main.c       编译器版本 HGASM 0202 页次6

 128  0069  0F01        	mov a,1
 128  006A  0080     E  	mov _GPIOB_INIT_2[0],a
 128  006B  0F08        	mov a,8
 128  006C  2000     E  	call _GPIOB_INIT
 129  006D              #line 129 "E:\2HT66F018_F12\F12-record-20220116\main.c"
 129  006D  0FC8        	mov a,-56
 129  006E  0080     E  	mov _Delay_ms_2[0],a
 129  006F  1F00     E  	clr _Delay_ms_2[1]
 129  0070  2000     E  	call _Delay_ms
 131  0071              #line 131 "E:\2HT66F018_F12\F12-record-20220116\main.c"
 131  0071  1700     R  	sdza _record_flag[0]
 131  0072  2800     R  	jmp _LI1
 131  0073  2800     R  	jmp _L12
 131  0074              _LI1:
 133  0074              #line 133 "E:\2HT66F018_F12\F12-record-20220116\main.c"
 133  0074  0F01        	mov a,1
 133  0075  0080     R  	mov _record_flag[0],a
 134  0076              #line 134 "E:\2HT66F018_F12\F12-record-20220116\main.c"
 134  0076  3794        	clr [20].7
 134  0077  2800     R  	jmp _L31
 134  0078              _L12:
 140  0078              #line 140 "E:\2HT66F018_F12\F12-record-20220116\main.c"
 140  0078  1F00     R  	clr _record_flag[0]
 141  0079              #line 141 "E:\2HT66F018_F12\F12-record-20220116\main.c"
 141  0079  3394        	set [20].7
 141  007A  2800     R  	jmp _L31
 141  007B              _L4:
 156  007B              #line 156 "E:\2HT66F018_F12\F12-record-20220116\main.c"
 156  007B  0FE8        	mov a,-24
 156  007C  0080     E  	mov _use_delay_us_2[0],a
 156  007D  0F03        	mov a,3
 156  007E  0080     E  	mov _use_delay_us_2[1],a
 156  007F  2000     E  	call _use_delay_us
 157  0080              #line 157 "E:\2HT66F018_F12\F12-record-20220116\main.c"
 157  0080  1400     R  	inca _meal_flag[0]
 157  0081  0080     E  	mov ra,a
 157  0082  0700     E  	mov a,ra
 157  0083  0080     R  	mov _meal_flag[0],a
 158  0084              #line 158 "E:\2HT66F018_F12\F12-record-20220116\main.c"
 158  0084  0F06        	mov a,6
 158  0085  0200     E  	sub a,ra
 158  0086  1185        	swap acc
 158  0087  040A        	xor a,status
 158  0088  3985        	snz acc.3
 158  0089  2800     R  	jmp _L31
 159  008A              #line 159 "E:\2HT66F018_F12\F12-record-20220116\main.c"
 159  008A  1F00     R  	clr _meal_flag[0]
 159  008B  2800     R  	jmp _L31
 159  008C              _L5:
 165  008C              #line 165 "E:\2HT66F018_F12\F12-record-20220116\main.c"
 165  008C  0FE8        	mov a,-24
 165  008D  0080     E  	mov _use_delay_us_2[0],a
 165  008E  0F03        	mov a,3
 165  008F  0080     E  	mov _use_delay_us_2[1],a
 165  0090  2000     E  	call _use_delay_us
 166  0091              #line 166 "E:\2HT66F018_F12\F12-record-20220116\main.c"
 166  0091  1500     R  	deca _meal_flag[0]
 166  0092  0080     E  	mov ra,a
 166  0093  0700     E  	mov a,ra
 166  0094  0080     R  	mov _meal_flag[0],a
文件：main.c       编译器版本 HGASM 0202 页次7

 167  0095              #line 167 "E:\2HT66F018_F12\F12-record-20220116\main.c"
 167  0095  3800     E  	snz ra.7
 167  0096  2800     R  	jmp _L31
 168  0097              #line 168 "E:\2HT66F018_F12\F12-record-20220116\main.c"
 168  0097  0F06        	mov a,6
 168  0098  0080     R  	mov _meal_flag[0],a
 168  0099              _L31:
 168  0099  1F00     R  	clr _main_2[0]
 168  009A  2800     R  	jmp _L10
 168  009B              _L27:
 150  009B              #line 150 "E:\2HT66F018_F12\F12-record-20220116\main.c"
 150  009B  0F01        	mov a,1
 150  009C  0080     R  	mov _main_2[0],a
 150  009D              _L10:
 173  009D              #line 173 "E:\2HT66F018_F12\F12-record-20220116\main.c"
 173  009D  0700     R  	mov a,_meal_flag[0]
 173  009E  0080     E  	mov ra,a
 173  009F  3C00     E  	sz ra.7
 173  00A0  2800     R  	jmp _L14
 173  00A1  1080     E  	sz ra
 173  00A2  2800     R  	jmp _LI2
 173  00A3  2800     R  	jmp _L14
 173  00A4              _LI2:
 175  00A4              #line 175 "E:\2HT66F018_F12\F12-record-20220116\main.c"
 175  00A4  0700     E  	mov a,ra
 175  00A5  2000     E  	call _get_meal
 175  00A6  2800     R  	jmp _L15
 175  00A7              _L14:
 179  00A7              #line 179 "E:\2HT66F018_F12\F12-record-20220116\main.c"
 179  00A7  2000     E  	call _rtc_lcd
 179  00A8              _L15:
 183  00A8              #line 183 "E:\2HT66F018_F12\F12-record-20220116\main.c"
 183  00A8  0700     R  	mov a,_record_flag[0]
 183  00A9  0A02        	sub a,2
 183  00AA  390A        	snz z
 183  00AB  2800     R  	jmp _L16
 185  00AC              #line 185 "E:\2HT66F018_F12\F12-record-20220116\main.c"
 185  00AC  0F01        	mov a,1
 185  00AD  0080     E  	mov _GPIOA_INIT_2[2],a
 185  00AE  1F00     E  	clr _GPIOA_INIT_2[1]
 185  00AF  1F00     E  	clr _GPIOA_INIT_2[0]
 185  00B0  0F80        	mov a,128
 185  00B1  2000     E  	call _GPIOA_INIT
 186  00B2              #line 186 "E:\2HT66F018_F12\F12-record-20220116\main.c"
 186  00B2  1F00     E  	clr _GPIOB_INIT_2[1]
 186  00B3  0F01        	mov a,1
 186  00B4  0080     E  	mov _GPIOB_INIT_2[0],a
 186  00B5  0F08        	mov a,8
 186  00B6  2000     E  	call _GPIOB_INIT
 187  00B7              #line 187 "E:\2HT66F018_F12\F12-record-20220116\main.c"
 187  00B7  0FC8        	mov a,-56
 187  00B8  0080     E  	mov _Delay_ms_2[0],a
 187  00B9  1F00     E  	clr _Delay_ms_2[1]
 187  00BA  2000     E  	call _Delay_ms
 189  00BB              #line 189 "E:\2HT66F018_F12\F12-record-20220116\main.c"
 189  00BB  1F00     R  	clr _record_flag[0]
 190  00BC              #line 190 "E:\2HT66F018_F12\F12-record-20220116\main.c"
 190  00BC  3394        	set [20].7
 190  00BD              _L16:
 197  00BD              #line 197 "E:\2HT66F018_F12\F12-record-20220116\main.c"
文件：main.c       编译器版本 HGASM 0202 页次8

 197  00BD  1080     R  	sz _time_save_flag[0]
 197  00BE  2800     R  	jmp _LI3
 197  00BF  2800     R  	jmp _L17
 197  00C0              _LI3:
 199  00C0              #line 199 "E:\2HT66F018_F12\F12-record-20220116\main.c"
 199  00C0  1F00     R  	clr _time_save_flag[0]
 200  00C1              #line 200 "E:\2HT66F018_F12\F12-record-20220116\main.c"
 200  00C1  2000     E  	call _time_save
 200  00C2              _L17:
 203  00C2              #line 203 "E:\2HT66F018_F12\F12-record-20220116\main.c"
 203  00C2  0700     E  	mov a,_lcd_timeout[0]
 203  00C3  0C10        	xor a,16
 203  00C4  0700     E  	mov a,_lcd_timeout[1]
 203  00C5  3D0A        	sz z
 203  00C6  0C0E        	xor a,14
 203  00C7  390A        	snz z
 203  00C8  2800     R  	jmp _L18
 205  00C9              #line 205 "E:\2HT66F018_F12\F12-record-20220116\main.c"
 205  00C9  1F00     R  	clr _meal_flag[0]
 205  00CA              _L18:
 208  00CA              #line 208 "E:\2HT66F018_F12\F12-record-20220116\main.c"
 208  00CA  0700     R  	mov a,_main_2[1]
 208  00CB  0200     E  	sub a,_rtc_date[1]
 208  00CC  3D0A        	sz z
 208  00CD  2800     R  	jmp _L19
 210  00CE              #line 210 "E:\2HT66F018_F12\F12-record-20220116\main.c"
 210  00CE  0700     E  	mov a,_rtc_date[1]
 210  00CF  0080     R  	mov _main_2[1],a
 212  00D0              #line 212 "E:\2HT66F018_F12\F12-record-20220116\main.c"
 212  00D0  0F00     R  	mov a,low offset _feed
 212  00D1  0080     E  	mov _feed_scan_2[0],a
 212  00D2  0F00     R  	mov a,high offset _feed
 212  00D3  0080     E  	mov _feed_scan_2[1],a
 212  00D4  2000     E  	call _feed_scan
 212  00D5  2800     R  	jmp _L20
 212  00D6              _L19:
 214  00D6              #line 214 "E:\2HT66F018_F12\F12-record-20220116\main.c"
 214  00D6  1080     R  	sz _feed_detect_again[0]
 214  00D7  2800     R  	jmp _LI4
 214  00D8  2800     R  	jmp _L20
 214  00D9              _LI4:
 216  00D9              #line 216 "E:\2HT66F018_F12\F12-record-20220116\main.c"
 216  00D9  0700     E  	mov a,_feed_error[0]
 216  00DA  0E03        	and a,3
 216  00DB  0080     E  	mov ra,a
 216  00DC  1080     E  	sz ra
 216  00DD  2800     R  	jmp _L20
 218  00DE              #line 218 "E:\2HT66F018_F12\F12-record-20220116\main.c"
 218  00DE  0F01        	mov a,1
 218  00DF  0080     E  	mov _feed_going[0],a
 218  00E0              _L20:
 222  00E0              #line 222 "E:\2HT66F018_F12\F12-record-20220116\main.c"
 222  00E0  1080     E  	sz _feed_going[0]
 222  00E1  2800     R  	jmp _LI5
 222  00E2  2800     R  	jmp _L21
 222  00E3              _LI5:
 227  00E3              #line 227 "E:\2HT66F018_F12\F12-record-20220116\main.c"
 227  00E3  0F00     R  	mov a,low offset _feed
 227  00E4  0080     E  	mov _feed_run_2[0],a
 227  00E5  0F00     R  	mov a,high offset _feed
文件：main.c       编译器版本 HGASM 0202 页次9

 227  00E6  0080     E  	mov _feed_run_2[1],a
 227  00E7  2000     E  	call _feed_run
 227  00E8  0080     E  	mov ra,a
 227  00E9  0700     E  	mov a,ra
 227  00EA  0080     E  	mov _feed_error[0],a
 228  00EB              #line 228 "E:\2HT66F018_F12\F12-record-20220116\main.c"
 228  00EB  2000     E  	call _time_save
 229  00EC              #line 229 "E:\2HT66F018_F12\F12-record-20220116\main.c"
 229  00EC  0700     E  	mov a,_feed_error[0]
 229  00ED  0E03        	and a,3
 229  00EE  0080     E  	mov ra,a
 229  00EF  1080     E  	sz ra
 229  00F0  2800     R  	jmp _LI6
 229  00F1  2800     R  	jmp _L22
 229  00F2              _LI6:
 231  00F2              #line 231 "E:\2HT66F018_F12\F12-record-20220116\main.c"
 231  00F2  0F01        	mov a,1
 231  00F3  0080     R  	mov _feed_detect_again[0],a
 231  00F4  2800     R  	jmp _L23
 231  00F5              _L22:
 235  00F5              #line 235 "E:\2HT66F018_F12\F12-record-20220116\main.c"
 235  00F5  1F00     R  	clr _feed_detect_again[0]
 235  00F6              _L23:
 238  00F6              #line 238 "E:\2HT66F018_F12\F12-record-20220116\main.c"
 238  00F6  1F00     E  	clr _feed_going[0]
 238  00F7  2800     R  	jmp _L24
 238  00F8              _L21:
 242  00F8              #line 242 "E:\2HT66F018_F12\F12-record-20220116\main.c"
 242  00F8  2000     E  	call _battery_detect
 246  00F9              #line 246 "E:\2HT66F018_F12\F12-record-20220116\main.c"
 246  00F9  1080     R  	sz _main_2[0]
 246  00FA  2800     R  	jmp _LI7
 246  00FB  2800     R  	jmp _L2
 246  00FC              _LI7:
 246  00FC              _L24:
 248  00FC              #line 248 "E:\2HT66F018_F12\F12-record-20220116\main.c"
 248  00FC  0F01        	mov a,1
 248  00FD  0080     E  	mov _GPIOA_INIT_2[2],a
 248  00FE  1F00     E  	clr _GPIOA_INIT_2[1]
 248  00FF  1F00     E  	clr _GPIOA_INIT_2[0]
 248  0100  0F80        	mov a,128
 248  0101  2000     E  	call _GPIOA_INIT
 249  0102              #line 249 "E:\2HT66F018_F12\F12-record-20220116\main.c"
 249  0102  1F00     E  	clr _GPIOB_INIT_2[1]
 249  0103  0F01        	mov a,1
 249  0104  0080     E  	mov _GPIOB_INIT_2[0],a
 249  0105  0F08        	mov a,8
 249  0106  2000     E  	call _GPIOB_INIT
 250  0107              #line 250 "E:\2HT66F018_F12\F12-record-20220116\main.c"
 250  0107  0F64        	mov a,100
 250  0108  0080     E  	mov _Delay_ms_2[0],a
 250  0109  1F00     E  	clr _Delay_ms_2[1]
 250  010A  2000     E  	call _Delay_ms
 252  010B              #line 252 "E:\2HT66F018_F12\F12-record-20220116\main.c"
 252  010B  1080     R  	sz _record_flag[0]
 252  010C  2800     R  	jmp _LI8
 252  010D  2800     R  	jmp _L26
 252  010E              _LI8:
 254  010E              #line 254 "E:\2HT66F018_F12\F12-record-20220116\main.c"
 254  010E  1F00     R  	clr _record_flag[0]
文件：main.c       编译器版本 HGASM 0202 页次10

 255  010F              #line 255 "E:\2HT66F018_F12\F12-record-20220116\main.c"
 255  010F  3394        	set [20].7
 255  0110              _L26:
 258  0110              #line 258 "E:\2HT66F018_F12\F12-record-20220116\main.c"
 258  0110  1F00     E  	clr _GPIOA_INIT_2[2]
 258  0111  1F00     E  	clr _GPIOA_INIT_2[1]
 258  0112  0F01        	mov a,1
 258  0113  0080     E  	mov _GPIOA_INIT_2[0],a
 258  0114  0F80        	mov a,128
 258  0115  2000     E  	call _GPIOA_INIT
 259  0116              #line 259 "E:\2HT66F018_F12\F12-record-20220116\main.c"
 259  0116  0F01        	mov a,1
 259  0117  0080     E  	mov _GPIOB_INIT_2[1],a
 259  0118  1F00     E  	clr _GPIOB_INIT_2[0]
 259  0119  0F08        	mov a,8
 259  011A  2000     E  	call _GPIOB_INIT
 260  011B              #line 260 "E:\2HT66F018_F12\F12-record-20220116\main.c"
 260  011B  0F64        	mov a,100
 260  011C  0080     E  	mov _Delay_ms_2[0],a
 260  011D  1F00     E  	clr _Delay_ms_2[1]
 260  011E  2000     E  	call _Delay_ms
 262  011F              #line 262 "E:\2HT66F018_F12\F12-record-20220116\main.c"
 262  011F  35A5        	clr [37].3
 263  0120              #line 263 "E:\2HT66F018_F12\F12-record-20220116\main.c"
 263  0120  0FC8        	mov a,-56
 263  0121  0080     E  	mov _Delay_ms_2[0],a
 263  0122  1F00     E  	clr _Delay_ms_2[1]
 263  0123  2000     E  	call _Delay_ms
 264  0124              #line 264 "E:\2HT66F018_F12\F12-record-20220116\main.c"
 264  0124  31A5        	set [37].3
 264  0125  2800     R  	jmp _L2
 264  0126  2800     R  	jmp $
 264  0127              _main endp
 264  0127              
 264  0127              @dummy endp
 264  0127              
 264  0127              #line 264 "E:\2HT66F018_F12\F12-record-20220116\main.c"
 264  0127              #pragma debug scope 1 1
 264  0127              public _INT0_ISR
 264  0127              #pragma debug scope 3 1
 290  0127              #line 290 "E:\2HT66F018_F12\F12-record-20220116\main.c"
 290  0000              @INT0_ISR_code .section at 4 'code'
 290  0000              _INT0_ISR:
 290  0000  0004        	reti
 290  0001              #line 290 "E:\2HT66F018_F12\F12-record-20220116\main.c"
 290  0001              #pragma debug scope 1 1
 290  0001              public _COMP_ISR
 290  0001              #pragma debug scope 4 1
 306  0001              #line 306 "E:\2HT66F018_F12\F12-record-20220116\main.c"
 306  0000              @COMP_ISR_code .section at 8 'code'
 306  0000              _COMP_ISR:
 306  0000  0004        	reti
 306  0001              #line 306 "E:\2HT66F018_F12\F12-record-20220116\main.c"
 306  0001              #pragma debug scope 1 1
 306  0001              ___mfi0 equ [17]
 306  0001              ___pc equ [64]
 306  0001              public _Timer0_ISR
 306  0001              #pragma debug scope 5 1
 321  0001              #line 321 "E:\2HT66F018_F12\F12-record-20220116\main.c"
 321  0000              @Timer0_ISR_code .section at 12 'code'
文件：main.c       编译器版本 HGASM 0202 页次11

 321  0000  0080     E  	mov r1,a
 321  0001  070A        	mov a,status
 321  0002  0080     E  	mov r2,a
 321  0003  2800     R  	jmp _Timer0_ISR
 321  0004              #pragma debug scope 1 1
 321  0004              @dummy12 endp
 321  0004              #pragma debug scope 6 1
 321  0000              _Timer0_ISR .section 'code'
 321  0000              _Timer0_ISR proc
 329  0000              #line 329 "E:\2HT66F018_F12\F12-record-20220116\main.c"
 329  0000  3691        	clr [17].5
 332  0001              #line 332 "E:\2HT66F018_F12\F12-record-20220116\main.c"
 332  0001  1400     R  	inca ___t1sflag_1723[0]
 332  0002  0080     E  	mov ra,a
 332  0003  0700     E  	mov a,ra
 332  0004  0080     R  	mov ___t1sflag_1723[0],a
 333  0005              #line 333 "E:\2HT66F018_F12\F12-record-20220116\main.c"
 333  0005  0700     E  	mov a,ra
 333  0006  0A73        	sub a,115
 333  0007  390A        	snz z
 333  0008  2800     R  	jmp _L37
 335  0009              #line 335 "E:\2HT66F018_F12\F12-record-20220116\main.c"
 335  0009  1F00     R  	clr ___t1sflag_1723[0]
 336  000A              #line 336 "E:\2HT66F018_F12\F12-record-20220116\main.c"
 336  000A  1480     E  	inc _rtc_date[2]
 337  000B              #line 337 "E:\2HT66F018_F12\F12-record-20220116\main.c"
 337  000B  0F3B        	mov a,59
 337  000C  0200     E  	sub a,_rtc_date[2]
 337  000D  3C0A        	sz c
 337  000E  2800     R  	jmp _L37
 339  000F              #line 339 "E:\2HT66F018_F12\F12-record-20220116\main.c"
 339  000F  1480     E  	inc _rtc_date[1]
 340  0010              #line 340 "E:\2HT66F018_F12\F12-record-20220116\main.c"
 340  0010  1F00     E  	clr _rtc_date[2]
 341  0011              #line 341 "E:\2HT66F018_F12\F12-record-20220116\main.c"
 341  0011  0F01        	mov a,1
 341  0012  0080     R  	mov _time_save_flag[0],a
 342  0013              #line 342 "E:\2HT66F018_F12\F12-record-20220116\main.c"
 342  0013  0F3B        	mov a,59
 342  0014  0200     E  	sub a,_rtc_date[1]
 342  0015  3C0A        	sz c
 342  0016  2800     R  	jmp _L37
 345  0017              #line 345 "E:\2HT66F018_F12\F12-record-20220116\main.c"
 345  0017  1480     E  	inc _rtc_date[0]
 346  0018              #line 346 "E:\2HT66F018_F12\F12-record-20220116\main.c"
 346  0018  1F00     E  	clr _rtc_date[1]
 348  0019              #line 348 "E:\2HT66F018_F12\F12-record-20220116\main.c"
 348  0019  0F17        	mov a,23
 348  001A  0200     E  	sub a,_rtc_date[0]
 348  001B  3C0A        	sz c
 348  001C  2800     R  	jmp _L37
 350  001D              #line 350 "E:\2HT66F018_F12\F12-record-20220116\main.c"
 350  001D  1F00     E  	clr _rtc_date[0]
 350  001E              _L37:
 359  001E              #line 359 "E:\2HT66F018_F12\F12-record-20220116\main.c"
 359  001E  1080     E  	sz _feed_error[0]
 359  001F  2800     R  	jmp _LI9
 359  0020  2800     R  	jmp _L39
 359  0021              _LI9:
 364  0021              #line 364 "E:\2HT66F018_F12\F12-record-20220116\main.c"
文件：main.c       编译器版本 HGASM 0202 页次12

 364  0021  1400     R  	inca ___led_blink1_1724[0]
 364  0022  0080     E  	mov ra,a
 364  0023  0700     E  	mov a,ra
 364  0024  0080     R  	mov ___led_blink1_1724[0],a
 365  0025              #line 365 "E:\2HT66F018_F12\F12-record-20220116\main.c"
 365  0025  0F31        	mov a,49
 365  0026  0200     E  	sub a,ra
 365  0027  3C0A        	sz c
 365  0028  2800     R  	jmp _L40
 367  0029              #line 367 "E:\2HT66F018_F12\F12-record-20220116\main.c"
 367  0029  0740        	mov a,[64]
 367  002A  0E01        	and a,1
 367  002B  0080     E  	mov ra,a
 367  002C  0F01        	mov a,1
 367  002D  0480     E  	xorm a,ra
 367  002E  3440        	clr [64].0
 367  002F  0700     E  	mov a,ra
 367  0030  05C0        	orm a,[64]
 368  0031              #line 368 "E:\2HT66F018_F12\F12-record-20220116\main.c"
 368  0031  1F00     R  	clr ___led_blink1_1724[0]
 368  0032  2800     R  	jmp _L40
 368  0033              _L39:
 373  0033              #line 373 "E:\2HT66F018_F12\F12-record-20220116\main.c"
 373  0033  3440        	clr [64].0
 373  0034              _L40:
 376  0034              #line 376 "E:\2HT66F018_F12\F12-record-20220116\main.c"
 376  0034  1080     E  	sz _voltage_low[0]
 376  0035  2800     R  	jmp _LI10
 376  0036  2800     R  	jmp _L41
 376  0037              _LI10:
 380  0037              #line 380 "E:\2HT66F018_F12\F12-record-20220116\main.c"
 380  0037  1400     R  	inca ___led_blink2_1725[0]
 380  0038  0080     E  	mov ra,a
 380  0039  0700     E  	mov a,ra
 380  003A  0080     R  	mov ___led_blink2_1725[0],a
 381  003B              #line 381 "E:\2HT66F018_F12\F12-record-20220116\main.c"
 381  003B  0F31        	mov a,49
 381  003C  0200     E  	sub a,ra
 381  003D  3C0A        	sz c
 381  003E  2800     R  	jmp _L42
 383  003F              #line 383 "E:\2HT66F018_F12\F12-record-20220116\main.c"
 383  003F  1F00     E  	clr ra
 383  0040  3A25        	snz [37].4
 383  0041  3000     E  	set ra.4
 383  0042  3625        	clr [37].4
 383  0043  0700     E  	mov a,ra
 383  0044  05A5        	orm a,[37]
 384  0045              #line 384 "E:\2HT66F018_F12\F12-record-20220116\main.c"
 384  0045  1F00     R  	clr ___led_blink2_1725[0]
 384  0046  2800     R  	jmp _L42
 384  0047              _L41:
 389  0047              #line 389 "E:\2HT66F018_F12\F12-record-20220116\main.c"
 389  0047  3625        	clr [37].4
 389  0048              _L42:
 392  0048              #line 392 "E:\2HT66F018_F12\F12-record-20220116\main.c"
 392  0048  1480     E  	inc _lcd_timeout[0]
 392  0049  3D0A        	sz z
 392  004A  1480     E  	inc _lcd_timeout[1]
 393  004B              #line 393 "E:\2HT66F018_F12\F12-record-20220116\main.c"
 393  004B  0FBF        	mov a,191
文件：main.c       编译器版本 HGASM 0202 页次13

 393  004C  0200     E  	sub a,_lcd_timeout[0]
 393  004D  0F12        	mov a,18
 393  004E  1200     E  	sbc a,_lcd_timeout[1]
 393  004F  1185        	swap acc
 393  0050  040A        	xor a,status
 393  0051  3985        	snz acc.3
 393  0052  2800     R  	jmp _L43
 395  0053              #line 395 "E:\2HT66F018_F12\F12-record-20220116\main.c"
 395  0053  1F00     E  	clr _lcd_timeout[0]
 395  0054  1F00     E  	clr _lcd_timeout[1]
 395  0055              _L43:
 398  0055              #line 398 "E:\2HT66F018_F12\F12-record-20220116\main.c"
 398  0055  1080     R  	sz _record_flag[0]
 398  0056  2800     R  	jmp _LI11
 398  0057  2800     R  	jmp _L44
 398  0058              _LI11:
 400  0058              #line 400 "E:\2HT66F018_F12\F12-record-20220116\main.c"
 400  0058  0F01        	mov a,1
 400  0059  0300     R  	add a,___record_time_1721[0]
 400  005A  0080     E  	mov rb,a
 400  005B  0F00        	mov a,0
 400  005C  1300     R  	adc a,___record_time_1721[1]
 400  005D  0080     E  	mov rc,a
 401  005E              #line 401 "E:\2HT66F018_F12\F12-record-20220116\main.c"
 401  005E  0FE7        	mov a,231
 401  005F  0200     E  	sub a,rb
 401  0060  0F03        	mov a,3
 401  0061  1200     E  	sbc a,rc
 401  0062  380A        	snz c
 401  0063  2800     R  	jmp _L45
 400  0064              #line 400 "E:\2HT66F018_F12\F12-record-20220116\main.c"
 400  0064  0700     E  	mov a,rb
 400  0065  0080     R  	mov ___record_time_1721[0],a
 400  0066  0700     E  	mov a,rc
 400  0067  0080     R  	mov ___record_time_1721[1],a
 400  0068  2800     R  	jmp _L46
 400  0069              _L45:
 403  0069              #line 403 "E:\2HT66F018_F12\F12-record-20220116\main.c"
 403  0069  1F00     R  	clr ___record_time_1721[0]
 403  006A  1F00     R  	clr ___record_time_1721[1]
 404  006B              #line 404 "E:\2HT66F018_F12\F12-record-20220116\main.c"
 404  006B  0F02        	mov a,2
 404  006C  0080     R  	mov _record_flag[0],a
 404  006D  2800     R  	jmp _L46
 404  006E              _L44:
 409  006E              #line 409 "E:\2HT66F018_F12\F12-record-20220116\main.c"
 409  006E  1F00     R  	clr ___record_time_1721[0]
 409  006F  1F00     R  	clr ___record_time_1721[1]
 409  0070              _L46:
 412  0070              #line 412 "E:\2HT66F018_F12\F12-record-20220116\main.c"
 412  0070  1080     R  	sz _feed_detect_again[0]
 412  0071  2800     R  	jmp _LI12
 412  0072  2800     R  	jmp _L48
 412  0073              _LI12:
 414  0073              #line 414 "E:\2HT66F018_F12\F12-record-20220116\main.c"
 414  0073  0F01        	mov a,1
 414  0074  0300     R  	add a,___task_feed_again_1722[0]
 414  0075  0080     E  	mov rb,a
 414  0076  0F00        	mov a,0
 414  0077  1300     R  	adc a,___task_feed_again_1722[1]
文件：main.c       编译器版本 HGASM 0202 页次14

 414  0078  0080     E  	mov rc,a
 414  0079  0700     E  	mov a,rb
 414  007A  0080     R  	mov ___task_feed_again_1722[0],a
 414  007B  0700     E  	mov a,rc
 414  007C  0080     R  	mov ___task_feed_again_1722[1],a
 416  007D              #line 416 "E:\2HT66F018_F12\F12-record-20220116\main.c"
 416  007D  0F30        	mov a,48
 416  007E  0200     E  	sub a,rb
 416  007F  0F75        	mov a,117
 416  0080  1200     E  	sbc a,rc
 416  0081  3C0A        	sz c
 416  0082  2800     R  	jmp _L48
 418  0083              #line 418 "E:\2HT66F018_F12\F12-record-20220116\main.c"
 418  0083  1F00     R  	clr _feed_detect_again[0]
 419  0084              #line 419 "E:\2HT66F018_F12\F12-record-20220116\main.c"
 419  0084  1F00     R  	clr ___task_feed_again_1722[0]
 419  0085  1F00     R  	clr ___task_feed_again_1722[1]
 419  0086              _L48:
 423  0086              #line 423 "E:\2HT66F018_F12\F12-record-20220116\main.c"
 423  0086  300E        	set [14].0
 423  0087  0700     E  	mov a,r2
 423  0088  008A        	mov status,a
 423  0089  0700     E  	mov a,r1
 423  008A  0004        	reti
 423  008B              _Timer0_ISR endp
 423  008B              
 423  008B              #line 423 "E:\2HT66F018_F12\F12-record-20220116\main.c"
 423  008B              #pragma debug scope 1 1
 423  008B              ___mfi1 equ [18]
 423  008B              public _Timer1_2_ISR
 423  008B              #pragma debug scope 7 1
 434  008B              #line 434 "E:\2HT66F018_F12\F12-record-20220116\main.c"
 434  0000              @Timer1_2_ISR_code .section at 16 'code'
 434  0000  0080     E  	mov r1,a
 434  0001  070A        	mov a,status
 434  0002  0080     E  	mov r2,a
 434  0003  2800     R  	jmp _Timer1_2_ISR
 434  0004              #pragma debug scope 1 1
 434  0004              @dummy16 endp
 434  0004              #pragma debug scope 8 1
 434  0000              _Timer1_2_ISR .section 'code'
 434  0000              _Timer1_2_ISR proc
 437  0000              #line 437 "E:\2HT66F018_F12\F12-record-20220116\main.c"
 437  0000  3692        	clr [18].5
 439  0001              #line 439 "E:\2HT66F018_F12\F12-record-20220116\main.c"
 439  0001  1080     E  	sz _user_delay_flag[0]
 439  0002  2800     R  	jmp _LI13
 439  0003  2800     R  	jmp _L52
 439  0004              _LI13:
 441  0004              #line 441 "E:\2HT66F018_F12\F12-record-20220116\main.c"
 441  0004  1480     E  	inc _user_delay_time[0]
 441  0005  3D0A        	sz z
 441  0006  1480     E  	inc _user_delay_time[1]
 442  0007              #line 442 "E:\2HT66F018_F12\F12-record-20220116\main.c"
 442  0007  0FFD        	mov a,253
 442  0008  0200     E  	sub a,_user_delay_time[0]
 442  0009  0FFF        	mov a,255
 442  000A  1200     E  	sbc a,_user_delay_time[1]
 442  000B  3C0A        	sz c
 442  000C  2800     R  	jmp _L52
文件：main.c       编译器版本 HGASM 0202 页次15

 443  000D              #line 443 "E:\2HT66F018_F12\F12-record-20220116\main.c"
 443  000D  0FFE        	mov a,-2
 443  000E  0080     E  	mov _user_delay_time[0],a
 443  000F  1F80     E  	set _user_delay_time[1]
 443  0010              _L52:
 446  0010              #line 446 "E:\2HT66F018_F12\F12-record-20220116\main.c"
 446  0010  300E        	set [14].0
 446  0011  0700     E  	mov a,r2
 446  0012  008A        	mov status,a
 446  0013  0700     E  	mov a,r1
 446  0014  0004        	reti
 446  0015              _Timer1_2_ISR endp
 446  0015              
 446  0015              #line 446 "E:\2HT66F018_F12\F12-record-20220116\main.c"
 446  0015              #pragma debug scope 1 1
 446  0015              public _LVD_EEPROM_ISR
 446  0015              #pragma debug scope 9 1
 460  0015              #line 460 "E:\2HT66F018_F12\F12-record-20220116\main.c"
 460  0000              @LVD_EEPROM_ISR_code .section at 20 'code'
 460  0000              _LVD_EEPROM_ISR:
 460  0000  0004        	reti
 460  0001              #line 460 "E:\2HT66F018_F12\F12-record-20220116\main.c"
 460  0001              #pragma debug scope 1 1
 460  0001              public _ADC_ISR
 460  0001              #pragma debug scope 10 1
 475  0001              #line 475 "E:\2HT66F018_F12\F12-record-20220116\main.c"
 475  0000              @ADC_ISR_code .section at 24 'code'
 475  0000              _ADC_ISR:
 475  0000  0004        	reti
 475  0001              #line 475 "E:\2HT66F018_F12\F12-record-20220116\main.c"
 475  0001              #pragma debug scope 1 1
 475  0001              public _TB0_ISR
 475  0001              #pragma debug scope 11 1
 491  0001              #line 491 "E:\2HT66F018_F12\F12-record-20220116\main.c"
 491  0000              @TB0_ISR_code .section at 28 'code'
 491  0000              _TB0_ISR:
 491  0000  0004        	reti
 491  0001              #line 491 "E:\2HT66F018_F12\F12-record-20220116\main.c"
 491  0001              #pragma debug scope 1 1
 491  0001              public _TB1_ISR
 491  0001              #pragma debug scope 12 1
 510  0001              #line 510 "E:\2HT66F018_F12\F12-record-20220116\main.c"
 510  0000              @TB1_ISR_code .section at 32 'code'
 510  0000              _TB1_ISR:
 510  0000  0004        	reti
 510  0001              #line 510 "E:\2HT66F018_F12\F12-record-20220116\main.c"
 510  0001              #pragma debug scope 1 1
 510  0001              public _INT1_ISR
 510  0001              #pragma debug scope 13 1
 526  0001              #line 526 "E:\2HT66F018_F12\F12-record-20220116\main.c"
 526  0000              @INT1_ISR_code .section at 36 'code'
 526  0000              _INT1_ISR:
 526  0000  0004        	reti
 526  0001              #line 526 "E:\2HT66F018_F12\F12-record-20220116\main.c"
 526  0001              #pragma debug scope 1 1
 526  0000              @HCCINIT	.section 'data'
 324  0000              #line 324 "E:\2HT66F018_F12\F12-record-20220116\main.c"
 324  0000              @HCCINIT .section 'data'
 324  0000              ___task_feed_again_1722 label byte
 324  0000              #pragma debug variable 10 6 ___task_feed_again_1722 "task_feed_again"
文件：main.c       编译器版本 HGASM 0202 页次16

 324  0000              	db 0
 324  0000              @ROMDATA_BASE .section inpage 'code'
 324  0000              	db 0
 324  0001              @HCCINIT .section 'data'
 324  0001              	db 0
 324  0001              @ROMDATA_BASE .section inpage 'code'
 324  0001              	db 0
 324  0002              @HCCINIT .section 'data'
 323  0002              #line 323 "E:\2HT66F018_F12\F12-record-20220116\main.c"
 323  0002              @HCCINIT .section 'data'
 323  0002              ___record_time_1721 label byte
 323  0002              #pragma debug variable 10 6 ___record_time_1721 "record_time"
 323  0002              	db 0
 323  0001              @ROMDATA_BASE .section inpage 'code'
 323  0001              	db 0
 323  0003              @HCCINIT .section 'data'
 323  0003              	db 0
 323  0002              @ROMDATA_BASE .section inpage 'code'
 323  0002              	db 0
 323  0004              @HCCINIT .section 'data'
 327  0004              #line 327 "E:\2HT66F018_F12\F12-record-20220116\main.c"
 327  0004              @HCCINIT .section 'data'
 327  0004              ___led_blink2_1725 label byte
 327  0004              #pragma debug variable 8 6 ___led_blink2_1725 "led_blink2"
 327  0004              	db 0
 327  0002              @ROMDATA_BASE .section inpage 'code'
 327  0002              	db 0
 327  0005              @HCCINIT .section 'data'
 326  0005              #line 326 "E:\2HT66F018_F12\F12-record-20220116\main.c"
 326  0005              @HCCINIT .section 'data'
 326  0005              ___led_blink1_1724 label byte
 326  0005              #pragma debug variable 8 6 ___led_blink1_1724 "led_blink1"
 326  0005              	db 0
 326  0003              @ROMDATA_BASE .section inpage 'code'
 326  0003              	db 0
 326  0006              @HCCINIT .section 'data'
 325  0006              #line 325 "E:\2HT66F018_F12\F12-record-20220116\main.c"
 325  0006              @HCCINIT .section 'data'
 325  0006              ___t1sflag_1723 label byte
 325  0006              #pragma debug variable 8 6 ___t1sflag_1723 "t1sflag"
 325  0006              	db 0
 325  0003              @ROMDATA_BASE .section inpage 'code'
 325  0003              	db 0
 325  0007              @HCCINIT .section 'data'
  21  0007              #line 21 "E:\2HT66F018_F12\F12-record-20220116\main.c"
  21  0007              public _feed
  21  0000              @HCCINIT0 .section 'data'
  21  0000  0004[       _feed	db 4 dup(0)
            00
            ]
  21  0004              #pragma debug struct_end
  21  0004              #pragma debug struct_end
  21  0004              #pragma debug variable 42 1 _feed "feed"
  21  0004              
  21  0007              @HCCINIT .section 'data'
  21  0007              public _meal_flag
  19  0007              #line 19 "E:\2HT66F018_F12\F12-record-20220116\main.c"
  19  0007              @HCCINIT .section 'data'
  19  0007              _meal_flag label byte
  19  0007              #pragma debug variable 7 1 _meal_flag "meal_flag"
文件：main.c       编译器版本 HGASM 0202 页次17

  19  0007              	db 0
  19  0004              @ROMDATA_BASE .section inpage 'code'
  19  0004              	db 0
  19  0008              @HCCINIT .section 'data'
  19  0008              public _time_save_flag
  18  0008              #line 18 "E:\2HT66F018_F12\F12-record-20220116\main.c"
  18  0008              @HCCINIT .section 'data'
  18  0008              _time_save_flag label byte
  18  0008              #pragma debug variable 8 1 _time_save_flag "time_save_flag"
  18  0008              	db 0
  18  0004              @ROMDATA_BASE .section inpage 'code'
  18  0004              	db 0
  18  0009              @HCCINIT .section 'data'
  18  0009              public _feed_detect_again
  17  0009              #line 17 "E:\2HT66F018_F12\F12-record-20220116\main.c"
  17  0009              @HCCINIT .section 'data'
  17  0009              _feed_detect_again label byte
  17  0009              #pragma debug variable 8 1 _feed_detect_again "feed_detect_again"
  17  0009              	db 0
  17  0005              @ROMDATA_BASE .section inpage 'code'
  17  0005              	db 0
  17  000A              @HCCINIT .section 'data'
  17  000A              public _record_flag
  16  000A              #line 16 "E:\2HT66F018_F12\F12-record-20220116\main.c"
  16  000A              @HCCINIT .section 'data'
  16  000A              _record_flag label byte
  16  000A              #pragma debug variable 8 1 _record_flag "record_flag"
  16  000A              	db 0
  16  0005              @ROMDATA_BASE .section inpage 'code'
  16  0005              	db 0
  16  000B              @HCCINIT .section 'data'
  16  000B              public _led_flag
  15  000B              #line 15 "E:\2HT66F018_F12\F12-record-20220116\main.c"
  15  000B              @HCCINIT .section 'data'
  15  000B              _led_flag label byte
  15  000B              #pragma debug variable 8 1 _led_flag "led_flag"
  15  000B              	db 0
  15  0006              @ROMDATA_BASE .section inpage 'code'
  15  0006              	db 0
  15  000C              @HCCINIT .section 'data'
  15  000C              #pragma debug struct_end
  15  000C              #pragma debug struct_end
  15  000C              #pragma debug union_end
  15  000C              #pragma debug union_end
  15  000C              #pragma debug variable 44 1 ___intc0 "__intc0" 1
  15  000C              #pragma debug struct_end
  15  000C              #pragma debug struct_end
  15  000C              #pragma debug union_end
  15  000C              #pragma debug union_end
  15  000C              #pragma debug variable 46 1 ___mfi0 "__mfi0" 1
  15  000C              #pragma debug struct_end
  15  000C              #pragma debug struct_end
  15  000C              #pragma debug union_end
  15  000C              #pragma debug union_end
  15  000C              #pragma debug variable 48 1 ___mfi1 "__mfi1" 1
  15  000C              #pragma debug struct_end
  15  000C              #pragma debug struct_end
  15  000C              #pragma debug union_end
  15  000C              #pragma debug union_end
  15  000C              #pragma debug variable 50 1 ___pa "__pa" 1
文件：main.c       编译器版本 HGASM 0202 页次18

  15  000C              #pragma debug struct_end
  15  000C              #pragma debug struct_end
  15  000C              #pragma debug union_end
  15  000C              #pragma debug union_end
  15  000C              #pragma debug variable 52 1 ___pb "__pb" 1
  15  000C              #pragma debug struct_end
  15  000C              #pragma debug struct_end
  15  000C              #pragma debug union_end
  15  000C              #pragma debug union_end
  15  000C              #pragma debug variable 54 1 ___pc "__pc" 1
  15  000C              
  15  000C              ; output external variables
  15  000C              extern _user_delay_time:byte
  15  000C              extern _user_delay_flag:byte
  15  000C              extern _voltage_low:byte
  15  000C              extern _feed_error:byte
  15  000C              extern _lcd_timeout:byte
  15  000C              extern _feed_going:byte
  15  000C              extern _rtc_date:byte
  15  000C              extern r1:byte
  15  000C              extern r2:byte
  25  000C              #line 25 "E:\2HT66F018_F12\F12-record-20220116\main.c"
  25  0000              @code .section at 0 'code'
  25  0000  2800     R  	jmp _main_startup1
  25  0001              
  25  0001              extern _Init_clock:near
  25  0001              extern _GPIOA_INIT_2:byte
  25  0001              extern _GPIOA_INIT:near
  25  0001              extern _GPIOB_INIT_2:byte
  25  0001              extern _GPIOB_INIT:near
  25  0001              extern _GPIOC_INIT_2:byte
  25  0001              extern _GPIOC_INIT:near
  25  0001              extern _init_TM1628:near
  25  0001              extern _rtc_init:near
  25  0001              extern _EEPROM_Init:near
  25  0001              extern _EEPROM_Read_Byte:near
  25  0001              extern _ADC_Init:near
  25  0001              extern _use_delay_us_2:byte
  25  0001              extern _use_delay_us:near
  25  0001              extern _key_scan:near
  25  0001              extern _set_time:near
  25  0001              extern _set_meal:near
  25  0001              extern _Delay_ms_2:byte
  25  0001              extern _Delay_ms:near
  25  0001              extern _get_meal:near
  25  0001              extern _rtc_lcd:near
  25  0001              extern _time_save:near
  25  0001              extern _feed_scan_2:byte
  25  0001              extern _feed_scan:near
  25  0001              extern _feed_run_2:byte
  25  0001              extern _feed_run:near
  25  0001              extern _battery_detect:near
  25  0001              
  25  0001              ; 
  25  0001              ; Generated by holtek-gcc v3.19, Sat Jan 29 10:13:44 2022
  25  0001              ; Rebuild 718
  25  0001              ; end of file


        0 Errors, 0