文件：motor.c      编译器版本 HGASM 0202 页次1


   1  0000              ; Generated by holtek-gcc v3.19, Sat Jan 29 10:13:45 2022
   2  0000              ; 
   3  0000              ; Configuration:
   4  0000              ;       without long instruction
   5  0000              ;       Single ROM, Multi-RAM
   6  0000              ;       bits_per_rom_unit:16
   7  0000              ;       with mp1
   8  0000              ;       with tbhp, address(0x9)
   9  0000              ;          Use tabrd-const
  10  0000              ;       
  11  0000              ;       
  12  0000              ;       
  13  0000              ; use 'tabrdc' instead of 'tabrd'
  14  0000              ;       
  15  0000              
  16  0000              #pragma translator "holtek-gcc 4.6.4" "3.19" "build 20130711"
  17  0000              ; Rebuild 718
  18  0000              
  19  0000              ir equ [2]
  20  0000              mp equ [3]
  21  0000              sbp equ [1]
  22  0000              acc equ [5]
  23  0000              bp equ [4]
  24  0000              tblp equ [7]
  25  0000              tbhp equ [9]
  26  0000              status equ [10]
  27  0000              c equ [10].0
  28  0000              ac equ [10].1
  29  0000              z equ [10].2
  30  0000              ov equ [10].3
  31  0000              intc equ [11]
  32  0000              
  33  0000              extern ra:byte
  34  0000              extern rb:byte
  35  0000              extern rc:byte
  36  0000              extern rd:byte
  37  0000              extern re:byte
  38  0000              extern rf:byte
  39  0000              extern rg:byte
  40  0000              extern rh:byte
  41  0000              extern _Crom2Prom:near
  42  0000              extern _Crom2PromNext:near
  43  0000              
  44  0000              RAMBANK 0 @HCCINIT, @HCCINIT0
  45  0000              
  46  0000              RAMBANK 0 @BITDATASEC, @BITDATASEC1
  47  0000              @HCCINIT	.section 'data'
  48  0000              @HCCINIT0	.section 'data'
  49  0000              @BITDATASEC	 .section 'data'
  50  0000              @BITDATASEC1	 .section 'data'
  51  0000              
  52  0000              #pragma debug scope 1 1
  53  0000              	extern __DELAY3:near
  54  0000              	extern __DELAYX3:near
  55  0000              	extern __DELAYX6:near
  56  0000              	extern __DELAYY5:near
  57  0000              	extern __DELAYY3:near
  58  0000              	extern _builtin_holtek_delay_2:byte
  59  0000              ___pa equ [20]
文件：motor.ASM    编译器版本 HGASM 0202 页次2

  60  0000              ___pc equ [64]
  61  0000              public _motor_run
  62  0000              #pragma debug scope 2 1

  16  0000              #line 16 "E:\2HT66F018_F12\F12-record-20220116\motor.c"
  16  0000              _motor_run .section 'code'
  16  0000              _motor_run proc
  16  0000  0005[           local _motor_run_2 db 5 dup(?)	; 0,5
            00
            ]
  16  0005              #pragma debug variable 10 2 _motor_run_2+0 "timeout"
  24  0005              #line 24 "E:\2HT66F018_F12\F12-record-20220116\motor.c"
  24  0000  3094        	set [20].1
  33  0001              #line 33 "E:\2HT66F018_F12\F12-record-20220116\motor.c"
  33  0001  0F46        	mov a,70
  33  0002  0080     R  	mov _motor_run_2[2],a
  33  0003  0F02        	mov a,2
  33  0004  0080     R  	mov _motor_run_2[3],a
  30  0005              #line 30 "E:\2HT66F018_F12\F12-record-20220116\motor.c"
  30  0005  1F00     R  	clr _motor_run_2[0]
  30  0006              _L2:
  35  0006              #line 35 "E:\2HT66F018_F12\F12-record-20220116\motor.c"
  35  0006  0F64        	mov a,100
  35  0007  0080     E  	mov _use_delay_us_2[0],a
  35  0008  1F00     E  	clr _use_delay_us_2[1]
  35  0009  2000     E  	call _use_delay_us
  37  000A              #line 37 "E:\2HT66F018_F12\F12-record-20220116\motor.c"
  37  000A  3940        	snz [64].2
  37  000B  2800     R  	jmp _L3
  39  000C              #line 39 "E:\2HT66F018_F12\F12-record-20220116\motor.c"
  39  000C  1480     R  	inc _motor_run_2[0]
  41  000D              #line 41 "E:\2HT66F018_F12\F12-record-20220116\motor.c"
  41  000D  0F1E        	mov a,30
  41  000E  0200     R  	sub a,_motor_run_2[0]
  41  000F  3C0A        	sz c
  41  0010  2800     R  	jmp _L3
  17  0011              #line 17 "E:\2HT66F018_F12\F12-record-20220116\motor.c"
  17  0011  0F58        	mov a,88
  17  0012  0080     R  	mov _motor_run_2[0],a
  17  0013  0F02        	mov a,2
  17  0014  0080     R  	mov _motor_run_2[1],a
  17  0015  2800     R  	jmp _L4
  17  0016              _L3:
  17  0016  0FFF        	mov a,255
  17  0017  0380     R  	addm a,_motor_run_2[2]
  17  0018  0FFF        	mov a,255
  17  0019  1380     R  	adcm a,_motor_run_2[3]
  49  001A              #line 49 "E:\2HT66F018_F12\F12-record-20220116\motor.c"
  49  001A  0700     R  	mov a,_motor_run_2[2]
  49  001B  0500     R  	or a,_motor_run_2[3]
  49  001C  390A        	snz z
  49  001D  2800     R  	jmp _L2
  51  001E              #line 51 "E:\2HT66F018_F12\F12-record-20220116\motor.c"
  51  001E  1F00     R  	clr _motor_run_2[0]
  51  001F  1F00     R  	clr _motor_run_2[1]
  51  0020  2800     R  	jmp _L4
  51  0021              _L14:
  98  0021              #line 98 "E:\2HT66F018_F12\F12-record-20220116\motor.c"
  98  0021  0F64        	mov a,100
  98  0022  0080     E  	mov _use_delay_us_2[0],a
文件：motor.c      编译器版本 HGASM 0202 页次3

  98  0023  1F00     E  	clr _use_delay_us_2[1]
  98  0024  2000     E  	call _use_delay_us
  99  0025              #line 99 "E:\2HT66F018_F12\F12-record-20220116\motor.c"
  99  0025  0FFF        	mov a,255
  99  0026  0380     R  	addm a,_motor_run_2[0]
  99  0027  0FFF        	mov a,255
  99  0028  1380     R  	adcm a,_motor_run_2[1]
  99  0029              _L4:
  67  0029              #line 67 "E:\2HT66F018_F12\F12-record-20220116\motor.c"
  67  0029  0700     R  	mov a,_motor_run_2[0]
  67  002A  0500     R  	or a,_motor_run_2[1]
  67  002B  3D0A        	sz z
  67  002C  2800     R  	jmp _L11
  69  002D              #line 69 "E:\2HT66F018_F12\F12-record-20220116\motor.c"
  69  002D              ;# 69 "E:\2HT66F018_F12\F12-record-20220116\motor.c" 1
  69  002D  0001        	clr wdt
  71  002E              #line 71 "E:\2HT66F018_F12\F12-record-20220116\motor.c"
  71  002E  3D40        	sz [64].2
  71  002F  2800     R  	jmp _L14
  76  0030              #line 76 "E:\2HT66F018_F12\F12-record-20220116\motor.c"
  76  0030  0F64        	mov a,100
  76  0031  0080     E  	mov _use_delay_us_2[0],a
  76  0032  1F00     E  	clr _use_delay_us_2[1]
  76  0033  2000     E  	call _use_delay_us
  76  0034  1F00     R  	clr _motor_run_2[4]
  74  0035              #line 74 "E:\2HT66F018_F12\F12-record-20220116\motor.c"
  74  0035  1F00     R  	clr _motor_run_2[2]
  74  0036              _L10:
  80  0036              #line 80 "E:\2HT66F018_F12\F12-record-20220116\motor.c"
  80  0036  0F64        	mov a,100
  80  0037  0080     E  	mov _use_delay_us_2[0],a
  80  0038  1F00     E  	clr _use_delay_us_2[1]
  80  0039  2000     E  	call _use_delay_us
  82  003A              #line 82 "E:\2HT66F018_F12\F12-record-20220116\motor.c"
  82  003A  3D40        	sz [64].2
  82  003B  2800     R  	jmp _L8
  84  003C              #line 84 "E:\2HT66F018_F12\F12-record-20220116\motor.c"
  84  003C  1480     R  	inc _motor_run_2[2]
  84  003D              _L8:
  84  003D  1480     R  	inc _motor_run_2[4]
  78  003E              #line 78 "E:\2HT66F018_F12\F12-record-20220116\motor.c"
  78  003E  0700     R  	mov a,_motor_run_2[4]
  78  003F  0A14        	sub a,20
  78  0040  390A        	snz z
  78  0041  2800     R  	jmp _L10
  90  0042              #line 90 "E:\2HT66F018_F12\F12-record-20220116\motor.c"
  90  0042  0F06        	mov a,6
  90  0043  0200     R  	sub a,_motor_run_2[2]
  90  0044  3C0A        	sz c
  90  0045  2800     R  	jmp _L14
  93  0046              #line 93 "E:\2HT66F018_F12\F12-record-20220116\motor.c"
  93  0046  0F64        	mov a,100
  93  0047  0080     E  	mov _use_delay_us_2[0],a
  93  0048  1F00     E  	clr _use_delay_us_2[1]
  93  0049  2000     E  	call _use_delay_us
  93  004A              _L11:
 104  004A              #line 104 "E:\2HT66F018_F12\F12-record-20220116\motor.c"
 104  004A  0700     R  	mov a,_motor_run_2[0]
 104  004B  0003        	ret
 104  004C              _motor_run endp
文件：motor.c      编译器版本 HGASM 0202 页次4

 104  004C              #line 104 "E:\2HT66F018_F12\F12-record-20220116\motor.c"
 104  004C              #pragma debug scope 1 1
 104  004C              public _motor
 104  004C              #pragma debug scope 3 1
 109  004C              #line 109 "E:\2HT66F018_F12\F12-record-20220116\motor.c"
 109  0000              _motor .section 'code'
 109  0000              _motor proc
 109  0000              public _motor_2
 109  0000  0004[           local _motor_2 db 4 dup(?)	; 2,2
            00
            ]
 109  0000  0080     R  	mov _motor_2[2],a
 109  0001              #pragma debug variable 8 3 _motor_2+2 "count"
 109  0001              #pragma debug pointer 42 8 3
 109  0001              #pragma debug pointer 42 8 3
 109  0001              #pragma debug variable 42 3 _motor_2+0 "err_type"
 119  0001              #line 119 "E:\2HT66F018_F12\F12-record-20220116\motor.c"
 119  0001  1F00     R  	clr _task_run_led[0]
 120  0002              #line 120 "E:\2HT66F018_F12\F12-record-20220116\motor.c"
 120  0002  1F00     E  	clr _led_flag[0]
 122  0003              #line 122 "E:\2HT66F018_F12\F12-record-20220116\motor.c"
 122  0003  0F01        	mov a,1
 122  0004  0080     R  	mov _task_run_motor[0],a
 124  0005              #line 124 "E:\2HT66F018_F12\F12-record-20220116\motor.c"
 124  0005  0700     R  	mov a,_motor_2[0]
 124  0006  0083        	mov mp,a
 124  0007  0700     R  	mov a,_motor_2[1]
 124  0008  0081        	mov sbp,a
 124  0009  0701        	mov a,sbp
 124  000A  0084        	mov bp,a
 124  000B  0F00        	mov a,0
 124  000C  0082        	mov ir,a
 124  000D              _L17:
 126  000D              #line 126 "E:\2HT66F018_F12\F12-record-20220116\motor.c"
 126  000D  1080     R  	sz _motor_2[2]
 126  000E  2800     R  	jmp _LI1
 126  000F  2800     R  	jmp _L21
 126  0010              _LI1:
 128  0010              #line 128 "E:\2HT66F018_F12\F12-record-20220116\motor.c"
 128  0010              ;# 128 "E:\2HT66F018_F12\F12-record-20220116\motor.c" 1
 128  0010  0001        	clr wdt
 131  0011              #line 131 "E:\2HT66F018_F12\F12-record-20220116\motor.c"
 131  0011  3CC0        	sz [64].1
 131  0012  2800     R  	jmp _L18
 133  0013              #line 133 "E:\2HT66F018_F12\F12-record-20220116\motor.c"
 133  0013  2000     R  	call _motor_run
 133  0014  0080     E  	mov ra,a
 142  0015              #line 142 "E:\2HT66F018_F12\F12-record-20220116\motor.c"
 142  0015  1080     E  	sz ra
 142  0016  2800     R  	jmp _L20
 144  0017              #line 144 "E:\2HT66F018_F12\F12-record-20220116\motor.c"
 144  0017  0700     R  	mov a,_motor_2[0]
 144  0018  0083        	mov mp,a
 144  0019  0700     R  	mov a,_motor_2[1]
 144  001A  0081        	mov sbp,a
 144  001B  2000     E  	call _Crom2Prom
 144  001C  0080     E  	mov ra,a
 144  001D  3000     E  	set ra.0
 144  001E  0701        	mov a,sbp
 144  001F  0084        	mov bp,a
文件：motor.c      编译器版本 HGASM 0202 页次5

 144  0020  0700     E  	mov a,ra
 144  0021  0082        	mov ir,a
 145  0022              #line 145 "E:\2HT66F018_F12\F12-record-20220116\motor.c"
 145  0022  3000     R  	set _feed_error[0].0
 149  0023              #line 149 "E:\2HT66F018_F12\F12-record-20220116\motor.c"
 149  0023  2800     R  	jmp _L21
 149  0024              _L18:
 137  0024              #line 137 "E:\2HT66F018_F12\F12-record-20220116\motor.c"
 137  0024  1480     R  	inc _motor_2[2]
 137  0025              _L20:
 152  0025              #line 152 "E:\2HT66F018_F12\F12-record-20220116\motor.c"
 152  0025  0F64        	mov a,100
 152  0026  0080     E  	mov _use_delay_us_2[0],a
 152  0027  1F00     E  	clr _use_delay_us_2[1]
 152  0028  2000     E  	call _use_delay_us
 154  0029              #line 154 "E:\2HT66F018_F12\F12-record-20220116\motor.c"
 154  0029  1580     R  	dec _motor_2[2]
 156  002A              #line 156 "E:\2HT66F018_F12\F12-record-20220116\motor.c"
 156  002A  38C0        	snz [64].1
 156  002B  2800     R  	jmp _L23
 156  002C  0F32        	mov a,50
 156  002D  0080     R  	mov _motor_2[3],a
 156  002E              _L25:
 161  002E              #line 161 "E:\2HT66F018_F12\F12-record-20220116\motor.c"
 161  002E  3494        	clr [20].1
 163  002F              #line 163 "E:\2HT66F018_F12\F12-record-20220116\motor.c"
 163  002F  0FE8        	mov a,-24
 163  0030  0080     E  	mov _use_delay_us_2[0],a
 163  0031  0F03        	mov a,3
 163  0032  0080     E  	mov _use_delay_us_2[1],a
 163  0033  2000     E  	call _use_delay_us
 165  0034              #line 165 "E:\2HT66F018_F12\F12-record-20220116\motor.c"
 165  0034  38C0        	snz [64].1
 165  0035  2800     R  	jmp _L23
 165  0036  1780     R  	sdz _motor_2[3]
 165  0037  2800     R  	jmp _L25
 171  0038              #line 171 "E:\2HT66F018_F12\F12-record-20220116\motor.c"
 171  0038  0700     R  	mov a,_motor_2[0]
 171  0039  0083        	mov mp,a
 171  003A  0700     R  	mov a,_motor_2[1]
 171  003B  0081        	mov sbp,a
 171  003C  2000     E  	call _Crom2Prom
 171  003D  0080     R  	mov _motor_2[3],a
 171  003E  0700     R  	mov a,_motor_2[3]
 171  003F  0D03        	or a,3
 171  0040  0080     E  	mov ra,a
 171  0041  0701        	mov a,sbp
 171  0042  0084        	mov bp,a
 171  0043  0700     E  	mov a,ra
 171  0044  0082        	mov ir,a
 172  0045              #line 172 "E:\2HT66F018_F12\F12-record-20220116\motor.c"
 172  0045  0F03        	mov a,3
 172  0046  0580     R  	orm a,_feed_error[0]
 176  0047              #line 176 "E:\2HT66F018_F12\F12-record-20220116\motor.c"
 176  0047  2800     R  	jmp _L21
 176  0048              _L23:
 202  0048              #line 202 "E:\2HT66F018_F12\F12-record-20220116\motor.c"
 202  0048  0700     R  	mov a,_motor_2[0]
 202  0049  0083        	mov mp,a
 202  004A  0700     R  	mov a,_motor_2[1]
文件：motor.c      编译器版本 HGASM 0202 页次6

 202  004B  0081        	mov sbp,a
 202  004C  0701        	mov a,sbp
 202  004D  0084        	mov bp,a
 202  004E  0F00        	mov a,0
 202  004F  0082        	mov ir,a
 204  0050              #line 204 "E:\2HT66F018_F12\F12-record-20220116\motor.c"
 204  0050  1F00     R  	clr _feed_error[0]
 204  0051  2800     R  	jmp _L17
 204  0052              _L21:
 210  0052              #line 210 "E:\2HT66F018_F12\F12-record-20220116\motor.c"
 210  0052  3494        	clr [20].1
 211  0053              #line 211 "E:\2HT66F018_F12\F12-record-20220116\motor.c"
 211  0053  1F00     R  	clr _task_run_motor[0]
 214  0054              #line 214 "E:\2HT66F018_F12\F12-record-20220116\motor.c"
 214  0054  0700     R  	mov a,_motor_2[2]
 214  0055  0080     E  	mov ra,a
 215  0056              #line 215 "E:\2HT66F018_F12\F12-record-20220116\motor.c"
 215  0056  0700     E  	mov a,ra
 215  0057  0003        	ret
 215  0058              _motor endp
 215  0058              #line 215 "E:\2HT66F018_F12\F12-record-20220116\motor.c"
 215  0058              #pragma debug scope 1 1
 215  0058              public _task_run_led
 215  0000              @HCCINIT	.section 'data'
  12  0000              #line 12 "E:\2HT66F018_F12\F12-record-20220116\motor.c"
  12  0000              @HCCINIT .section 'data'
  12  0000              _task_run_led label byte
  12  0000              #pragma debug variable 8 1 _task_run_led "task_run_led"
  12  0000              	db 0
  12  0000              @ROMDATA_BASE .section inpage 'code'
  12  0000              	db 0
  12  0001              @HCCINIT .section 'data'
  12  0001              public _task_run_motor
  11  0001              #line 11 "E:\2HT66F018_F12\F12-record-20220116\motor.c"
  11  0001              @HCCINIT .section 'data'
  11  0001              _task_run_motor label byte
  11  0001              #pragma debug variable 8 1 _task_run_motor "task_run_motor"
  11  0001              	db 0
  11  0001              @ROMDATA_BASE .section inpage 'code'
  11  0001              	db 0
  11  0002              @HCCINIT .section 'data'
  11  0002              public _feed_error
  10  0002              #line 10 "E:\2HT66F018_F12\F12-record-20220116\motor.c"
  10  0002              @HCCINIT .section 'data'
  10  0002              _feed_error label byte
  10  0002              #pragma debug variable 8 1 _feed_error "feed_error"
  10  0002              	db 0
  10  0001              @ROMDATA_BASE .section inpage 'code'
  10  0001              	db 0
  10  0003              @HCCINIT .section 'data'
  10  0003              #pragma debug struct_end
  10  0003              #pragma debug struct_end
  10  0003              #pragma debug union_end
  10  0003              #pragma debug union_end
  10  0003              #pragma debug variable 44 1 ___pa "__pa" 1
  10  0003              #pragma debug struct_end
  10  0003              #pragma debug struct_end
  10  0003              #pragma debug union_end
  10  0003              #pragma debug union_end
  10  0003              #pragma debug variable 46 1 ___pc "__pc" 1
文件：motor.c      编译器版本 HGASM 0202 页次7

  10  0003              
  10  0003              ; output external variables
  10  0003              extern _led_flag:byte
  10  0003              extern _use_delay_us_2:byte
  10  0003              extern _use_delay_us:near
  10  0003              
  10  0003              ; 
  10  0003              ; Generated by holtek-gcc v3.19, Sat Jan 29 10:13:45 2022
  10  0003              ; Rebuild 718
  10  0003              ; end of file


        0 Errors, 0